[0.090s] DEBUG:colcon:Command line arguments: ['/usr/bin/colcon', 'build']
[0.090s] DEBUG:colcon:Parsed command line arguments: Namespace(log_base=None, log_level=None, verb_name='build', build_base='build', install_base='install', merge_install=False, symlink_install=False, test_result_base=None, continue_on_error=False, executor='parallel', parallel_workers=12, event_handlers=None, ignore_user_meta=False, metas=['./colcon.meta'], base_paths=['.'], packages_ignore=None, packages_ignore_regex=None, paths=None, packages_up_to=None, packages_up_to_regex=None, packages_above=None, packages_above_and_dependencies=None, packages_above_depth=None, packages_select_by_dep=None, packages_skip_by_dep=None, packages_skip_up_to=None, packages_select_build_failed=False, packages_skip_build_finished=False, packages_select_test_failures=False, packages_skip_test_passed=False, packages_select=None, packages_skip=None, packages_select_regex=None, packages_skip_regex=None, packages_start=None, packages_end=None, allow_overriding=[], cmake_args=None, cmake_target=None, cmake_target_skip_unavailable=False, cmake_clean_cache=False, cmake_clean_first=False, cmake_force_configure=False, ament_cmake_args=None, catkin_cmake_args=None, catkin_skip_building_tests=False, mixin_files=None, mixin=None, verb_parser=<colcon_mixin.mixin.mixin_argument.MixinArgumentDecorator object at 0x7458cf152890>, verb_extension=<colcon_core.verb.build.BuildVerb object at 0x7458cf152290>, main=<bound method BuildVerb.main of <colcon_core.verb.build.BuildVerb object at 0x7458cf152290>>, mixin_verb=('build',))
[0.239s] Level 1:colcon.colcon_core.package_discovery:discover_packages(colcon_meta) check parameters
[0.239s] Level 1:colcon.colcon_core.package_discovery:discover_packages(recursive) check parameters
[0.239s] Level 1:colcon.colcon_core.package_discovery:discover_packages(ignore) check parameters
[0.239s] Level 1:colcon.colcon_core.package_discovery:discover_packages(path) check parameters
[0.239s] Level 1:colcon.colcon_core.package_discovery:discover_packages(colcon_meta) discover
[0.239s] Level 1:colcon.colcon_core.package_discovery:discover_packages(recursive) discover
[0.239s] INFO:colcon.colcon_core.package_discovery:Crawling recursively for packages in '/home/asu/ika_ws'
[0.239s] Level 1:colcon.colcon_core.package_identification:_identify(.) by extensions ['ignore', 'ignore_ament_install']
[0.239s] Level 1:colcon.colcon_core.package_identification:_identify(.) by extension 'ignore'
[0.239s] Level 1:colcon.colcon_core.package_identification:_identify(.) by extension 'ignore_ament_install'
[0.239s] Level 1:colcon.colcon_core.package_identification:_identify(.) by extensions ['colcon_pkg']
[0.239s] Level 1:colcon.colcon_core.package_identification:_identify(.) by extension 'colcon_pkg'
[0.239s] Level 1:colcon.colcon_core.package_identification:_identify(.) by extensions ['colcon_meta']
[0.239s] Level 1:colcon.colcon_core.package_identification:_identify(.) by extension 'colcon_meta'
[0.239s] Level 1:colcon.colcon_core.package_identification:_identify(.) by extensions ['ros']
[0.239s] Level 1:colcon.colcon_core.package_identification:_identify(.) by extension 'ros'
[0.248s] Level 1:colcon.colcon_core.package_identification:_identify(.) by extensions ['cmake', 'python']
[0.248s] Level 1:colcon.colcon_core.package_identification:_identify(.) by extension 'cmake'
[0.248s] Level 1:colcon.colcon_core.package_identification:_identify(.) by extension 'python'
[0.248s] Level 1:colcon.colcon_core.package_identification:_identify(.) by extensions ['python_setup_py']
[0.248s] Level 1:colcon.colcon_core.package_identification:_identify(.) by extension 'python_setup_py'
[0.248s] Level 1:colcon.colcon_core.package_identification:_identify(build) by extensions ['ignore', 'ignore_ament_install']
[0.248s] Level 1:colcon.colcon_core.package_identification:_identify(build) by extension 'ignore'
[0.248s] Level 1:colcon.colcon_core.package_identification:_identify(build) ignored
[0.248s] Level 1:colcon.colcon_core.package_identification:_identify(install) by extensions ['ignore', 'ignore_ament_install']
[0.248s] Level 1:colcon.colcon_core.package_identification:_identify(install) by extension 'ignore'
[0.248s] Level 1:colcon.colcon_core.package_identification:_identify(install) ignored
[0.248s] Level 1:colcon.colcon_core.package_identification:_identify(log) by extensions ['ignore', 'ignore_ament_install']
[0.248s] Level 1:colcon.colcon_core.package_identification:_identify(log) by extension 'ignore'
[0.248s] Level 1:colcon.colcon_core.package_identification:_identify(log) ignored
[0.248s] Level 1:colcon.colcon_core.package_identification:_identify(src) by extensions ['ignore', 'ignore_ament_install']
[0.248s] Level 1:colcon.colcon_core.package_identification:_identify(src) by extension 'ignore'
[0.248s] Level 1:colcon.colcon_core.package_identification:_identify(src) by extension 'ignore_ament_install'
[0.249s] Level 1:colcon.colcon_core.package_identification:_identify(src) by extensions ['colcon_pkg']
[0.249s] Level 1:colcon.colcon_core.package_identification:_identify(src) by extension 'colcon_pkg'
[0.249s] Level 1:colcon.colcon_core.package_identification:_identify(src) by extensions ['colcon_meta']
[0.249s] Level 1:colcon.colcon_core.package_identification:_identify(src) by extension 'colcon_meta'
[0.249s] Level 1:colcon.colcon_core.package_identification:_identify(src) by extensions ['ros']
[0.249s] Level 1:colcon.colcon_core.package_identification:_identify(src) by extension 'ros'
[0.249s] Level 1:colcon.colcon_core.package_identification:_identify(src) by extensions ['cmake', 'python']
[0.249s] Level 1:colcon.colcon_core.package_identification:_identify(src) by extension 'cmake'
[0.249s] Level 1:colcon.colcon_core.package_identification:_identify(src) by extension 'python'
[0.249s] Level 1:colcon.colcon_core.package_identification:_identify(src) by extensions ['python_setup_py']
[0.249s] Level 1:colcon.colcon_core.package_identification:_identify(src) by extension 'python_setup_py'
[0.249s] Level 1:colcon.colcon_core.package_identification:_identify(src/camera_interface) by extensions ['ignore', 'ignore_ament_install']
[0.249s] Level 1:colcon.colcon_core.package_identification:_identify(src/camera_interface) by extension 'ignore'
[0.249s] Level 1:colcon.colcon_core.package_identification:_identify(src/camera_interface) by extension 'ignore_ament_install'
[0.249s] Level 1:colcon.colcon_core.package_identification:_identify(src/camera_interface) by extensions ['colcon_pkg']
[0.249s] Level 1:colcon.colcon_core.package_identification:_identify(src/camera_interface) by extension 'colcon_pkg'
[0.249s] Level 1:colcon.colcon_core.package_identification:_identify(src/camera_interface) by extensions ['colcon_meta']
[0.249s] Level 1:colcon.colcon_core.package_identification:_identify(src/camera_interface) by extension 'colcon_meta'
[0.249s] Level 1:colcon.colcon_core.package_identification:_identify(src/camera_interface) by extensions ['ros']
[0.249s] Level 1:colcon.colcon_core.package_identification:_identify(src/camera_interface) by extension 'ros'
[0.251s] DEBUG:colcon.colcon_core.package_identification:Package 'src/camera_interface' with type 'ros.ament_python' and name 'camera_interface'
[0.251s] Level 1:colcon.colcon_core.package_identification:_identify(src/realsense-ros) by extensions ['ignore', 'ignore_ament_install']
[0.251s] Level 1:colcon.colcon_core.package_identification:_identify(src/realsense-ros) by extension 'ignore'
[0.251s] Level 1:colcon.colcon_core.package_identification:_identify(src/realsense-ros) by extension 'ignore_ament_install'
[0.251s] Level 1:colcon.colcon_core.package_identification:_identify(src/realsense-ros) by extensions ['colcon_pkg']
[0.251s] Level 1:colcon.colcon_core.package_identification:_identify(src/realsense-ros) by extension 'colcon_pkg'
[0.251s] Level 1:colcon.colcon_core.package_identification:_identify(src/realsense-ros) by extensions ['colcon_meta']
[0.251s] Level 1:colcon.colcon_core.package_identification:_identify(src/realsense-ros) by extension 'colcon_meta'
[0.251s] Level 1:colcon.colcon_core.package_identification:_identify(src/realsense-ros) by extensions ['ros']
[0.251s] Level 1:colcon.colcon_core.package_identification:_identify(src/realsense-ros) by extension 'ros'
[0.252s] Level 1:colcon.colcon_core.package_identification:_identify(src/realsense-ros) by extensions ['cmake', 'python']
[0.252s] Level 1:colcon.colcon_core.package_identification:_identify(src/realsense-ros) by extension 'cmake'
[0.252s] Level 1:colcon.colcon_core.package_identification:_identify(src/realsense-ros) by extension 'python'
[0.252s] Level 1:colcon.colcon_core.package_identification:_identify(src/realsense-ros) by extensions ['python_setup_py']
[0.252s] Level 1:colcon.colcon_core.package_identification:_identify(src/realsense-ros) by extension 'python_setup_py'
[0.252s] Level 1:colcon.colcon_core.package_identification:_identify(src/realsense-ros/realsense2_camera) by extensions ['ignore', 'ignore_ament_install']
[0.252s] Level 1:colcon.colcon_core.package_identification:_identify(src/realsense-ros/realsense2_camera) by extension 'ignore'
[0.252s] Level 1:colcon.colcon_core.package_identification:_identify(src/realsense-ros/realsense2_camera) by extension 'ignore_ament_install'
[0.252s] Level 1:colcon.colcon_core.package_identification:_identify(src/realsense-ros/realsense2_camera) by extensions ['colcon_pkg']
[0.252s] Level 1:colcon.colcon_core.package_identification:_identify(src/realsense-ros/realsense2_camera) by extension 'colcon_pkg'
[0.252s] Level 1:colcon.colcon_core.package_identification:_identify(src/realsense-ros/realsense2_camera) by extensions ['colcon_meta']
[0.252s] Level 1:colcon.colcon_core.package_identification:_identify(src/realsense-ros/realsense2_camera) by extension 'colcon_meta'
[0.252s] Level 1:colcon.colcon_core.package_identification:_identify(src/realsense-ros/realsense2_camera) by extensions ['ros']
[0.252s] Level 1:colcon.colcon_core.package_identification:_identify(src/realsense-ros/realsense2_camera) by extension 'ros'
[0.253s] DEBUG:colcon.colcon_core.package_identification:Package 'src/realsense-ros/realsense2_camera' with type 'ros.ament_cmake' and name 'realsense2_camera'
[0.253s] Level 1:colcon.colcon_core.package_identification:_identify(src/realsense-ros/realsense2_camera_msgs) by extensions ['ignore', 'ignore_ament_install']
[0.254s] Level 1:colcon.colcon_core.package_identification:_identify(src/realsense-ros/realsense2_camera_msgs) by extension 'ignore'
[0.254s] Level 1:colcon.colcon_core.package_identification:_identify(src/realsense-ros/realsense2_camera_msgs) by extension 'ignore_ament_install'
[0.254s] Level 1:colcon.colcon_core.package_identification:_identify(src/realsense-ros/realsense2_camera_msgs) by extensions ['colcon_pkg']
[0.254s] Level 1:colcon.colcon_core.package_identification:_identify(src/realsense-ros/realsense2_camera_msgs) by extension 'colcon_pkg'
[0.254s] Level 1:colcon.colcon_core.package_identification:_identify(src/realsense-ros/realsense2_camera_msgs) by extensions ['colcon_meta']
[0.254s] Level 1:colcon.colcon_core.package_identification:_identify(src/realsense-ros/realsense2_camera_msgs) by extension 'colcon_meta'
[0.254s] Level 1:colcon.colcon_core.package_identification:_identify(src/realsense-ros/realsense2_camera_msgs) by extensions ['ros']
[0.254s] Level 1:colcon.colcon_core.package_identification:_identify(src/realsense-ros/realsense2_camera_msgs) by extension 'ros'
[0.254s] DEBUG:colcon.colcon_core.package_identification:Package 'src/realsense-ros/realsense2_camera_msgs' with type 'ros.ament_cmake' and name 'realsense2_camera_msgs'
[0.254s] Level 1:colcon.colcon_core.package_identification:_identify(src/realsense-ros/realsense2_description) by extensions ['ignore', 'ignore_ament_install']
[0.254s] Level 1:colcon.colcon_core.package_identification:_identify(src/realsense-ros/realsense2_description) by extension 'ignore'
[0.254s] Level 1:colcon.colcon_core.package_identification:_identify(src/realsense-ros/realsense2_description) by extension 'ignore_ament_install'
[0.255s] Level 1:colcon.colcon_core.package_identification:_identify(src/realsense-ros/realsense2_description) by extensions ['colcon_pkg']
[0.255s] Level 1:colcon.colcon_core.package_identification:_identify(src/realsense-ros/realsense2_description) by extension 'colcon_pkg'
[0.255s] Level 1:colcon.colcon_core.package_identification:_identify(src/realsense-ros/realsense2_description) by extensions ['colcon_meta']
[0.255s] Level 1:colcon.colcon_core.package_identification:_identify(src/realsense-ros/realsense2_description) by extension 'colcon_meta'
[0.255s] Level 1:colcon.colcon_core.package_identification:_identify(src/realsense-ros/realsense2_description) by extensions ['ros']
[0.255s] Level 1:colcon.colcon_core.package_identification:_identify(src/realsense-ros/realsense2_description) by extension 'ros'
[0.256s] DEBUG:colcon.colcon_core.package_identification:Package 'src/realsense-ros/realsense2_description' with type 'ros.ament_cmake' and name 'realsense2_description'
[0.256s] Level 1:colcon.colcon_core.package_identification:_identify(src/realsense-ros/scripts) by extensions ['ignore', 'ignore_ament_install']
[0.256s] Level 1:colcon.colcon_core.package_identification:_identify(src/realsense-ros/scripts) by extension 'ignore'
[0.256s] Level 1:colcon.colcon_core.package_identification:_identify(src/realsense-ros/scripts) by extension 'ignore_ament_install'
[0.256s] Level 1:colcon.colcon_core.package_identification:_identify(src/realsense-ros/scripts) by extensions ['colcon_pkg']
[0.256s] Level 1:colcon.colcon_core.package_identification:_identify(src/realsense-ros/scripts) by extension 'colcon_pkg'
[0.256s] Level 1:colcon.colcon_core.package_identification:_identify(src/realsense-ros/scripts) by extensions ['colcon_meta']
[0.256s] Level 1:colcon.colcon_core.package_identification:_identify(src/realsense-ros/scripts) by extension 'colcon_meta'
[0.256s] Level 1:colcon.colcon_core.package_identification:_identify(src/realsense-ros/scripts) by extensions ['ros']
[0.256s] Level 1:colcon.colcon_core.package_identification:_identify(src/realsense-ros/scripts) by extension 'ros'
[0.256s] Level 1:colcon.colcon_core.package_identification:_identify(src/realsense-ros/scripts) by extensions ['cmake', 'python']
[0.256s] Level 1:colcon.colcon_core.package_identification:_identify(src/realsense-ros/scripts) by extension 'cmake'
[0.256s] Level 1:colcon.colcon_core.package_identification:_identify(src/realsense-ros/scripts) by extension 'python'
[0.257s] Level 1:colcon.colcon_core.package_identification:_identify(src/realsense-ros/scripts) by extensions ['python_setup_py']
[0.257s] Level 1:colcon.colcon_core.package_identification:_identify(src/realsense-ros/scripts) by extension 'python_setup_py'
[0.257s] Level 1:colcon.colcon_core.package_identification:_identify(src/sllidar_ros2) by extensions ['ignore', 'ignore_ament_install']
[0.257s] Level 1:colcon.colcon_core.package_identification:_identify(src/sllidar_ros2) by extension 'ignore'
[0.257s] Level 1:colcon.colcon_core.package_identification:_identify(src/sllidar_ros2) by extension 'ignore_ament_install'
[0.257s] Level 1:colcon.colcon_core.package_identification:_identify(src/sllidar_ros2) by extensions ['colcon_pkg']
[0.257s] Level 1:colcon.colcon_core.package_identification:_identify(src/sllidar_ros2) by extension 'colcon_pkg'
[0.257s] Level 1:colcon.colcon_core.package_identification:_identify(src/sllidar_ros2) by extensions ['colcon_meta']
[0.257s] Level 1:colcon.colcon_core.package_identification:_identify(src/sllidar_ros2) by extension 'colcon_meta'
[0.257s] Level 1:colcon.colcon_core.package_identification:_identify(src/sllidar_ros2) by extensions ['ros']
[0.257s] Level 1:colcon.colcon_core.package_identification:_identify(src/sllidar_ros2) by extension 'ros'
[0.257s] DEBUG:colcon.colcon_core.package_identification:Package 'src/sllidar_ros2' with type 'ros.ament_cmake' and name 'sllidar_ros2'
[0.257s] Level 1:colcon.colcon_core.package_discovery:discover_packages(recursive) using defaults
[0.258s] Level 1:colcon.colcon_core.package_discovery:discover_packages(ignore) discover
[0.258s] Level 1:colcon.colcon_core.package_discovery:discover_packages(ignore) using defaults
[0.258s] Level 1:colcon.colcon_core.package_discovery:discover_packages(path) discover
[0.258s] Level 1:colcon.colcon_core.package_discovery:discover_packages(path) using defaults
[0.281s] Level 1:colcon.colcon_core.package_discovery:discover_packages(prefix_path) check parameters
[0.281s] Level 1:colcon.colcon_core.package_discovery:discover_packages(prefix_path) discover
[0.283s] DEBUG:colcon.colcon_installed_package_information.package_discovery:Found 5 installed packages in /home/asu/ika_ws/install
[0.284s] DEBUG:colcon.colcon_installed_package_information.package_discovery:Found 360 installed packages in /opt/ros/humble
[0.285s] Level 1:colcon.colcon_core.package_discovery:discover_packages(prefix_path) using defaults
[0.323s] Level 5:colcon.colcon_core.verb:set package 'camera_interface' build argument 'cmake_args' from command line to 'None'
[0.323s] Level 5:colcon.colcon_core.verb:set package 'camera_interface' build argument 'cmake_target' from command line to 'None'
[0.323s] Level 5:colcon.colcon_core.verb:set package 'camera_interface' build argument 'cmake_target_skip_unavailable' from command line to 'False'
[0.323s] Level 5:colcon.colcon_core.verb:set package 'camera_interface' build argument 'cmake_clean_cache' from command line to 'False'
[0.323s] Level 5:colcon.colcon_core.verb:set package 'camera_interface' build argument 'cmake_clean_first' from command line to 'False'
[0.323s] Level 5:colcon.colcon_core.verb:set package 'camera_interface' build argument 'cmake_force_configure' from command line to 'False'
[0.323s] Level 5:colcon.colcon_core.verb:set package 'camera_interface' build argument 'ament_cmake_args' from command line to 'None'
[0.323s] Level 5:colcon.colcon_core.verb:set package 'camera_interface' build argument 'catkin_cmake_args' from command line to 'None'
[0.323s] Level 5:colcon.colcon_core.verb:set package 'camera_interface' build argument 'catkin_skip_building_tests' from command line to 'False'
[0.323s] DEBUG:colcon.colcon_core.verb:Building package 'camera_interface' with the following arguments: {'ament_cmake_args': None, 'build_base': '/home/asu/ika_ws/build/camera_interface', 'catkin_cmake_args': None, 'catkin_skip_building_tests': False, 'cmake_args': None, 'cmake_clean_cache': False, 'cmake_clean_first': False, 'cmake_force_configure': False, 'cmake_target': None, 'cmake_target_skip_unavailable': False, 'install_base': '/home/asu/ika_ws/install/camera_interface', 'merge_install': False, 'path': '/home/asu/ika_ws/src/camera_interface', 'symlink_install': False, 'test_result_base': None}
[0.323s] Level 5:colcon.colcon_core.verb:set package 'realsense2_camera_msgs' build argument 'cmake_args' from command line to 'None'
[0.323s] Level 5:colcon.colcon_core.verb:set package 'realsense2_camera_msgs' build argument 'cmake_target' from command line to 'None'
[0.323s] Level 5:colcon.colcon_core.verb:set package 'realsense2_camera_msgs' build argument 'cmake_target_skip_unavailable' from command line to 'False'
[0.323s] Level 5:colcon.colcon_core.verb:set package 'realsense2_camera_msgs' build argument 'cmake_clean_cache' from command line to 'False'
[0.323s] Level 5:colcon.colcon_core.verb:set package 'realsense2_camera_msgs' build argument 'cmake_clean_first' from command line to 'False'
[0.323s] Level 5:colcon.colcon_core.verb:set package 'realsense2_camera_msgs' build argument 'cmake_force_configure' from command line to 'False'
[0.323s] Level 5:colcon.colcon_core.verb:set package 'realsense2_camera_msgs' build argument 'ament_cmake_args' from command line to 'None'
[0.323s] Level 5:colcon.colcon_core.verb:set package 'realsense2_camera_msgs' build argument 'catkin_cmake_args' from command line to 'None'
[0.323s] Level 5:colcon.colcon_core.verb:set package 'realsense2_camera_msgs' build argument 'catkin_skip_building_tests' from command line to 'False'
[0.323s] DEBUG:colcon.colcon_core.verb:Building package 'realsense2_camera_msgs' with the following arguments: {'ament_cmake_args': None, 'build_base': '/home/asu/ika_ws/build/realsense2_camera_msgs', 'catkin_cmake_args': None, 'catkin_skip_building_tests': False, 'cmake_args': None, 'cmake_clean_cache': False, 'cmake_clean_first': False, 'cmake_force_configure': False, 'cmake_target': None, 'cmake_target_skip_unavailable': False, 'install_base': '/home/asu/ika_ws/install/realsense2_camera_msgs', 'merge_install': False, 'path': '/home/asu/ika_ws/src/realsense-ros/realsense2_camera_msgs', 'symlink_install': False, 'test_result_base': None}
[0.324s] Level 5:colcon.colcon_core.verb:set package 'sllidar_ros2' build argument 'cmake_args' from command line to 'None'
[0.324s] Level 5:colcon.colcon_core.verb:set package 'sllidar_ros2' build argument 'cmake_target' from command line to 'None'
[0.324s] Level 5:colcon.colcon_core.verb:set package 'sllidar_ros2' build argument 'cmake_target_skip_unavailable' from command line to 'False'
[0.324s] Level 5:colcon.colcon_core.verb:set package 'sllidar_ros2' build argument 'cmake_clean_cache' from command line to 'False'
[0.324s] Level 5:colcon.colcon_core.verb:set package 'sllidar_ros2' build argument 'cmake_clean_first' from command line to 'False'
[0.324s] Level 5:colcon.colcon_core.verb:set package 'sllidar_ros2' build argument 'cmake_force_configure' from command line to 'False'
[0.324s] Level 5:colcon.colcon_core.verb:set package 'sllidar_ros2' build argument 'ament_cmake_args' from command line to 'None'
[0.324s] Level 5:colcon.colcon_core.verb:set package 'sllidar_ros2' build argument 'catkin_cmake_args' from command line to 'None'
[0.324s] Level 5:colcon.colcon_core.verb:set package 'sllidar_ros2' build argument 'catkin_skip_building_tests' from command line to 'False'
[0.324s] DEBUG:colcon.colcon_core.verb:Building package 'sllidar_ros2' with the following arguments: {'ament_cmake_args': None, 'build_base': '/home/asu/ika_ws/build/sllidar_ros2', 'catkin_cmake_args': None, 'catkin_skip_building_tests': False, 'cmake_args': None, 'cmake_clean_cache': False, 'cmake_clean_first': False, 'cmake_force_configure': False, 'cmake_target': None, 'cmake_target_skip_unavailable': False, 'install_base': '/home/asu/ika_ws/install/sllidar_ros2', 'merge_install': False, 'path': '/home/asu/ika_ws/src/sllidar_ros2', 'symlink_install': False, 'test_result_base': None}
[0.324s] Level 5:colcon.colcon_core.verb:set package 'realsense2_camera' build argument 'cmake_args' from command line to 'None'
[0.324s] Level 5:colcon.colcon_core.verb:set package 'realsense2_camera' build argument 'cmake_target' from command line to 'None'
[0.324s] Level 5:colcon.colcon_core.verb:set package 'realsense2_camera' build argument 'cmake_target_skip_unavailable' from command line to 'False'
[0.324s] Level 5:colcon.colcon_core.verb:set package 'realsense2_camera' build argument 'cmake_clean_cache' from command line to 'False'
[0.324s] Level 5:colcon.colcon_core.verb:set package 'realsense2_camera' build argument 'cmake_clean_first' from command line to 'False'
[0.324s] Level 5:colcon.colcon_core.verb:set package 'realsense2_camera' build argument 'cmake_force_configure' from command line to 'False'
[0.324s] Level 5:colcon.colcon_core.verb:set package 'realsense2_camera' build argument 'ament_cmake_args' from command line to 'None'
[0.324s] Level 5:colcon.colcon_core.verb:set package 'realsense2_camera' build argument 'catkin_cmake_args' from command line to 'None'
[0.324s] Level 5:colcon.colcon_core.verb:set package 'realsense2_camera' build argument 'catkin_skip_building_tests' from command line to 'False'
[0.324s] DEBUG:colcon.colcon_core.verb:Building package 'realsense2_camera' with the following arguments: {'ament_cmake_args': None, 'build_base': '/home/asu/ika_ws/build/realsense2_camera', 'catkin_cmake_args': None, 'catkin_skip_building_tests': False, 'cmake_args': None, 'cmake_clean_cache': False, 'cmake_clean_first': False, 'cmake_force_configure': False, 'cmake_target': None, 'cmake_target_skip_unavailable': False, 'install_base': '/home/asu/ika_ws/install/realsense2_camera', 'merge_install': False, 'path': '/home/asu/ika_ws/src/realsense-ros/realsense2_camera', 'symlink_install': False, 'test_result_base': None}
[0.325s] Level 5:colcon.colcon_core.verb:set package 'realsense2_description' build argument 'cmake_args' from command line to 'None'
[0.325s] Level 5:colcon.colcon_core.verb:set package 'realsense2_description' build argument 'cmake_target' from command line to 'None'
[0.325s] Level 5:colcon.colcon_core.verb:set package 'realsense2_description' build argument 'cmake_target_skip_unavailable' from command line to 'False'
[0.325s] Level 5:colcon.colcon_core.verb:set package 'realsense2_description' build argument 'cmake_clean_cache' from command line to 'False'
[0.325s] Level 5:colcon.colcon_core.verb:set package 'realsense2_description' build argument 'cmake_clean_first' from command line to 'False'
[0.325s] Level 5:colcon.colcon_core.verb:set package 'realsense2_description' build argument 'cmake_force_configure' from command line to 'False'
[0.325s] Level 5:colcon.colcon_core.verb:set package 'realsense2_description' build argument 'ament_cmake_args' from command line to 'None'
[0.325s] Level 5:colcon.colcon_core.verb:set package 'realsense2_description' build argument 'catkin_cmake_args' from command line to 'None'
[0.325s] Level 5:colcon.colcon_core.verb:set package 'realsense2_description' build argument 'catkin_skip_building_tests' from command line to 'False'
[0.325s] DEBUG:colcon.colcon_core.verb:Building package 'realsense2_description' with the following arguments: {'ament_cmake_args': None, 'build_base': '/home/asu/ika_ws/build/realsense2_description', 'catkin_cmake_args': None, 'catkin_skip_building_tests': False, 'cmake_args': None, 'cmake_clean_cache': False, 'cmake_clean_first': False, 'cmake_force_configure': False, 'cmake_target': None, 'cmake_target_skip_unavailable': False, 'install_base': '/home/asu/ika_ws/install/realsense2_description', 'merge_install': False, 'path': '/home/asu/ika_ws/src/realsense-ros/realsense2_description', 'symlink_install': False, 'test_result_base': None}
[0.325s] INFO:colcon.colcon_core.executor:Executing jobs using 'parallel' executor
[0.326s] DEBUG:colcon.colcon_parallel_executor.executor.parallel:run_until_complete
[0.326s] INFO:colcon.colcon_ros.task.ament_cmake.build:Building ROS package in '/home/asu/ika_ws/src/realsense-ros/realsense2_camera_msgs' with build type 'ament_cmake'
[0.326s] INFO:colcon.colcon_cmake.task.cmake.build:Building CMake package in '/home/asu/ika_ws/src/realsense-ros/realsense2_camera_msgs'
[0.328s] INFO:colcon.colcon_core.plugin_system:Skipping extension 'colcon_core.shell.bat': Not used on non-Windows systems
[0.328s] INFO:colcon.colcon_core.shell:Skip shell extension 'powershell' for command environment: Not usable outside of PowerShell
[0.328s] DEBUG:colcon.colcon_core.shell:Skip shell extension 'dsv' for command environment
[0.331s] INFO:colcon.colcon_ros.task.ament_python.build:Building ROS package in '/home/asu/ika_ws/src/camera_interface' with build type 'ament_python'
[0.332s] Level 1:colcon.colcon_core.shell:create_environment_hook('camera_interface', 'ament_prefix_path')
[0.332s] INFO:colcon.colcon_core.shell:Creating environment hook '/home/asu/ika_ws/install/camera_interface/share/camera_interface/hook/ament_prefix_path.ps1'
[0.333s] INFO:colcon.colcon_core.shell:Creating environment descriptor '/home/asu/ika_ws/install/camera_interface/share/camera_interface/hook/ament_prefix_path.dsv'
[0.333s] INFO:colcon.colcon_core.shell:Creating environment hook '/home/asu/ika_ws/install/camera_interface/share/camera_interface/hook/ament_prefix_path.sh'
[0.333s] INFO:colcon.colcon_core.shell:Skip shell extension 'powershell' for command environment: Not usable outside of PowerShell
[0.334s] DEBUG:colcon.colcon_core.shell:Skip shell extension 'dsv' for command environment
[0.336s] INFO:colcon.colcon_ros.task.ament_cmake.build:Building ROS package in '/home/asu/ika_ws/src/sllidar_ros2' with build type 'ament_cmake'
[0.336s] INFO:colcon.colcon_cmake.task.cmake.build:Building CMake package in '/home/asu/ika_ws/src/sllidar_ros2'
[0.336s] INFO:colcon.colcon_core.shell:Skip shell extension 'powershell' for command environment: Not usable outside of PowerShell
[0.336s] DEBUG:colcon.colcon_core.shell:Skip shell extension 'dsv' for command environment
[0.343s] DEBUG:colcon.colcon_core.event_handler.log_command:Invoking command in '/home/asu/ika_ws/build/realsense2_camera_msgs': CMAKE_PREFIX_PATH=${CMAKE_PREFIX_PATH}:/home/asu/ika_ws/install/camera_interface:/opt/ros/humble /usr/bin/cmake --build /home/asu/ika_ws/build/realsense2_camera_msgs -- -j12 -l12
[0.587s] INFO:colcon.colcon_core.task.python.build:Building Python package in '/home/asu/ika_ws/src/camera_interface'
[0.587s] INFO:colcon.colcon_core.shell:Skip shell extension 'powershell' for command environment: Not usable outside of PowerShell
[0.587s] DEBUG:colcon.colcon_core.shell:Skip shell extension 'dsv' for command environment
[0.594s] DEBUG:colcon.colcon_core.event_handler.log_command:Invoking command in '/home/asu/ika_ws/build/sllidar_ros2': CMAKE_PREFIX_PATH=${CMAKE_PREFIX_PATH}:/home/asu/ika_ws/install/camera_interface:/opt/ros/humble /usr/bin/cmake --build /home/asu/ika_ws/build/sllidar_ros2 -- -j12 -l12
[0.651s] DEBUG:colcon.colcon_core.event_handler.log_command:Invoked command in '/home/asu/ika_ws/build/sllidar_ros2' returned '0': CMAKE_PREFIX_PATH=${CMAKE_PREFIX_PATH}:/home/asu/ika_ws/install/camera_interface:/opt/ros/humble /usr/bin/cmake --build /home/asu/ika_ws/build/sllidar_ros2 -- -j12 -l12
[0.659s] DEBUG:colcon.colcon_core.event_handler.log_command:Invoking command in '/home/asu/ika_ws/build/sllidar_ros2': CMAKE_PREFIX_PATH=${CMAKE_PREFIX_PATH}:/home/asu/ika_ws/install/camera_interface:/opt/ros/humble /usr/bin/cmake --install /home/asu/ika_ws/build/sllidar_ros2
[0.660s] DEBUG:colcon.colcon_core.event_handler.log_command:Invoked command in '/home/asu/ika_ws/build/realsense2_camera_msgs' returned '0': CMAKE_PREFIX_PATH=${CMAKE_PREFIX_PATH}:/home/asu/ika_ws/install/camera_interface:/opt/ros/humble /usr/bin/cmake --build /home/asu/ika_ws/build/realsense2_camera_msgs -- -j12 -l12
[0.662s] DEBUG:colcon.colcon_core.event_handler.log_command:Invoking command in '/home/asu/ika_ws/build/realsense2_camera_msgs': CMAKE_PREFIX_PATH=${CMAKE_PREFIX_PATH}:/home/asu/ika_ws/install/camera_interface:/opt/ros/humble /usr/bin/cmake --install /home/asu/ika_ws/build/realsense2_camera_msgs
[0.669s] Level 1:colcon.colcon_core.environment:create_environment_scripts_only(sllidar_ros2)
[0.678s] DEBUG:colcon.colcon_core.event_handler.log_command:Invoked command in '/home/asu/ika_ws/build/sllidar_ros2' returned '0': CMAKE_PREFIX_PATH=${CMAKE_PREFIX_PATH}:/home/asu/ika_ws/install/camera_interface:/opt/ros/humble /usr/bin/cmake --install /home/asu/ika_ws/build/sllidar_ros2
[0.680s] Level 1:colcon.colcon_core.environment:checking '/home/asu/ika_ws/install/sllidar_ros2' for CMake module files
[0.681s] Level 1:colcon.colcon_core.environment:checking '/home/asu/ika_ws/install/sllidar_ros2' for CMake config files
[0.683s] Level 1:colcon.colcon_core.shell:create_environment_hook('sllidar_ros2', 'cmake_prefix_path')
[0.683s] INFO:colcon.colcon_core.shell:Creating environment hook '/home/asu/ika_ws/install/sllidar_ros2/share/sllidar_ros2/hook/cmake_prefix_path.ps1'
[0.684s] INFO:colcon.colcon_core.shell:Creating environment descriptor '/home/asu/ika_ws/install/sllidar_ros2/share/sllidar_ros2/hook/cmake_prefix_path.dsv'
[0.685s] INFO:colcon.colcon_core.shell:Creating environment hook '/home/asu/ika_ws/install/sllidar_ros2/share/sllidar_ros2/hook/cmake_prefix_path.sh'
[0.686s] Level 1:colcon.colcon_core.environment:checking '/home/asu/ika_ws/install/sllidar_ros2/lib'
[0.687s] Level 1:colcon.colcon_core.environment:checking '/home/asu/ika_ws/install/sllidar_ros2/bin'
[0.687s] Level 1:colcon.colcon_core.environment:checking '/home/asu/ika_ws/install/sllidar_ros2/lib/pkgconfig/sllidar_ros2.pc'
[0.687s] Level 1:colcon.colcon_core.environment:checking '/home/asu/ika_ws/install/sllidar_ros2/lib/python3.10/site-packages'
[0.688s] Level 1:colcon.colcon_core.environment:checking '/home/asu/ika_ws/install/sllidar_ros2/bin'
[0.688s] INFO:colcon.colcon_core.shell:Creating package script '/home/asu/ika_ws/install/sllidar_ros2/share/sllidar_ros2/package.ps1'
[0.689s] INFO:colcon.colcon_core.shell:Creating package descriptor '/home/asu/ika_ws/install/sllidar_ros2/share/sllidar_ros2/package.dsv'
[0.690s] INFO:colcon.colcon_core.shell:Creating package script '/home/asu/ika_ws/install/sllidar_ros2/share/sllidar_ros2/package.sh'
[0.692s] INFO:colcon.colcon_core.shell:Creating package script '/home/asu/ika_ws/install/sllidar_ros2/share/sllidar_ros2/package.bash'
[0.693s] INFO:colcon.colcon_core.shell:Creating package script '/home/asu/ika_ws/install/sllidar_ros2/share/sllidar_ros2/package.zsh'
[0.694s] Level 1:colcon.colcon_core.environment:create_file_with_runtime_dependencies(/home/asu/ika_ws/install/sllidar_ros2/share/colcon-core/packages/sllidar_ros2)
[0.695s] Level 1:colcon.colcon_core.environment:create_environment_scripts_only(sllidar_ros2)
[0.696s] Level 1:colcon.colcon_core.environment:checking '/home/asu/ika_ws/install/sllidar_ros2' for CMake module files
[0.697s] Level 1:colcon.colcon_core.environment:checking '/home/asu/ika_ws/install/sllidar_ros2' for CMake config files
[0.700s] Level 1:colcon.colcon_core.shell:create_environment_hook('sllidar_ros2', 'cmake_prefix_path')
[0.700s] INFO:colcon.colcon_core.shell:Creating environment hook '/home/asu/ika_ws/install/sllidar_ros2/share/sllidar_ros2/hook/cmake_prefix_path.ps1'
[0.701s] INFO:colcon.colcon_core.shell:Creating environment descriptor '/home/asu/ika_ws/install/sllidar_ros2/share/sllidar_ros2/hook/cmake_prefix_path.dsv'
[0.701s] INFO:colcon.colcon_core.shell:Creating environment hook '/home/asu/ika_ws/install/sllidar_ros2/share/sllidar_ros2/hook/cmake_prefix_path.sh'
[0.702s] Level 1:colcon.colcon_core.environment:checking '/home/asu/ika_ws/install/sllidar_ros2/lib'
[0.702s] Level 1:colcon.colcon_core.environment:checking '/home/asu/ika_ws/install/sllidar_ros2/bin'
[0.702s] Level 1:colcon.colcon_core.environment:checking '/home/asu/ika_ws/install/sllidar_ros2/lib/pkgconfig/sllidar_ros2.pc'
[0.702s] Level 1:colcon.colcon_core.environment:checking '/home/asu/ika_ws/install/sllidar_ros2/lib/python3.10/site-packages'
[0.703s] Level 1:colcon.colcon_core.environment:checking '/home/asu/ika_ws/install/sllidar_ros2/bin'
[0.703s] INFO:colcon.colcon_core.shell:Creating package script '/home/asu/ika_ws/install/sllidar_ros2/share/sllidar_ros2/package.ps1'
[0.703s] INFO:colcon.colcon_core.shell:Creating package descriptor '/home/asu/ika_ws/install/sllidar_ros2/share/sllidar_ros2/package.dsv'
[0.704s] INFO:colcon.colcon_core.shell:Creating package script '/home/asu/ika_ws/install/sllidar_ros2/share/sllidar_ros2/package.sh'
[0.704s] INFO:colcon.colcon_core.shell:Creating package script '/home/asu/ika_ws/install/sllidar_ros2/share/sllidar_ros2/package.bash'
[0.705s] INFO:colcon.colcon_core.shell:Creating package script '/home/asu/ika_ws/install/sllidar_ros2/share/sllidar_ros2/package.zsh'
[0.705s] Level 1:colcon.colcon_core.environment:create_file_with_runtime_dependencies(/home/asu/ika_ws/install/sllidar_ros2/share/colcon-core/packages/sllidar_ros2)
[0.718s] Level 1:colcon.colcon_core.environment:create_environment_scripts_only(realsense2_camera_msgs)
[0.718s] Level 1:colcon.colcon_core.environment:checking '/home/asu/ika_ws/install/realsense2_camera_msgs' for CMake module files
[0.720s] Level 1:colcon.colcon_core.environment:checking '/home/asu/ika_ws/install/realsense2_camera_msgs' for CMake config files
[0.720s] DEBUG:colcon.colcon_core.event_handler.log_command:Invoked command in '/home/asu/ika_ws/build/realsense2_camera_msgs' returned '0': CMAKE_PREFIX_PATH=${CMAKE_PREFIX_PATH}:/home/asu/ika_ws/install/camera_interface:/opt/ros/humble /usr/bin/cmake --install /home/asu/ika_ws/build/realsense2_camera_msgs
[0.721s] Level 1:colcon.colcon_core.shell:create_environment_hook('realsense2_camera_msgs', 'cmake_prefix_path')
[0.722s] INFO:colcon.colcon_core.shell:Creating environment hook '/home/asu/ika_ws/install/realsense2_camera_msgs/share/realsense2_camera_msgs/hook/cmake_prefix_path.ps1'
[0.722s] INFO:colcon.colcon_core.shell:Creating environment descriptor '/home/asu/ika_ws/install/realsense2_camera_msgs/share/realsense2_camera_msgs/hook/cmake_prefix_path.dsv'
[0.723s] INFO:colcon.colcon_core.shell:Creating environment hook '/home/asu/ika_ws/install/realsense2_camera_msgs/share/realsense2_camera_msgs/hook/cmake_prefix_path.sh'
[0.723s] Level 1:colcon.colcon_core.environment:checking '/home/asu/ika_ws/install/realsense2_camera_msgs/lib'
[0.723s] Level 1:colcon.colcon_core.shell:create_environment_hook('realsense2_camera_msgs', 'ld_library_path_lib')
[0.724s] INFO:colcon.colcon_core.shell:Creating environment hook '/home/asu/ika_ws/install/realsense2_camera_msgs/share/realsense2_camera_msgs/hook/ld_library_path_lib.ps1'
[0.724s] INFO:colcon.colcon_core.shell:Creating environment descriptor '/home/asu/ika_ws/install/realsense2_camera_msgs/share/realsense2_camera_msgs/hook/ld_library_path_lib.dsv'
[0.724s] INFO:colcon.colcon_core.shell:Creating environment hook '/home/asu/ika_ws/install/realsense2_camera_msgs/share/realsense2_camera_msgs/hook/ld_library_path_lib.sh'
[0.725s] Level 1:colcon.colcon_core.environment:checking '/home/asu/ika_ws/install/realsense2_camera_msgs/bin'
[0.725s] Level 1:colcon.colcon_core.environment:checking '/home/asu/ika_ws/install/realsense2_camera_msgs/lib/pkgconfig/realsense2_camera_msgs.pc'
[0.725s] Level 1:colcon.colcon_core.environment:checking '/home/asu/ika_ws/install/realsense2_camera_msgs/lib/python3.10/site-packages'
[0.725s] Level 1:colcon.colcon_core.environment:checking '/home/asu/ika_ws/install/realsense2_camera_msgs/bin'
[0.725s] INFO:colcon.colcon_core.shell:Creating package script '/home/asu/ika_ws/install/realsense2_camera_msgs/share/realsense2_camera_msgs/package.ps1'
[0.726s] INFO:colcon.colcon_core.shell:Creating package descriptor '/home/asu/ika_ws/install/realsense2_camera_msgs/share/realsense2_camera_msgs/package.dsv'
[0.726s] INFO:colcon.colcon_core.shell:Creating package script '/home/asu/ika_ws/install/realsense2_camera_msgs/share/realsense2_camera_msgs/package.sh'
[0.727s] INFO:colcon.colcon_core.shell:Creating package script '/home/asu/ika_ws/install/realsense2_camera_msgs/share/realsense2_camera_msgs/package.bash'
[0.727s] INFO:colcon.colcon_core.shell:Creating package script '/home/asu/ika_ws/install/realsense2_camera_msgs/share/realsense2_camera_msgs/package.zsh'
[0.727s] Level 1:colcon.colcon_core.environment:create_file_with_runtime_dependencies(/home/asu/ika_ws/install/realsense2_camera_msgs/share/colcon-core/packages/realsense2_camera_msgs)
[0.728s] Level 1:colcon.colcon_core.environment:create_environment_scripts_only(realsense2_camera_msgs)
[0.729s] Level 1:colcon.colcon_core.environment:checking '/home/asu/ika_ws/install/realsense2_camera_msgs' for CMake module files
[0.730s] Level 1:colcon.colcon_core.environment:checking '/home/asu/ika_ws/install/realsense2_camera_msgs' for CMake config files
[0.731s] Level 1:colcon.colcon_core.shell:create_environment_hook('realsense2_camera_msgs', 'cmake_prefix_path')
[0.731s] INFO:colcon.colcon_core.shell:Creating environment hook '/home/asu/ika_ws/install/realsense2_camera_msgs/share/realsense2_camera_msgs/hook/cmake_prefix_path.ps1'
[0.731s] INFO:colcon.colcon_core.shell:Creating environment descriptor '/home/asu/ika_ws/install/realsense2_camera_msgs/share/realsense2_camera_msgs/hook/cmake_prefix_path.dsv'
[0.732s] INFO:colcon.colcon_core.shell:Creating environment hook '/home/asu/ika_ws/install/realsense2_camera_msgs/share/realsense2_camera_msgs/hook/cmake_prefix_path.sh'
[0.732s] Level 1:colcon.colcon_core.environment:checking '/home/asu/ika_ws/install/realsense2_camera_msgs/lib'
[0.732s] Level 1:colcon.colcon_core.shell:create_environment_hook('realsense2_camera_msgs', 'ld_library_path_lib')
[0.733s] INFO:colcon.colcon_core.shell:Creating environment hook '/home/asu/ika_ws/install/realsense2_camera_msgs/share/realsense2_camera_msgs/hook/ld_library_path_lib.ps1'
[0.733s] INFO:colcon.colcon_core.shell:Creating environment descriptor '/home/asu/ika_ws/install/realsense2_camera_msgs/share/realsense2_camera_msgs/hook/ld_library_path_lib.dsv'
[0.734s] INFO:colcon.colcon_core.shell:Creating environment hook '/home/asu/ika_ws/install/realsense2_camera_msgs/share/realsense2_camera_msgs/hook/ld_library_path_lib.sh'
[0.734s] Level 1:colcon.colcon_core.environment:checking '/home/asu/ika_ws/install/realsense2_camera_msgs/bin'
[0.734s] Level 1:colcon.colcon_core.environment:checking '/home/asu/ika_ws/install/realsense2_camera_msgs/lib/pkgconfig/realsense2_camera_msgs.pc'
[0.735s] Level 1:colcon.colcon_core.environment:checking '/home/asu/ika_ws/install/realsense2_camera_msgs/lib/python3.10/site-packages'
[0.735s] Level 1:colcon.colcon_core.environment:checking '/home/asu/ika_ws/install/realsense2_camera_msgs/bin'
[0.736s] INFO:colcon.colcon_core.shell:Creating package script '/home/asu/ika_ws/install/realsense2_camera_msgs/share/realsense2_camera_msgs/package.ps1'
[0.736s] INFO:colcon.colcon_core.shell:Creating package descriptor '/home/asu/ika_ws/install/realsense2_camera_msgs/share/realsense2_camera_msgs/package.dsv'
[0.737s] INFO:colcon.colcon_core.shell:Creating package script '/home/asu/ika_ws/install/realsense2_camera_msgs/share/realsense2_camera_msgs/package.sh'
[0.737s] INFO:colcon.colcon_core.shell:Creating package script '/home/asu/ika_ws/install/realsense2_camera_msgs/share/realsense2_camera_msgs/package.bash'
[0.738s] INFO:colcon.colcon_core.shell:Creating package script '/home/asu/ika_ws/install/realsense2_camera_msgs/share/realsense2_camera_msgs/package.zsh'
[0.738s] Level 1:colcon.colcon_core.environment:create_file_with_runtime_dependencies(/home/asu/ika_ws/install/realsense2_camera_msgs/share/colcon-core/packages/realsense2_camera_msgs)
[0.739s] INFO:colcon.colcon_ros.task.ament_cmake.build:Building ROS package in '/home/asu/ika_ws/src/realsense-ros/realsense2_camera' with build type 'ament_cmake'
[0.739s] INFO:colcon.colcon_cmake.task.cmake.build:Building CMake package in '/home/asu/ika_ws/src/realsense-ros/realsense2_camera'
[0.739s] INFO:colcon.colcon_core.shell:Skip shell extension 'powershell' for command environment: Not usable outside of PowerShell
[0.739s] DEBUG:colcon.colcon_core.shell:Skip shell extension 'dsv' for command environment
[0.744s] INFO:colcon.colcon_ros.task.ament_cmake.build:Building ROS package in '/home/asu/ika_ws/src/realsense-ros/realsense2_description' with build type 'ament_cmake'
[0.744s] INFO:colcon.colcon_cmake.task.cmake.build:Building CMake package in '/home/asu/ika_ws/src/realsense-ros/realsense2_description'
[0.744s] INFO:colcon.colcon_core.shell:Skip shell extension 'powershell' for command environment: Not usable outside of PowerShell
[0.744s] DEBUG:colcon.colcon_core.shell:Skip shell extension 'dsv' for command environment
[0.752s] DEBUG:colcon.colcon_core.event_handler.log_command:Invoking command in '/home/asu/ika_ws/build/realsense2_camera': CMAKE_PREFIX_PATH=/home/asu/ika_ws/install/realsense2_camera_msgs:/home/asu/ika_ws/install/sllidar_ros2:/home/asu/ika_ws/install/realsense2_description:/home/asu/ika_ws/install/realsense2_camera:/home/asu/ika_ws/install/camera_interface:/opt/ros/humble LD_LIBRARY_PATH=/home/asu/ika_ws/install/realsense2_camera_msgs/lib:/home/asu/ika_ws/install/realsense2_camera/lib:/opt/ros/humble/opt/rviz_ogre_vendor/lib:/opt/ros/humble/lib/x86_64-linux-gnu:/opt/ros/humble/lib /usr/bin/cmake --build /home/asu/ika_ws/build/realsense2_camera -- -j12 -l12
[0.755s] DEBUG:colcon.colcon_core.event_handler.log_command:Invoking command in '/home/asu/ika_ws/build/realsense2_description': CMAKE_PREFIX_PATH=/home/asu/ika_ws/install/realsense2_camera_msgs:/home/asu/ika_ws/install/sllidar_ros2:/home/asu/ika_ws/install/realsense2_description:/home/asu/ika_ws/install/realsense2_camera:/home/asu/ika_ws/install/camera_interface:/opt/ros/humble LD_LIBRARY_PATH=/home/asu/ika_ws/install/realsense2_camera_msgs/lib:/home/asu/ika_ws/install/realsense2_camera/lib:/opt/ros/humble/opt/rviz_ogre_vendor/lib:/opt/ros/humble/lib/x86_64-linux-gnu:/opt/ros/humble/lib /usr/bin/cmake --build /home/asu/ika_ws/build/realsense2_description -- -j12 -l12
[0.794s] DEBUG:colcon.colcon_core.event_handler.log_command:Invoked command in '/home/asu/ika_ws/build/realsense2_description' returned '0': CMAKE_PREFIX_PATH=/home/asu/ika_ws/install/realsense2_camera_msgs:/home/asu/ika_ws/install/sllidar_ros2:/home/asu/ika_ws/install/realsense2_description:/home/asu/ika_ws/install/realsense2_camera:/home/asu/ika_ws/install/camera_interface:/opt/ros/humble LD_LIBRARY_PATH=/home/asu/ika_ws/install/realsense2_camera_msgs/lib:/home/asu/ika_ws/install/realsense2_camera/lib:/opt/ros/humble/opt/rviz_ogre_vendor/lib:/opt/ros/humble/lib/x86_64-linux-gnu:/opt/ros/humble/lib /usr/bin/cmake --build /home/asu/ika_ws/build/realsense2_description -- -j12 -l12
[0.795s] DEBUG:colcon.colcon_core.event_handler.log_command:Invoking command in '/home/asu/ika_ws/build/realsense2_description': CMAKE_PREFIX_PATH=/home/asu/ika_ws/install/realsense2_camera_msgs:/home/asu/ika_ws/install/sllidar_ros2:/home/asu/ika_ws/install/realsense2_description:/home/asu/ika_ws/install/realsense2_camera:/home/asu/ika_ws/install/camera_interface:/opt/ros/humble LD_LIBRARY_PATH=/home/asu/ika_ws/install/realsense2_camera_msgs/lib:/home/asu/ika_ws/install/realsense2_camera/lib:/opt/ros/humble/opt/rviz_ogre_vendor/lib:/opt/ros/humble/lib/x86_64-linux-gnu:/opt/ros/humble/lib /usr/bin/cmake --install /home/asu/ika_ws/build/realsense2_description
[0.808s] Level 1:colcon.colcon_core.environment:create_environment_scripts_only(realsense2_description)
[0.808s] Level 1:colcon.colcon_core.environment:checking '/home/asu/ika_ws/install/realsense2_description' for CMake module files
[0.808s] DEBUG:colcon.colcon_core.event_handler.log_command:Invoked command in '/home/asu/ika_ws/build/realsense2_description' returned '0': CMAKE_PREFIX_PATH=/home/asu/ika_ws/install/realsense2_camera_msgs:/home/asu/ika_ws/install/sllidar_ros2:/home/asu/ika_ws/install/realsense2_description:/home/asu/ika_ws/install/realsense2_camera:/home/asu/ika_ws/install/camera_interface:/opt/ros/humble LD_LIBRARY_PATH=/home/asu/ika_ws/install/realsense2_camera_msgs/lib:/home/asu/ika_ws/install/realsense2_camera/lib:/opt/ros/humble/opt/rviz_ogre_vendor/lib:/opt/ros/humble/lib/x86_64-linux-gnu:/opt/ros/humble/lib /usr/bin/cmake --install /home/asu/ika_ws/build/realsense2_description
[0.809s] Level 1:colcon.colcon_core.environment:checking '/home/asu/ika_ws/install/realsense2_description' for CMake config files
[0.809s] Level 1:colcon.colcon_core.shell:create_environment_hook('realsense2_description', 'cmake_prefix_path')
[0.809s] INFO:colcon.colcon_core.shell:Creating environment hook '/home/asu/ika_ws/install/realsense2_description/share/realsense2_description/hook/cmake_prefix_path.ps1'
[0.809s] INFO:colcon.colcon_core.shell:Creating environment descriptor '/home/asu/ika_ws/install/realsense2_description/share/realsense2_description/hook/cmake_prefix_path.dsv'
[0.810s] INFO:colcon.colcon_core.shell:Creating environment hook '/home/asu/ika_ws/install/realsense2_description/share/realsense2_description/hook/cmake_prefix_path.sh'
[0.810s] Level 1:colcon.colcon_core.environment:checking '/home/asu/ika_ws/install/realsense2_description/bin'
[0.810s] Level 1:colcon.colcon_core.environment:checking '/home/asu/ika_ws/install/realsense2_description/lib/pkgconfig/realsense2_description.pc'
[0.810s] Level 1:colcon.colcon_core.environment:checking '/home/asu/ika_ws/install/realsense2_description/lib/python3.10/site-packages'
[0.811s] Level 1:colcon.colcon_core.environment:checking '/home/asu/ika_ws/install/realsense2_description/bin'
[0.811s] INFO:colcon.colcon_core.shell:Creating package script '/home/asu/ika_ws/install/realsense2_description/share/realsense2_description/package.ps1'
[0.811s] INFO:colcon.colcon_core.shell:Creating package descriptor '/home/asu/ika_ws/install/realsense2_description/share/realsense2_description/package.dsv'
[0.812s] INFO:colcon.colcon_core.shell:Creating package script '/home/asu/ika_ws/install/realsense2_description/share/realsense2_description/package.sh'
[0.812s] INFO:colcon.colcon_core.shell:Creating package script '/home/asu/ika_ws/install/realsense2_description/share/realsense2_description/package.bash'
[0.812s] INFO:colcon.colcon_core.shell:Creating package script '/home/asu/ika_ws/install/realsense2_description/share/realsense2_description/package.zsh'
[0.813s] Level 1:colcon.colcon_core.environment:create_file_with_runtime_dependencies(/home/asu/ika_ws/install/realsense2_description/share/colcon-core/packages/realsense2_description)
[0.813s] Level 1:colcon.colcon_core.environment:create_environment_scripts_only(realsense2_description)
[0.813s] Level 1:colcon.colcon_core.environment:checking '/home/asu/ika_ws/install/realsense2_description' for CMake module files
[0.814s] Level 1:colcon.colcon_core.environment:checking '/home/asu/ika_ws/install/realsense2_description' for CMake config files
[0.814s] Level 1:colcon.colcon_core.shell:create_environment_hook('realsense2_description', 'cmake_prefix_path')
[0.814s] INFO:colcon.colcon_core.shell:Creating environment hook '/home/asu/ika_ws/install/realsense2_description/share/realsense2_description/hook/cmake_prefix_path.ps1'
[0.814s] INFO:colcon.colcon_core.shell:Creating environment descriptor '/home/asu/ika_ws/install/realsense2_description/share/realsense2_description/hook/cmake_prefix_path.dsv'
[0.815s] INFO:colcon.colcon_core.shell:Creating environment hook '/home/asu/ika_ws/install/realsense2_description/share/realsense2_description/hook/cmake_prefix_path.sh'
[0.815s] Level 1:colcon.colcon_core.environment:checking '/home/asu/ika_ws/install/realsense2_description/bin'
[0.815s] Level 1:colcon.colcon_core.environment:checking '/home/asu/ika_ws/install/realsense2_description/lib/pkgconfig/realsense2_description.pc'
[0.815s] Level 1:colcon.colcon_core.environment:checking '/home/asu/ika_ws/install/realsense2_description/lib/python3.10/site-packages'
[0.815s] Level 1:colcon.colcon_core.environment:checking '/home/asu/ika_ws/install/realsense2_description/bin'
[0.816s] INFO:colcon.colcon_core.shell:Creating package script '/home/asu/ika_ws/install/realsense2_description/share/realsense2_description/package.ps1'
[0.816s] INFO:colcon.colcon_core.shell:Creating package descriptor '/home/asu/ika_ws/install/realsense2_description/share/realsense2_description/package.dsv'
[0.817s] INFO:colcon.colcon_core.shell:Creating package script '/home/asu/ika_ws/install/realsense2_description/share/realsense2_description/package.sh'
[0.817s] INFO:colcon.colcon_core.shell:Creating package script '/home/asu/ika_ws/install/realsense2_description/share/realsense2_description/package.bash'
[0.817s] INFO:colcon.colcon_core.shell:Creating package script '/home/asu/ika_ws/install/realsense2_description/share/realsense2_description/package.zsh'
[0.818s] Level 1:colcon.colcon_core.environment:create_file_with_runtime_dependencies(/home/asu/ika_ws/install/realsense2_description/share/colcon-core/packages/realsense2_description)
[0.834s] DEBUG:colcon.colcon_core.event_handler.log_command:Invoked command in '/home/asu/ika_ws/build/realsense2_camera' returned '0': CMAKE_PREFIX_PATH=/home/asu/ika_ws/install/realsense2_camera_msgs:/home/asu/ika_ws/install/sllidar_ros2:/home/asu/ika_ws/install/realsense2_description:/home/asu/ika_ws/install/realsense2_camera:/home/asu/ika_ws/install/camera_interface:/opt/ros/humble LD_LIBRARY_PATH=/home/asu/ika_ws/install/realsense2_camera_msgs/lib:/home/asu/ika_ws/install/realsense2_camera/lib:/opt/ros/humble/opt/rviz_ogre_vendor/lib:/opt/ros/humble/lib/x86_64-linux-gnu:/opt/ros/humble/lib /usr/bin/cmake --build /home/asu/ika_ws/build/realsense2_camera -- -j12 -l12
[0.835s] DEBUG:colcon.colcon_core.event_handler.log_command:Invoking command in '/home/asu/ika_ws/build/realsense2_camera': CMAKE_PREFIX_PATH=/home/asu/ika_ws/install/realsense2_camera_msgs:/home/asu/ika_ws/install/sllidar_ros2:/home/asu/ika_ws/install/realsense2_description:/home/asu/ika_ws/install/realsense2_camera:/home/asu/ika_ws/install/camera_interface:/opt/ros/humble LD_LIBRARY_PATH=/home/asu/ika_ws/install/realsense2_camera_msgs/lib:/home/asu/ika_ws/install/realsense2_camera/lib:/opt/ros/humble/opt/rviz_ogre_vendor/lib:/opt/ros/humble/lib/x86_64-linux-gnu:/opt/ros/humble/lib /usr/bin/cmake --install /home/asu/ika_ws/build/realsense2_camera
[0.844s] Level 1:colcon.colcon_core.environment:create_environment_scripts_only(realsense2_camera)
[0.845s] Level 1:colcon.colcon_core.environment:checking '/home/asu/ika_ws/install/realsense2_camera' for CMake module files
[0.845s] DEBUG:colcon.colcon_core.event_handler.log_command:Invoked command in '/home/asu/ika_ws/build/realsense2_camera' returned '0': CMAKE_PREFIX_PATH=/home/asu/ika_ws/install/realsense2_camera_msgs:/home/asu/ika_ws/install/sllidar_ros2:/home/asu/ika_ws/install/realsense2_description:/home/asu/ika_ws/install/realsense2_camera:/home/asu/ika_ws/install/camera_interface:/opt/ros/humble LD_LIBRARY_PATH=/home/asu/ika_ws/install/realsense2_camera_msgs/lib:/home/asu/ika_ws/install/realsense2_camera/lib:/opt/ros/humble/opt/rviz_ogre_vendor/lib:/opt/ros/humble/lib/x86_64-linux-gnu:/opt/ros/humble/lib /usr/bin/cmake --install /home/asu/ika_ws/build/realsense2_camera
[0.846s] Level 1:colcon.colcon_core.environment:checking '/home/asu/ika_ws/install/realsense2_camera' for CMake config files
[0.846s] Level 1:colcon.colcon_core.shell:create_environment_hook('realsense2_camera', 'cmake_prefix_path')
[0.846s] INFO:colcon.colcon_core.shell:Creating environment hook '/home/asu/ika_ws/install/realsense2_camera/share/realsense2_camera/hook/cmake_prefix_path.ps1'
[0.846s] INFO:colcon.colcon_core.shell:Creating environment descriptor '/home/asu/ika_ws/install/realsense2_camera/share/realsense2_camera/hook/cmake_prefix_path.dsv'
[0.847s] INFO:colcon.colcon_core.shell:Creating environment hook '/home/asu/ika_ws/install/realsense2_camera/share/realsense2_camera/hook/cmake_prefix_path.sh'
[0.847s] Level 1:colcon.colcon_core.environment:checking '/home/asu/ika_ws/install/realsense2_camera/lib'
[0.847s] Level 1:colcon.colcon_core.shell:create_environment_hook('realsense2_camera', 'ld_library_path_lib')
[0.847s] INFO:colcon.colcon_core.shell:Creating environment hook '/home/asu/ika_ws/install/realsense2_camera/share/realsense2_camera/hook/ld_library_path_lib.ps1'
[0.848s] INFO:colcon.colcon_core.shell:Creating environment descriptor '/home/asu/ika_ws/install/realsense2_camera/share/realsense2_camera/hook/ld_library_path_lib.dsv'
[0.848s] INFO:colcon.colcon_core.shell:Creating environment hook '/home/asu/ika_ws/install/realsense2_camera/share/realsense2_camera/hook/ld_library_path_lib.sh'
[0.848s] Level 1:colcon.colcon_core.environment:checking '/home/asu/ika_ws/install/realsense2_camera/bin'
[0.848s] Level 1:colcon.colcon_core.environment:checking '/home/asu/ika_ws/install/realsense2_camera/lib/pkgconfig/realsense2_camera.pc'
[0.849s] Level 1:colcon.colcon_core.environment:checking '/home/asu/ika_ws/install/realsense2_camera/lib/python3.10/site-packages'
[0.849s] Level 1:colcon.colcon_core.environment:checking '/home/asu/ika_ws/install/realsense2_camera/bin'
[0.849s] INFO:colcon.colcon_core.shell:Creating package script '/home/asu/ika_ws/install/realsense2_camera/share/realsense2_camera/package.ps1'
[0.850s] INFO:colcon.colcon_core.shell:Creating package descriptor '/home/asu/ika_ws/install/realsense2_camera/share/realsense2_camera/package.dsv'
[0.850s] INFO:colcon.colcon_core.shell:Creating package script '/home/asu/ika_ws/install/realsense2_camera/share/realsense2_camera/package.sh'
[0.850s] INFO:colcon.colcon_core.shell:Creating package script '/home/asu/ika_ws/install/realsense2_camera/share/realsense2_camera/package.bash'
[0.851s] INFO:colcon.colcon_core.shell:Creating package script '/home/asu/ika_ws/install/realsense2_camera/share/realsense2_camera/package.zsh'
[0.851s] Level 1:colcon.colcon_core.environment:create_file_with_runtime_dependencies(/home/asu/ika_ws/install/realsense2_camera/share/colcon-core/packages/realsense2_camera)
[0.851s] Level 1:colcon.colcon_core.environment:create_environment_scripts_only(realsense2_camera)
[0.851s] Level 1:colcon.colcon_core.environment:checking '/home/asu/ika_ws/install/realsense2_camera' for CMake module files
[0.852s] Level 1:colcon.colcon_core.environment:checking '/home/asu/ika_ws/install/realsense2_camera' for CMake config files
[0.852s] Level 1:colcon.colcon_core.shell:create_environment_hook('realsense2_camera', 'cmake_prefix_path')
[0.852s] INFO:colcon.colcon_core.shell:Creating environment hook '/home/asu/ika_ws/install/realsense2_camera/share/realsense2_camera/hook/cmake_prefix_path.ps1'
[0.853s] INFO:colcon.colcon_core.shell:Creating environment descriptor '/home/asu/ika_ws/install/realsense2_camera/share/realsense2_camera/hook/cmake_prefix_path.dsv'
[0.853s] INFO:colcon.colcon_core.shell:Creating environment hook '/home/asu/ika_ws/install/realsense2_camera/share/realsense2_camera/hook/cmake_prefix_path.sh'
[0.853s] Level 1:colcon.colcon_core.environment:checking '/home/asu/ika_ws/install/realsense2_camera/lib'
[0.853s] Level 1:colcon.colcon_core.shell:create_environment_hook('realsense2_camera', 'ld_library_path_lib')
[0.853s] INFO:colcon.colcon_core.shell:Creating environment hook '/home/asu/ika_ws/install/realsense2_camera/share/realsense2_camera/hook/ld_library_path_lib.ps1'
[0.854s] INFO:colcon.colcon_core.shell:Creating environment descriptor '/home/asu/ika_ws/install/realsense2_camera/share/realsense2_camera/hook/ld_library_path_lib.dsv'
[0.854s] INFO:colcon.colcon_core.shell:Creating environment hook '/home/asu/ika_ws/install/realsense2_camera/share/realsense2_camera/hook/ld_library_path_lib.sh'
[0.854s] Level 1:colcon.colcon_core.environment:checking '/home/asu/ika_ws/install/realsense2_camera/bin'
[0.854s] Level 1:colcon.colcon_core.environment:checking '/home/asu/ika_ws/install/realsense2_camera/lib/pkgconfig/realsense2_camera.pc'
[0.855s] Level 1:colcon.colcon_core.environment:checking '/home/asu/ika_ws/install/realsense2_camera/lib/python3.10/site-packages'
[0.855s] Level 1:colcon.colcon_core.environment:checking '/home/asu/ika_ws/install/realsense2_camera/bin'
[0.855s] INFO:colcon.colcon_core.shell:Creating package script '/home/asu/ika_ws/install/realsense2_camera/share/realsense2_camera/package.ps1'
[0.855s] INFO:colcon.colcon_core.shell:Creating package descriptor '/home/asu/ika_ws/install/realsense2_camera/share/realsense2_camera/package.dsv'
[0.856s] INFO:colcon.colcon_core.shell:Creating package script '/home/asu/ika_ws/install/realsense2_camera/share/realsense2_camera/package.sh'
[0.856s] INFO:colcon.colcon_core.shell:Creating package script '/home/asu/ika_ws/install/realsense2_camera/share/realsense2_camera/package.bash'
[0.857s] INFO:colcon.colcon_core.shell:Creating package script '/home/asu/ika_ws/install/realsense2_camera/share/realsense2_camera/package.zsh'
[0.857s] Level 1:colcon.colcon_core.environment:create_file_with_runtime_dependencies(/home/asu/ika_ws/install/realsense2_camera/share/colcon-core/packages/realsense2_camera)
[0.939s] DEBUG:colcon.colcon_core.event_handler.log_command:Invoking command in '/home/asu/ika_ws/src/camera_interface': PYTHONPATH=/home/asu/ika_ws/build/camera_interface/prefix_override:/usr/lib/python3/dist-packages/colcon_core/task/python/colcon_distutils_commands:/home/asu/ika_ws/install/camera_interface/lib/python3.10/site-packages:${PYTHONPATH} /usr/bin/python3 -W ignore:setup.py install is deprecated -W ignore:easy_install command is deprecated setup.py egg_info --egg-base ../../build/camera_interface build --build-base /home/asu/ika_ws/build/camera_interface/build install --record /home/asu/ika_ws/build/camera_interface/install.log --single-version-externally-managed install_data
[1.174s] Level 1:colcon.colcon_core.environment:checking '/home/asu/ika_ws/install/camera_interface' for CMake module files
[1.174s] DEBUG:colcon.colcon_core.event_handler.log_command:Invoked command in '/home/asu/ika_ws/src/camera_interface' returned '0': PYTHONPATH=/home/asu/ika_ws/build/camera_interface/prefix_override:/usr/lib/python3/dist-packages/colcon_core/task/python/colcon_distutils_commands:/home/asu/ika_ws/install/camera_interface/lib/python3.10/site-packages:${PYTHONPATH} /usr/bin/python3 -W ignore:setup.py install is deprecated -W ignore:easy_install command is deprecated setup.py egg_info --egg-base ../../build/camera_interface build --build-base /home/asu/ika_ws/build/camera_interface/build install --record /home/asu/ika_ws/build/camera_interface/install.log --single-version-externally-managed install_data
[1.174s] Level 1:colcon.colcon_core.environment:checking '/home/asu/ika_ws/install/camera_interface' for CMake config files
[1.175s] Level 1:colcon.colcon_core.environment:checking '/home/asu/ika_ws/install/camera_interface/lib'
[1.175s] Level 1:colcon.colcon_core.environment:checking '/home/asu/ika_ws/install/camera_interface/bin'
[1.175s] Level 1:colcon.colcon_core.environment:checking '/home/asu/ika_ws/install/camera_interface/lib/pkgconfig/camera_interface.pc'
[1.175s] Level 1:colcon.colcon_core.environment:checking '/home/asu/ika_ws/install/camera_interface/lib/python3.10/site-packages'
[1.175s] Level 1:colcon.colcon_core.shell:create_environment_hook('camera_interface', 'pythonpath')
[1.175s] INFO:colcon.colcon_core.shell:Creating environment hook '/home/asu/ika_ws/install/camera_interface/share/camera_interface/hook/pythonpath.ps1'
[1.176s] INFO:colcon.colcon_core.shell:Creating environment descriptor '/home/asu/ika_ws/install/camera_interface/share/camera_interface/hook/pythonpath.dsv'
[1.176s] INFO:colcon.colcon_core.shell:Creating environment hook '/home/asu/ika_ws/install/camera_interface/share/camera_interface/hook/pythonpath.sh'
[1.176s] Level 1:colcon.colcon_core.environment:checking '/home/asu/ika_ws/install/camera_interface/bin'
[1.176s] Level 1:colcon.colcon_core.environment:create_environment_scripts_only(camera_interface)
[1.177s] INFO:colcon.colcon_core.shell:Creating package script '/home/asu/ika_ws/install/camera_interface/share/camera_interface/package.ps1'
[1.177s] INFO:colcon.colcon_core.shell:Creating package descriptor '/home/asu/ika_ws/install/camera_interface/share/camera_interface/package.dsv'
[1.177s] INFO:colcon.colcon_core.shell:Creating package script '/home/asu/ika_ws/install/camera_interface/share/camera_interface/package.sh'
[1.178s] INFO:colcon.colcon_core.shell:Creating package script '/home/asu/ika_ws/install/camera_interface/share/camera_interface/package.bash'
[1.178s] INFO:colcon.colcon_core.shell:Creating package script '/home/asu/ika_ws/install/camera_interface/share/camera_interface/package.zsh'
[1.178s] Level 1:colcon.colcon_core.environment:create_file_with_runtime_dependencies(/home/asu/ika_ws/install/camera_interface/share/colcon-core/packages/camera_interface)
[1.178s] DEBUG:colcon.colcon_parallel_executor.executor.parallel:closing loop
[1.179s] DEBUG:colcon.colcon_parallel_executor.executor.parallel:loop closed
[1.179s] DEBUG:colcon.colcon_parallel_executor.executor.parallel:run_until_complete finished with '0'
[1.179s] DEBUG:colcon.colcon_core.event_reactor:joining thread
[1.183s] INFO:colcon.colcon_core.plugin_system:Skipping extension 'colcon_notification.desktop_notification.terminal_notifier': Not used on non-Darwin systems
[1.183s] INFO:colcon.colcon_core.plugin_system:Skipping extension 'colcon_notification.desktop_notification.win32': Not used on non-Windows systems
[1.183s] INFO:colcon.colcon_notification.desktop_notification:Sending desktop notification using 'notify2'
[1.193s] DEBUG:colcon.colcon_core.event_reactor:joined thread
[1.193s] INFO:colcon.colcon_core.shell:Creating prefix script '/home/asu/ika_ws/install/local_setup.ps1'
[1.194s] INFO:colcon.colcon_core.shell:Creating prefix util module '/home/asu/ika_ws/install/_local_setup_util_ps1.py'
[1.195s] INFO:colcon.colcon_core.shell:Creating prefix chain script '/home/asu/ika_ws/install/setup.ps1'
[1.197s] INFO:colcon.colcon_core.shell:Creating prefix script '/home/asu/ika_ws/install/local_setup.sh'
[1.198s] INFO:colcon.colcon_core.shell:Creating prefix util module '/home/asu/ika_ws/install/_local_setup_util_sh.py'
[1.199s] INFO:colcon.colcon_core.shell:Creating prefix chain script '/home/asu/ika_ws/install/setup.sh'
[1.200s] INFO:colcon.colcon_core.shell:Creating prefix script '/home/asu/ika_ws/install/local_setup.bash'
[1.200s] INFO:colcon.colcon_core.shell:Creating prefix chain script '/home/asu/ika_ws/install/setup.bash'
[1.201s] INFO:colcon.colcon_core.shell:Creating prefix script '/home/asu/ika_ws/install/local_setup.zsh'
[1.202s] INFO:colcon.colcon_core.shell:Creating prefix chain script '/home/asu/ika_ws/install/setup.zsh'
