[0.007s] Invoking command in '/home/asu/ika_ws/build/realsense2_camera': AMENT_PREFIX_PATH=/home/asu/ika_ws/install/realsense2_camera_msgs:${AMENT_PREFIX_PATH} CMAKE_PREFIX_PATH=/home/asu/ika_ws/install/realsense2_camera_msgs:/opt/ros/humble LD_LIBRARY_PATH=/home/asu/ika_ws/install/realsense2_camera_msgs/lib:${LD_LIBRARY_PATH} PYTHONPATH=/home/asu/ika_ws/install/realsense2_camera_msgs/local/lib/python3.10/dist-packages:${PYTHONPATH} /usr/bin/cmake /home/asu/ika_ws/src/realsense-ros/realsense2_camera -DCMAKE_INSTALL_PREFIX=/home/asu/ika_ws/install/realsense2_camera
[0.051s] -- The C compiler identification is GNU 11.4.0
[0.096s] -- The CXX compiler identification is GNU 11.4.0
[0.104s] -- Detecting C compiler ABI info
[0.159s] -- Detecting C compiler ABI info - done
[0.171s] -- Check for working C compiler: /usr/bin/cc - skipped
[0.171s] -- Detecting C compile features
[0.171s] -- Detecting C compile features - done
[0.175s] -- Detecting CXX compiler ABI info
[0.245s] -- Detecting CXX compiler ABI info - done
[0.256s] -- Check for working CXX compiler: /usr/bin/c++ - skipped
[0.257s] -- Detecting CXX compile features
[0.257s] -- Detecting CXX compile features - done
[0.258s] -- Create Release Build.
[0.260s] -- Found ament_cmake: 1.3.11 (/opt/ros/humble/share/ament_cmake/cmake)
[0.387s] -- Found Python3: /usr/bin/python3 (found version "3.10.12") found components: Interpreter 
[0.458s] -- Found builtin_interfaces: 1.2.1 (/opt/ros/humble/share/builtin_interfaces/cmake)
[0.484s] -- Found rosidl_generator_c: 3.1.6 (/opt/ros/humble/share/rosidl_generator_c/cmake)
[0.488s] -- Found rosidl_adapter: 3.1.6 (/opt/ros/humble/share/rosidl_adapter/cmake)
[0.496s] -- Found rosidl_generator_cpp: 3.1.6 (/opt/ros/humble/share/rosidl_generator_cpp/cmake)
[0.506s] -- Using all available rosidl_typesupport_c: rosidl_typesupport_fastrtps_c;rosidl_typesupport_introspection_c
[0.520s] -- Using all available rosidl_typesupport_cpp: rosidl_typesupport_fastrtps_cpp;rosidl_typesupport_introspection_cpp
[0.534s] -- Found cv_bridge: 3.2.1 (/opt/ros/humble/share/cv_bridge/cmake)
[0.591s] -- Found image_transport: 3.1.12 (/opt/ros/humble/share/image_transport/cmake)
[0.637s] -- Found rmw_implementation_cmake: 6.1.2 (/opt/ros/humble/share/rmw_implementation_cmake/cmake)
[0.639s] -- Found rmw_fastrtps_cpp: 6.2.7 (/opt/ros/humble/share/rmw_fastrtps_cpp/cmake)
[0.702s] -- Found OpenSSL: /usr/lib/x86_64-linux-gnu/libcrypto.so (found version "3.0.2")  
[0.723s] -- Found FastRTPS: /opt/ros/humble/include  
[0.755s] -- Using RMW implementation 'rmw_fastrtps_cpp' as default
[0.762s] -- Looking for pthread.h
[0.814s] -- Looking for pthread.h - found
[0.815s] -- Performing Test CMAKE_HAVE_LIBC_PTHREAD
[0.867s] -- Performing Test CMAKE_HAVE_LIBC_PTHREAD - Success
[0.868s] -- Found Threads: TRUE  
[0.929s] -- Found rclcpp_components: 16.0.12 (/opt/ros/humble/share/rclcpp_components/cmake)
[0.949s] -- Found realsense2_camera_msgs: 4.54.1 (/home/asu/ika_ws/install/realsense2_camera_msgs/share/realsense2_camera_msgs/cmake)
[0.961s] -- Found nav_msgs: 4.9.0 (/opt/ros/humble/share/nav_msgs/cmake)
[0.980s] -- Found tf2_ros: 0.25.13 (/opt/ros/humble/share/tf2_ros/cmake)
[1.053s] -- Found diagnostic_updater: 4.0.6 (/opt/ros/humble/share/diagnostic_updater/cmake)
[1.075s] -- Build for ROS2 Humble
[1.131s] -- Configuring done
[1.146s] -- Generating done
[1.151s] -- Build files have been written to: /home/asu/ika_ws/build/realsense2_camera
[1.160s] Invoked command in '/home/asu/ika_ws/build/realsense2_camera' returned '0': AMENT_PREFIX_PATH=/home/asu/ika_ws/install/realsense2_camera_msgs:${AMENT_PREFIX_PATH} CMAKE_PREFIX_PATH=/home/asu/ika_ws/install/realsense2_camera_msgs:/opt/ros/humble LD_LIBRARY_PATH=/home/asu/ika_ws/install/realsense2_camera_msgs/lib:${LD_LIBRARY_PATH} PYTHONPATH=/home/asu/ika_ws/install/realsense2_camera_msgs/local/lib/python3.10/dist-packages:${PYTHONPATH} /usr/bin/cmake /home/asu/ika_ws/src/realsense-ros/realsense2_camera -DCMAKE_INSTALL_PREFIX=/home/asu/ika_ws/install/realsense2_camera
[1.161s] Invoking command in '/home/asu/ika_ws/build/realsense2_camera': AMENT_PREFIX_PATH=/home/asu/ika_ws/install/realsense2_camera_msgs:${AMENT_PREFIX_PATH} CMAKE_PREFIX_PATH=/home/asu/ika_ws/install/realsense2_camera_msgs:/opt/ros/humble LD_LIBRARY_PATH=/home/asu/ika_ws/install/realsense2_camera_msgs/lib:${LD_LIBRARY_PATH} PYTHONPATH=/home/asu/ika_ws/install/realsense2_camera_msgs/local/lib/python3.10/dist-packages:${PYTHONPATH} /usr/bin/cmake --build /home/asu/ika_ws/build/realsense2_camera -- -j12 -l12
[1.203s] [ 12%] [32mBuilding CXX object CMakeFiles/realsense2_camera_node.dir/rclcpp_components/node_main_realsense2_camera_node.cpp.o[0m
[1.203s] [ 18%] [32mBuilding CXX object CMakeFiles/realsense2_camera.dir/src/parameters.cpp.o[0m
[1.203s] [ 25%] [32mBuilding CXX object CMakeFiles/realsense2_camera.dir/src/rs_node_setup.cpp.o[0m
[1.203s] [ 31%] [32mBuilding CXX object CMakeFiles/realsense2_camera.dir/src/ros_sensor.cpp.o[0m
[1.204s] [ 37%] [32mBuilding CXX object CMakeFiles/realsense2_camera.dir/src/sensor_params.cpp.o[0m
[1.204s] [ 43%] [32mBuilding CXX object CMakeFiles/realsense2_camera.dir/src/dynamic_params.cpp.o[0m
[1.204s] [ 43%] [32mBuilding CXX object CMakeFiles/realsense2_camera.dir/src/base_realsense_node.cpp.o[0m
[1.204s] [ 50%] [32mBuilding CXX object CMakeFiles/realsense2_camera.dir/src/named_filter.cpp.o[0m
[1.206s] [ 62%] [32mBuilding CXX object CMakeFiles/realsense2_camera.dir/src/realsense_node_factory.cpp.o[0m
[1.206s] [ 62%] [32mBuilding CXX object CMakeFiles/realsense2_camera.dir/src/ros_utils.cpp.o[0m
[1.210s] [ 75%] [32mBuilding CXX object CMakeFiles/realsense2_camera.dir/src/profile_manager.cpp.o[0m
[1.213s] [ 75%] [32mBuilding CXX object CMakeFiles/realsense2_camera.dir/src/image_publisher.cpp.o[0m
[7.462s] [ 81%] [32mBuilding CXX object CMakeFiles/realsense2_camera.dir/src/tfs.cpp.o[0m
[7.843s] [ 87%] [32m[1mLinking CXX executable realsense2_camera_node[0m
[8.125s] [ 87%] Built target realsense2_camera_node
[8.140s] [ 93%] [32mBuilding CXX object CMakeFiles/realsense2_camera.dir/src/ros_param_backend_foxy.cpp.o[0m
[18.256s] [100%] [32m[1mLinking CXX shared library librealsense2_camera.so[0m
[18.641s] [100%] Built target realsense2_camera
[18.650s] Invoked command in '/home/asu/ika_ws/build/realsense2_camera' returned '0': AMENT_PREFIX_PATH=/home/asu/ika_ws/install/realsense2_camera_msgs:${AMENT_PREFIX_PATH} CMAKE_PREFIX_PATH=/home/asu/ika_ws/install/realsense2_camera_msgs:/opt/ros/humble LD_LIBRARY_PATH=/home/asu/ika_ws/install/realsense2_camera_msgs/lib:${LD_LIBRARY_PATH} PYTHONPATH=/home/asu/ika_ws/install/realsense2_camera_msgs/local/lib/python3.10/dist-packages:${PYTHONPATH} /usr/bin/cmake --build /home/asu/ika_ws/build/realsense2_camera -- -j12 -l12
[18.651s] Invoking command in '/home/asu/ika_ws/build/realsense2_camera': AMENT_PREFIX_PATH=/home/asu/ika_ws/install/realsense2_camera_msgs:${AMENT_PREFIX_PATH} CMAKE_PREFIX_PATH=/home/asu/ika_ws/install/realsense2_camera_msgs:/opt/ros/humble LD_LIBRARY_PATH=/home/asu/ika_ws/install/realsense2_camera_msgs/lib:${LD_LIBRARY_PATH} PYTHONPATH=/home/asu/ika_ws/install/realsense2_camera_msgs/local/lib/python3.10/dist-packages:${PYTHONPATH} /usr/bin/cmake --install /home/asu/ika_ws/build/realsense2_camera
[18.656s] -- Install configuration: "Release"
[18.656s] -- Installing: /home/asu/ika_ws/install/realsense2_camera/lib/realsense2_camera/realsense2_camera_node
[18.657s] -- Set runtime path of "/home/asu/ika_ws/install/realsense2_camera/lib/realsense2_camera/realsense2_camera_node" to ""
[18.657s] -- Installing: /home/asu/ika_ws/install/realsense2_camera/lib/librealsense2_camera.so
[18.658s] -- Set runtime path of "/home/asu/ika_ws/install/realsense2_camera/lib/librealsense2_camera.so" to ""
[18.658s] -- Installing: /home/asu/ika_ws/install/realsense2_camera/include
[18.659s] -- Installing: /home/asu/ika_ws/install/realsense2_camera/include/ros_utils.h
[18.659s] -- Installing: /home/asu/ika_ws/install/realsense2_camera/include/named_filter.h
[18.659s] -- Installing: /home/asu/ika_ws/install/realsense2_camera/include/ros_param_backend.h
[18.659s] -- Installing: /home/asu/ika_ws/install/realsense2_camera/include/realsense_node_factory.h
[18.659s] -- Installing: /home/asu/ika_ws/install/realsense2_camera/include/dynamic_params.h
[18.659s] -- Installing: /home/asu/ika_ws/install/realsense2_camera/include/ros_sensor.h
[18.659s] -- Installing: /home/asu/ika_ws/install/realsense2_camera/include/constants.h
[18.659s] -- Installing: /home/asu/ika_ws/install/realsense2_camera/include/profile_manager.h
[18.659s] -- Installing: /home/asu/ika_ws/install/realsense2_camera/include/image_publisher.h
[18.659s] -- Installing: /home/asu/ika_ws/install/realsense2_camera/include/sensor_params.h
[18.659s] -- Installing: /home/asu/ika_ws/install/realsense2_camera/include/base_realsense_node.h
[18.659s] -- Installing: /home/asu/ika_ws/install/realsense2_camera/share/realsense2_camera/launch
[18.659s] -- Installing: /home/asu/ika_ws/install/realsense2_camera/share/realsense2_camera/launch/rs_intra_process_demo_launch.py
[18.659s] -- Installing: /home/asu/ika_ws/install/realsense2_camera/share/realsense2_camera/launch/default.rviz
[18.660s] -- Installing: /home/asu/ika_ws/install/realsense2_camera/share/realsense2_camera/launch/rs_launch.py
[18.660s] -- Installing: /home/asu/ika_ws/install/realsense2_camera/share/realsense2_camera/launch/rs_multi_camera_launch.py
[18.660s] -- Installing: /home/asu/ika_ws/install/realsense2_camera/share/realsense2_camera/environment/library_path.sh
[18.660s] -- Installing: /home/asu/ika_ws/install/realsense2_camera/share/realsense2_camera/environment/library_path.dsv
[18.660s] -- Installing: /home/asu/ika_ws/install/realsense2_camera/share/ament_index/resource_index/package_run_dependencies/realsense2_camera
[18.661s] -- Installing: /home/asu/ika_ws/install/realsense2_camera/share/ament_index/resource_index/parent_prefix_path/realsense2_camera
[18.661s] -- Installing: /home/asu/ika_ws/install/realsense2_camera/share/realsense2_camera/environment/ament_prefix_path.sh
[18.661s] -- Installing: /home/asu/ika_ws/install/realsense2_camera/share/realsense2_camera/environment/ament_prefix_path.dsv
[18.661s] -- Installing: /home/asu/ika_ws/install/realsense2_camera/share/realsense2_camera/environment/path.sh
[18.661s] -- Installing: /home/asu/ika_ws/install/realsense2_camera/share/realsense2_camera/environment/path.dsv
[18.661s] -- Installing: /home/asu/ika_ws/install/realsense2_camera/share/realsense2_camera/local_setup.bash
[18.661s] -- Installing: /home/asu/ika_ws/install/realsense2_camera/share/realsense2_camera/local_setup.sh
[18.661s] -- Installing: /home/asu/ika_ws/install/realsense2_camera/share/realsense2_camera/local_setup.zsh
[18.661s] -- Installing: /home/asu/ika_ws/install/realsense2_camera/share/realsense2_camera/local_setup.dsv
[18.662s] -- Installing: /home/asu/ika_ws/install/realsense2_camera/share/realsense2_camera/package.dsv
[18.662s] -- Installing: /home/asu/ika_ws/install/realsense2_camera/share/ament_index/resource_index/packages/realsense2_camera
[18.662s] -- Installing: /home/asu/ika_ws/install/realsense2_camera/share/ament_index/resource_index/rclcpp_components/realsense2_camera
[18.662s] -- Installing: /home/asu/ika_ws/install/realsense2_camera/share/realsense2_camera/cmake/ament_cmake_export_include_directories-extras.cmake
[18.662s] -- Installing: /home/asu/ika_ws/install/realsense2_camera/share/realsense2_camera/cmake/ament_cmake_export_libraries-extras.cmake
[18.662s] -- Installing: /home/asu/ika_ws/install/realsense2_camera/share/realsense2_camera/cmake/ament_cmake_export_dependencies-extras.cmake
[18.662s] -- Installing: /home/asu/ika_ws/install/realsense2_camera/share/realsense2_camera/cmake/realsense2_cameraConfig.cmake
[18.662s] -- Installing: /home/asu/ika_ws/install/realsense2_camera/share/realsense2_camera/cmake/realsense2_cameraConfig-version.cmake
[18.662s] -- Installing: /home/asu/ika_ws/install/realsense2_camera/share/realsense2_camera/package.xml
[18.664s] Invoked command in '/home/asu/ika_ws/build/realsense2_camera' returned '0': AMENT_PREFIX_PATH=/home/asu/ika_ws/install/realsense2_camera_msgs:${AMENT_PREFIX_PATH} CMAKE_PREFIX_PATH=/home/asu/ika_ws/install/realsense2_camera_msgs:/opt/ros/humble LD_LIBRARY_PATH=/home/asu/ika_ws/install/realsense2_camera_msgs/lib:${LD_LIBRARY_PATH} PYTHONPATH=/home/asu/ika_ws/install/realsense2_camera_msgs/local/lib/python3.10/dist-packages:${PYTHONPATH} /usr/bin/cmake --install /home/asu/ika_ws/build/realsense2_camera
