[0.086s] DEBUG:colcon:Command line arguments: ['/usr/bin/colcon', 'build']
[0.086s] DEBUG:colcon:Parsed command line arguments: Namespace(log_base=None, log_level=None, verb_name='build', build_base='build', install_base='install', merge_install=False, symlink_install=False, test_result_base=None, continue_on_error=False, executor='parallel', parallel_workers=12, event_handlers=None, ignore_user_meta=False, metas=['./colcon.meta'], base_paths=['.'], packages_ignore=None, packages_ignore_regex=None, paths=None, packages_up_to=None, packages_up_to_regex=None, packages_above=None, packages_above_and_dependencies=None, packages_above_depth=None, packages_select_by_dep=None, packages_skip_by_dep=None, packages_skip_up_to=None, packages_select_build_failed=False, packages_skip_build_finished=False, packages_select_test_failures=False, packages_skip_test_passed=False, packages_select=None, packages_skip=None, packages_select_regex=None, packages_skip_regex=None, packages_start=None, packages_end=None, allow_overriding=[], cmake_args=None, cmake_target=None, cmake_target_skip_unavailable=False, cmake_clean_cache=False, cmake_clean_first=False, cmake_force_configure=False, ament_cmake_args=None, catkin_cmake_args=None, catkin_skip_building_tests=False, mixin_files=None, mixin=None, verb_parser=<colcon_mixin.mixin.mixin_argument.MixinArgumentDecorator object at 0x738414456890>, verb_extension=<colcon_core.verb.build.BuildVerb object at 0x738414456290>, main=<bound method BuildVerb.main of <colcon_core.verb.build.BuildVerb object at 0x738414456290>>, mixin_verb=('build',))
[0.228s] Level 1:colcon.colcon_core.package_discovery:discover_packages(colcon_meta) check parameters
[0.228s] Level 1:colcon.colcon_core.package_discovery:discover_packages(recursive) check parameters
[0.228s] Level 1:colcon.colcon_core.package_discovery:discover_packages(ignore) check parameters
[0.228s] Level 1:colcon.colcon_core.package_discovery:discover_packages(path) check parameters
[0.228s] Level 1:colcon.colcon_core.package_discovery:discover_packages(colcon_meta) discover
[0.228s] Level 1:colcon.colcon_core.package_discovery:discover_packages(recursive) discover
[0.228s] INFO:colcon.colcon_core.package_discovery:Crawling recursively for packages in '/home/asu/ika_ws'
[0.228s] Level 1:colcon.colcon_core.package_identification:_identify(.) by extensions ['ignore', 'ignore_ament_install']
[0.228s] Level 1:colcon.colcon_core.package_identification:_identify(.) by extension 'ignore'
[0.228s] Level 1:colcon.colcon_core.package_identification:_identify(.) by extension 'ignore_ament_install'
[0.228s] Level 1:colcon.colcon_core.package_identification:_identify(.) by extensions ['colcon_pkg']
[0.228s] Level 1:colcon.colcon_core.package_identification:_identify(.) by extension 'colcon_pkg'
[0.228s] Level 1:colcon.colcon_core.package_identification:_identify(.) by extensions ['colcon_meta']
[0.228s] Level 1:colcon.colcon_core.package_identification:_identify(.) by extension 'colcon_meta'
[0.228s] Level 1:colcon.colcon_core.package_identification:_identify(.) by extensions ['ros']
[0.228s] Level 1:colcon.colcon_core.package_identification:_identify(.) by extension 'ros'
[0.236s] Level 1:colcon.colcon_core.package_identification:_identify(.) by extensions ['cmake', 'python']
[0.237s] Level 1:colcon.colcon_core.package_identification:_identify(.) by extension 'cmake'
[0.237s] Level 1:colcon.colcon_core.package_identification:_identify(.) by extension 'python'
[0.237s] Level 1:colcon.colcon_core.package_identification:_identify(.) by extensions ['python_setup_py']
[0.237s] Level 1:colcon.colcon_core.package_identification:_identify(.) by extension 'python_setup_py'
[0.237s] Level 1:colcon.colcon_core.package_identification:_identify(build) by extensions ['ignore', 'ignore_ament_install']
[0.237s] Level 1:colcon.colcon_core.package_identification:_identify(build) by extension 'ignore'
[0.237s] Level 1:colcon.colcon_core.package_identification:_identify(build) ignored
[0.237s] Level 1:colcon.colcon_core.package_identification:_identify(install) by extensions ['ignore', 'ignore_ament_install']
[0.237s] Level 1:colcon.colcon_core.package_identification:_identify(install) by extension 'ignore'
[0.237s] Level 1:colcon.colcon_core.package_identification:_identify(install) ignored
[0.237s] Level 1:colcon.colcon_core.package_identification:_identify(log) by extensions ['ignore', 'ignore_ament_install']
[0.237s] Level 1:colcon.colcon_core.package_identification:_identify(log) by extension 'ignore'
[0.237s] Level 1:colcon.colcon_core.package_identification:_identify(log) ignored
[0.237s] Level 1:colcon.colcon_core.package_identification:_identify(src) by extensions ['ignore', 'ignore_ament_install']
[0.237s] Level 1:colcon.colcon_core.package_identification:_identify(src) by extension 'ignore'
[0.237s] Level 1:colcon.colcon_core.package_identification:_identify(src) by extension 'ignore_ament_install'
[0.237s] Level 1:colcon.colcon_core.package_identification:_identify(src) by extensions ['colcon_pkg']
[0.237s] Level 1:colcon.colcon_core.package_identification:_identify(src) by extension 'colcon_pkg'
[0.237s] Level 1:colcon.colcon_core.package_identification:_identify(src) by extensions ['colcon_meta']
[0.237s] Level 1:colcon.colcon_core.package_identification:_identify(src) by extension 'colcon_meta'
[0.238s] Level 1:colcon.colcon_core.package_identification:_identify(src) by extensions ['ros']
[0.238s] Level 1:colcon.colcon_core.package_identification:_identify(src) by extension 'ros'
[0.238s] Level 1:colcon.colcon_core.package_identification:_identify(src) by extensions ['cmake', 'python']
[0.238s] Level 1:colcon.colcon_core.package_identification:_identify(src) by extension 'cmake'
[0.238s] Level 1:colcon.colcon_core.package_identification:_identify(src) by extension 'python'
[0.238s] Level 1:colcon.colcon_core.package_identification:_identify(src) by extensions ['python_setup_py']
[0.238s] Level 1:colcon.colcon_core.package_identification:_identify(src) by extension 'python_setup_py'
[0.238s] Level 1:colcon.colcon_core.package_identification:_identify(src/camera_interface) by extensions ['ignore', 'ignore_ament_install']
[0.238s] Level 1:colcon.colcon_core.package_identification:_identify(src/camera_interface) by extension 'ignore'
[0.238s] Level 1:colcon.colcon_core.package_identification:_identify(src/camera_interface) by extension 'ignore_ament_install'
[0.238s] Level 1:colcon.colcon_core.package_identification:_identify(src/camera_interface) by extensions ['colcon_pkg']
[0.238s] Level 1:colcon.colcon_core.package_identification:_identify(src/camera_interface) by extension 'colcon_pkg'
[0.238s] Level 1:colcon.colcon_core.package_identification:_identify(src/camera_interface) by extensions ['colcon_meta']
[0.238s] Level 1:colcon.colcon_core.package_identification:_identify(src/camera_interface) by extension 'colcon_meta'
[0.238s] Level 1:colcon.colcon_core.package_identification:_identify(src/camera_interface) by extensions ['ros']
[0.238s] Level 1:colcon.colcon_core.package_identification:_identify(src/camera_interface) by extension 'ros'
[0.240s] DEBUG:colcon.colcon_core.package_identification:Package 'src/camera_interface' with type 'ros.ament_python' and name 'camera_interface'
[0.240s] Level 1:colcon.colcon_core.package_identification:_identify(src/realsense-ros) by extensions ['ignore', 'ignore_ament_install']
[0.240s] Level 1:colcon.colcon_core.package_identification:_identify(src/realsense-ros) by extension 'ignore'
[0.240s] Level 1:colcon.colcon_core.package_identification:_identify(src/realsense-ros) by extension 'ignore_ament_install'
[0.240s] Level 1:colcon.colcon_core.package_identification:_identify(src/realsense-ros) by extensions ['colcon_pkg']
[0.240s] Level 1:colcon.colcon_core.package_identification:_identify(src/realsense-ros) by extension 'colcon_pkg'
[0.240s] Level 1:colcon.colcon_core.package_identification:_identify(src/realsense-ros) by extensions ['colcon_meta']
[0.240s] Level 1:colcon.colcon_core.package_identification:_identify(src/realsense-ros) by extension 'colcon_meta'
[0.240s] Level 1:colcon.colcon_core.package_identification:_identify(src/realsense-ros) by extensions ['ros']
[0.240s] Level 1:colcon.colcon_core.package_identification:_identify(src/realsense-ros) by extension 'ros'
[0.240s] Level 1:colcon.colcon_core.package_identification:_identify(src/realsense-ros) by extensions ['cmake', 'python']
[0.240s] Level 1:colcon.colcon_core.package_identification:_identify(src/realsense-ros) by extension 'cmake'
[0.240s] Level 1:colcon.colcon_core.package_identification:_identify(src/realsense-ros) by extension 'python'
[0.240s] Level 1:colcon.colcon_core.package_identification:_identify(src/realsense-ros) by extensions ['python_setup_py']
[0.240s] Level 1:colcon.colcon_core.package_identification:_identify(src/realsense-ros) by extension 'python_setup_py'
[0.241s] Level 1:colcon.colcon_core.package_identification:_identify(src/realsense-ros/realsense2_camera) by extensions ['ignore', 'ignore_ament_install']
[0.241s] Level 1:colcon.colcon_core.package_identification:_identify(src/realsense-ros/realsense2_camera) by extension 'ignore'
[0.241s] Level 1:colcon.colcon_core.package_identification:_identify(src/realsense-ros/realsense2_camera) by extension 'ignore_ament_install'
[0.241s] Level 1:colcon.colcon_core.package_identification:_identify(src/realsense-ros/realsense2_camera) by extensions ['colcon_pkg']
[0.241s] Level 1:colcon.colcon_core.package_identification:_identify(src/realsense-ros/realsense2_camera) by extension 'colcon_pkg'
[0.241s] Level 1:colcon.colcon_core.package_identification:_identify(src/realsense-ros/realsense2_camera) by extensions ['colcon_meta']
[0.241s] Level 1:colcon.colcon_core.package_identification:_identify(src/realsense-ros/realsense2_camera) by extension 'colcon_meta'
[0.241s] Level 1:colcon.colcon_core.package_identification:_identify(src/realsense-ros/realsense2_camera) by extensions ['ros']
[0.241s] Level 1:colcon.colcon_core.package_identification:_identify(src/realsense-ros/realsense2_camera) by extension 'ros'
[0.242s] DEBUG:colcon.colcon_core.package_identification:Package 'src/realsense-ros/realsense2_camera' with type 'ros.ament_cmake' and name 'realsense2_camera'
[0.242s] Level 1:colcon.colcon_core.package_identification:_identify(src/realsense-ros/realsense2_camera_msgs) by extensions ['ignore', 'ignore_ament_install']
[0.242s] Level 1:colcon.colcon_core.package_identification:_identify(src/realsense-ros/realsense2_camera_msgs) by extension 'ignore'
[0.242s] Level 1:colcon.colcon_core.package_identification:_identify(src/realsense-ros/realsense2_camera_msgs) by extension 'ignore_ament_install'
[0.242s] Level 1:colcon.colcon_core.package_identification:_identify(src/realsense-ros/realsense2_camera_msgs) by extensions ['colcon_pkg']
[0.242s] Level 1:colcon.colcon_core.package_identification:_identify(src/realsense-ros/realsense2_camera_msgs) by extension 'colcon_pkg'
[0.242s] Level 1:colcon.colcon_core.package_identification:_identify(src/realsense-ros/realsense2_camera_msgs) by extensions ['colcon_meta']
[0.242s] Level 1:colcon.colcon_core.package_identification:_identify(src/realsense-ros/realsense2_camera_msgs) by extension 'colcon_meta'
[0.242s] Level 1:colcon.colcon_core.package_identification:_identify(src/realsense-ros/realsense2_camera_msgs) by extensions ['ros']
[0.243s] Level 1:colcon.colcon_core.package_identification:_identify(src/realsense-ros/realsense2_camera_msgs) by extension 'ros'
[0.243s] DEBUG:colcon.colcon_core.package_identification:Package 'src/realsense-ros/realsense2_camera_msgs' with type 'ros.ament_cmake' and name 'realsense2_camera_msgs'
[0.243s] Level 1:colcon.colcon_core.package_identification:_identify(src/realsense-ros/realsense2_description) by extensions ['ignore', 'ignore_ament_install']
[0.243s] Level 1:colcon.colcon_core.package_identification:_identify(src/realsense-ros/realsense2_description) by extension 'ignore'
[0.243s] Level 1:colcon.colcon_core.package_identification:_identify(src/realsense-ros/realsense2_description) by extension 'ignore_ament_install'
[0.243s] Level 1:colcon.colcon_core.package_identification:_identify(src/realsense-ros/realsense2_description) by extensions ['colcon_pkg']
[0.243s] Level 1:colcon.colcon_core.package_identification:_identify(src/realsense-ros/realsense2_description) by extension 'colcon_pkg'
[0.243s] Level 1:colcon.colcon_core.package_identification:_identify(src/realsense-ros/realsense2_description) by extensions ['colcon_meta']
[0.243s] Level 1:colcon.colcon_core.package_identification:_identify(src/realsense-ros/realsense2_description) by extension 'colcon_meta'
[0.243s] Level 1:colcon.colcon_core.package_identification:_identify(src/realsense-ros/realsense2_description) by extensions ['ros']
[0.243s] Level 1:colcon.colcon_core.package_identification:_identify(src/realsense-ros/realsense2_description) by extension 'ros'
[0.245s] DEBUG:colcon.colcon_core.package_identification:Package 'src/realsense-ros/realsense2_description' with type 'ros.ament_cmake' and name 'realsense2_description'
[0.245s] Level 1:colcon.colcon_core.package_identification:_identify(src/realsense-ros/scripts) by extensions ['ignore', 'ignore_ament_install']
[0.245s] Level 1:colcon.colcon_core.package_identification:_identify(src/realsense-ros/scripts) by extension 'ignore'
[0.245s] Level 1:colcon.colcon_core.package_identification:_identify(src/realsense-ros/scripts) by extension 'ignore_ament_install'
[0.245s] Level 1:colcon.colcon_core.package_identification:_identify(src/realsense-ros/scripts) by extensions ['colcon_pkg']
[0.245s] Level 1:colcon.colcon_core.package_identification:_identify(src/realsense-ros/scripts) by extension 'colcon_pkg'
[0.245s] Level 1:colcon.colcon_core.package_identification:_identify(src/realsense-ros/scripts) by extensions ['colcon_meta']
[0.245s] Level 1:colcon.colcon_core.package_identification:_identify(src/realsense-ros/scripts) by extension 'colcon_meta'
[0.245s] Level 1:colcon.colcon_core.package_identification:_identify(src/realsense-ros/scripts) by extensions ['ros']
[0.245s] Level 1:colcon.colcon_core.package_identification:_identify(src/realsense-ros/scripts) by extension 'ros'
[0.245s] Level 1:colcon.colcon_core.package_identification:_identify(src/realsense-ros/scripts) by extensions ['cmake', 'python']
[0.245s] Level 1:colcon.colcon_core.package_identification:_identify(src/realsense-ros/scripts) by extension 'cmake'
[0.245s] Level 1:colcon.colcon_core.package_identification:_identify(src/realsense-ros/scripts) by extension 'python'
[0.245s] Level 1:colcon.colcon_core.package_identification:_identify(src/realsense-ros/scripts) by extensions ['python_setup_py']
[0.245s] Level 1:colcon.colcon_core.package_identification:_identify(src/realsense-ros/scripts) by extension 'python_setup_py'
[0.245s] Level 1:colcon.colcon_core.package_identification:_identify(src/sllidar_ros2) by extensions ['ignore', 'ignore_ament_install']
[0.245s] Level 1:colcon.colcon_core.package_identification:_identify(src/sllidar_ros2) by extension 'ignore'
[0.245s] Level 1:colcon.colcon_core.package_identification:_identify(src/sllidar_ros2) by extension 'ignore_ament_install'
[0.245s] Level 1:colcon.colcon_core.package_identification:_identify(src/sllidar_ros2) by extensions ['colcon_pkg']
[0.245s] Level 1:colcon.colcon_core.package_identification:_identify(src/sllidar_ros2) by extension 'colcon_pkg'
[0.245s] Level 1:colcon.colcon_core.package_identification:_identify(src/sllidar_ros2) by extensions ['colcon_meta']
[0.245s] Level 1:colcon.colcon_core.package_identification:_identify(src/sllidar_ros2) by extension 'colcon_meta'
[0.246s] Level 1:colcon.colcon_core.package_identification:_identify(src/sllidar_ros2) by extensions ['ros']
[0.246s] Level 1:colcon.colcon_core.package_identification:_identify(src/sllidar_ros2) by extension 'ros'
[0.246s] DEBUG:colcon.colcon_core.package_identification:Package 'src/sllidar_ros2' with type 'ros.ament_cmake' and name 'sllidar_ros2'
[0.246s] Level 1:colcon.colcon_core.package_discovery:discover_packages(recursive) using defaults
[0.246s] Level 1:colcon.colcon_core.package_discovery:discover_packages(ignore) discover
[0.246s] Level 1:colcon.colcon_core.package_discovery:discover_packages(ignore) using defaults
[0.246s] Level 1:colcon.colcon_core.package_discovery:discover_packages(path) discover
[0.246s] Level 1:colcon.colcon_core.package_discovery:discover_packages(path) using defaults
[0.268s] Level 1:colcon.colcon_core.package_discovery:discover_packages(prefix_path) check parameters
[0.268s] Level 1:colcon.colcon_core.package_discovery:discover_packages(prefix_path) discover
[0.270s] DEBUG:colcon.colcon_installed_package_information.package_discovery:Found 5 installed packages in /home/asu/ika_ws/install
[0.271s] DEBUG:colcon.colcon_installed_package_information.package_discovery:Found 360 installed packages in /opt/ros/humble
[0.272s] Level 1:colcon.colcon_core.package_discovery:discover_packages(prefix_path) using defaults
[0.307s] Level 5:colcon.colcon_core.verb:set package 'camera_interface' build argument 'cmake_args' from command line to 'None'
[0.308s] Level 5:colcon.colcon_core.verb:set package 'camera_interface' build argument 'cmake_target' from command line to 'None'
[0.308s] Level 5:colcon.colcon_core.verb:set package 'camera_interface' build argument 'cmake_target_skip_unavailable' from command line to 'False'
[0.308s] Level 5:colcon.colcon_core.verb:set package 'camera_interface' build argument 'cmake_clean_cache' from command line to 'False'
[0.308s] Level 5:colcon.colcon_core.verb:set package 'camera_interface' build argument 'cmake_clean_first' from command line to 'False'
[0.308s] Level 5:colcon.colcon_core.verb:set package 'camera_interface' build argument 'cmake_force_configure' from command line to 'False'
[0.308s] Level 5:colcon.colcon_core.verb:set package 'camera_interface' build argument 'ament_cmake_args' from command line to 'None'
[0.308s] Level 5:colcon.colcon_core.verb:set package 'camera_interface' build argument 'catkin_cmake_args' from command line to 'None'
[0.308s] Level 5:colcon.colcon_core.verb:set package 'camera_interface' build argument 'catkin_skip_building_tests' from command line to 'False'
[0.308s] DEBUG:colcon.colcon_core.verb:Building package 'camera_interface' with the following arguments: {'ament_cmake_args': None, 'build_base': '/home/asu/ika_ws/build/camera_interface', 'catkin_cmake_args': None, 'catkin_skip_building_tests': False, 'cmake_args': None, 'cmake_clean_cache': False, 'cmake_clean_first': False, 'cmake_force_configure': False, 'cmake_target': None, 'cmake_target_skip_unavailable': False, 'install_base': '/home/asu/ika_ws/install/camera_interface', 'merge_install': False, 'path': '/home/asu/ika_ws/src/camera_interface', 'symlink_install': False, 'test_result_base': None}
[0.308s] Level 5:colcon.colcon_core.verb:set package 'realsense2_camera_msgs' build argument 'cmake_args' from command line to 'None'
[0.308s] Level 5:colcon.colcon_core.verb:set package 'realsense2_camera_msgs' build argument 'cmake_target' from command line to 'None'
[0.308s] Level 5:colcon.colcon_core.verb:set package 'realsense2_camera_msgs' build argument 'cmake_target_skip_unavailable' from command line to 'False'
[0.308s] Level 5:colcon.colcon_core.verb:set package 'realsense2_camera_msgs' build argument 'cmake_clean_cache' from command line to 'False'
[0.308s] Level 5:colcon.colcon_core.verb:set package 'realsense2_camera_msgs' build argument 'cmake_clean_first' from command line to 'False'
[0.308s] Level 5:colcon.colcon_core.verb:set package 'realsense2_camera_msgs' build argument 'cmake_force_configure' from command line to 'False'
[0.308s] Level 5:colcon.colcon_core.verb:set package 'realsense2_camera_msgs' build argument 'ament_cmake_args' from command line to 'None'
[0.308s] Level 5:colcon.colcon_core.verb:set package 'realsense2_camera_msgs' build argument 'catkin_cmake_args' from command line to 'None'
[0.308s] Level 5:colcon.colcon_core.verb:set package 'realsense2_camera_msgs' build argument 'catkin_skip_building_tests' from command line to 'False'
[0.308s] DEBUG:colcon.colcon_core.verb:Building package 'realsense2_camera_msgs' with the following arguments: {'ament_cmake_args': None, 'build_base': '/home/asu/ika_ws/build/realsense2_camera_msgs', 'catkin_cmake_args': None, 'catkin_skip_building_tests': False, 'cmake_args': None, 'cmake_clean_cache': False, 'cmake_clean_first': False, 'cmake_force_configure': False, 'cmake_target': None, 'cmake_target_skip_unavailable': False, 'install_base': '/home/asu/ika_ws/install/realsense2_camera_msgs', 'merge_install': False, 'path': '/home/asu/ika_ws/src/realsense-ros/realsense2_camera_msgs', 'symlink_install': False, 'test_result_base': None}
[0.308s] Level 5:colcon.colcon_core.verb:set package 'sllidar_ros2' build argument 'cmake_args' from command line to 'None'
[0.308s] Level 5:colcon.colcon_core.verb:set package 'sllidar_ros2' build argument 'cmake_target' from command line to 'None'
[0.309s] Level 5:colcon.colcon_core.verb:set package 'sllidar_ros2' build argument 'cmake_target_skip_unavailable' from command line to 'False'
[0.309s] Level 5:colcon.colcon_core.verb:set package 'sllidar_ros2' build argument 'cmake_clean_cache' from command line to 'False'
[0.309s] Level 5:colcon.colcon_core.verb:set package 'sllidar_ros2' build argument 'cmake_clean_first' from command line to 'False'
[0.309s] Level 5:colcon.colcon_core.verb:set package 'sllidar_ros2' build argument 'cmake_force_configure' from command line to 'False'
[0.309s] Level 5:colcon.colcon_core.verb:set package 'sllidar_ros2' build argument 'ament_cmake_args' from command line to 'None'
[0.309s] Level 5:colcon.colcon_core.verb:set package 'sllidar_ros2' build argument 'catkin_cmake_args' from command line to 'None'
[0.309s] Level 5:colcon.colcon_core.verb:set package 'sllidar_ros2' build argument 'catkin_skip_building_tests' from command line to 'False'
[0.309s] DEBUG:colcon.colcon_core.verb:Building package 'sllidar_ros2' with the following arguments: {'ament_cmake_args': None, 'build_base': '/home/asu/ika_ws/build/sllidar_ros2', 'catkin_cmake_args': None, 'catkin_skip_building_tests': False, 'cmake_args': None, 'cmake_clean_cache': False, 'cmake_clean_first': False, 'cmake_force_configure': False, 'cmake_target': None, 'cmake_target_skip_unavailable': False, 'install_base': '/home/asu/ika_ws/install/sllidar_ros2', 'merge_install': False, 'path': '/home/asu/ika_ws/src/sllidar_ros2', 'symlink_install': False, 'test_result_base': None}
[0.309s] Level 5:colcon.colcon_core.verb:set package 'realsense2_camera' build argument 'cmake_args' from command line to 'None'
[0.309s] Level 5:colcon.colcon_core.verb:set package 'realsense2_camera' build argument 'cmake_target' from command line to 'None'
[0.309s] Level 5:colcon.colcon_core.verb:set package 'realsense2_camera' build argument 'cmake_target_skip_unavailable' from command line to 'False'
[0.309s] Level 5:colcon.colcon_core.verb:set package 'realsense2_camera' build argument 'cmake_clean_cache' from command line to 'False'
[0.309s] Level 5:colcon.colcon_core.verb:set package 'realsense2_camera' build argument 'cmake_clean_first' from command line to 'False'
[0.309s] Level 5:colcon.colcon_core.verb:set package 'realsense2_camera' build argument 'cmake_force_configure' from command line to 'False'
[0.309s] Level 5:colcon.colcon_core.verb:set package 'realsense2_camera' build argument 'ament_cmake_args' from command line to 'None'
[0.309s] Level 5:colcon.colcon_core.verb:set package 'realsense2_camera' build argument 'catkin_cmake_args' from command line to 'None'
[0.309s] Level 5:colcon.colcon_core.verb:set package 'realsense2_camera' build argument 'catkin_skip_building_tests' from command line to 'False'
[0.309s] DEBUG:colcon.colcon_core.verb:Building package 'realsense2_camera' with the following arguments: {'ament_cmake_args': None, 'build_base': '/home/asu/ika_ws/build/realsense2_camera', 'catkin_cmake_args': None, 'catkin_skip_building_tests': False, 'cmake_args': None, 'cmake_clean_cache': False, 'cmake_clean_first': False, 'cmake_force_configure': False, 'cmake_target': None, 'cmake_target_skip_unavailable': False, 'install_base': '/home/asu/ika_ws/install/realsense2_camera', 'merge_install': False, 'path': '/home/asu/ika_ws/src/realsense-ros/realsense2_camera', 'symlink_install': False, 'test_result_base': None}
[0.309s] Level 5:colcon.colcon_core.verb:set package 'realsense2_description' build argument 'cmake_args' from command line to 'None'
[0.309s] Level 5:colcon.colcon_core.verb:set package 'realsense2_description' build argument 'cmake_target' from command line to 'None'
[0.309s] Level 5:colcon.colcon_core.verb:set package 'realsense2_description' build argument 'cmake_target_skip_unavailable' from command line to 'False'
[0.309s] Level 5:colcon.colcon_core.verb:set package 'realsense2_description' build argument 'cmake_clean_cache' from command line to 'False'
[0.309s] Level 5:colcon.colcon_core.verb:set package 'realsense2_description' build argument 'cmake_clean_first' from command line to 'False'
[0.309s] Level 5:colcon.colcon_core.verb:set package 'realsense2_description' build argument 'cmake_force_configure' from command line to 'False'
[0.309s] Level 5:colcon.colcon_core.verb:set package 'realsense2_description' build argument 'ament_cmake_args' from command line to 'None'
[0.310s] Level 5:colcon.colcon_core.verb:set package 'realsense2_description' build argument 'catkin_cmake_args' from command line to 'None'
[0.310s] Level 5:colcon.colcon_core.verb:set package 'realsense2_description' build argument 'catkin_skip_building_tests' from command line to 'False'
[0.310s] DEBUG:colcon.colcon_core.verb:Building package 'realsense2_description' with the following arguments: {'ament_cmake_args': None, 'build_base': '/home/asu/ika_ws/build/realsense2_description', 'catkin_cmake_args': None, 'catkin_skip_building_tests': False, 'cmake_args': None, 'cmake_clean_cache': False, 'cmake_clean_first': False, 'cmake_force_configure': False, 'cmake_target': None, 'cmake_target_skip_unavailable': False, 'install_base': '/home/asu/ika_ws/install/realsense2_description', 'merge_install': False, 'path': '/home/asu/ika_ws/src/realsense-ros/realsense2_description', 'symlink_install': False, 'test_result_base': None}
[0.310s] INFO:colcon.colcon_core.executor:Executing jobs using 'parallel' executor
[0.310s] DEBUG:colcon.colcon_parallel_executor.executor.parallel:run_until_complete
[0.311s] INFO:colcon.colcon_ros.task.ament_cmake.build:Building ROS package in '/home/asu/ika_ws/src/realsense-ros/realsense2_camera_msgs' with build type 'ament_cmake'
[0.311s] INFO:colcon.colcon_cmake.task.cmake.build:Building CMake package in '/home/asu/ika_ws/src/realsense-ros/realsense2_camera_msgs'
[0.312s] INFO:colcon.colcon_core.plugin_system:Skipping extension 'colcon_core.shell.bat': Not used on non-Windows systems
[0.312s] INFO:colcon.colcon_core.shell:Skip shell extension 'powershell' for command environment: Not usable outside of PowerShell
[0.312s] DEBUG:colcon.colcon_core.shell:Skip shell extension 'dsv' for command environment
[0.315s] INFO:colcon.colcon_ros.task.ament_python.build:Building ROS package in '/home/asu/ika_ws/src/camera_interface' with build type 'ament_python'
[0.315s] Level 1:colcon.colcon_core.shell:create_environment_hook('camera_interface', 'ament_prefix_path')
[0.316s] INFO:colcon.colcon_core.shell:Creating environment hook '/home/asu/ika_ws/install/camera_interface/share/camera_interface/hook/ament_prefix_path.ps1'
[0.316s] INFO:colcon.colcon_core.shell:Creating environment descriptor '/home/asu/ika_ws/install/camera_interface/share/camera_interface/hook/ament_prefix_path.dsv'
[0.316s] INFO:colcon.colcon_core.shell:Creating environment hook '/home/asu/ika_ws/install/camera_interface/share/camera_interface/hook/ament_prefix_path.sh'
[0.317s] INFO:colcon.colcon_core.shell:Skip shell extension 'powershell' for command environment: Not usable outside of PowerShell
[0.317s] DEBUG:colcon.colcon_core.shell:Skip shell extension 'dsv' for command environment
[0.319s] INFO:colcon.colcon_ros.task.ament_cmake.build:Building ROS package in '/home/asu/ika_ws/src/sllidar_ros2' with build type 'ament_cmake'
[0.320s] INFO:colcon.colcon_cmake.task.cmake.build:Building CMake package in '/home/asu/ika_ws/src/sllidar_ros2'
[0.320s] INFO:colcon.colcon_core.shell:Skip shell extension 'powershell' for command environment: Not usable outside of PowerShell
[0.320s] DEBUG:colcon.colcon_core.shell:Skip shell extension 'dsv' for command environment
[0.328s] DEBUG:colcon.colcon_core.event_handler.log_command:Invoking command in '/home/asu/ika_ws/build/realsense2_camera_msgs': CMAKE_PREFIX_PATH=${CMAKE_PREFIX_PATH}:/home/asu/ika_ws/install/camera_interface:/opt/ros/humble /usr/bin/cmake --build /home/asu/ika_ws/build/realsense2_camera_msgs -- -j12 -l12
[0.564s] INFO:colcon.colcon_core.task.python.build:Building Python package in '/home/asu/ika_ws/src/camera_interface'
[0.564s] INFO:colcon.colcon_core.shell:Skip shell extension 'powershell' for command environment: Not usable outside of PowerShell
[0.564s] DEBUG:colcon.colcon_core.shell:Skip shell extension 'dsv' for command environment
[0.573s] DEBUG:colcon.colcon_core.event_handler.log_command:Invoking command in '/home/asu/ika_ws/build/sllidar_ros2': CMAKE_PREFIX_PATH=${CMAKE_PREFIX_PATH}:/home/asu/ika_ws/install/camera_interface:/opt/ros/humble /usr/bin/cmake --build /home/asu/ika_ws/build/sllidar_ros2 -- -j12 -l12
[0.629s] DEBUG:colcon.colcon_core.event_handler.log_command:Invoked command in '/home/asu/ika_ws/build/sllidar_ros2' returned '0': CMAKE_PREFIX_PATH=${CMAKE_PREFIX_PATH}:/home/asu/ika_ws/install/camera_interface:/opt/ros/humble /usr/bin/cmake --build /home/asu/ika_ws/build/sllidar_ros2 -- -j12 -l12
[0.636s] DEBUG:colcon.colcon_core.event_handler.log_command:Invoking command in '/home/asu/ika_ws/build/sllidar_ros2': CMAKE_PREFIX_PATH=${CMAKE_PREFIX_PATH}:/home/asu/ika_ws/install/camera_interface:/opt/ros/humble /usr/bin/cmake --install /home/asu/ika_ws/build/sllidar_ros2
[0.637s] DEBUG:colcon.colcon_core.event_handler.log_command:Invoked command in '/home/asu/ika_ws/build/realsense2_camera_msgs' returned '0': CMAKE_PREFIX_PATH=${CMAKE_PREFIX_PATH}:/home/asu/ika_ws/install/camera_interface:/opt/ros/humble /usr/bin/cmake --build /home/asu/ika_ws/build/realsense2_camera_msgs -- -j12 -l12
[0.639s] DEBUG:colcon.colcon_core.event_handler.log_command:Invoking command in '/home/asu/ika_ws/build/realsense2_camera_msgs': CMAKE_PREFIX_PATH=${CMAKE_PREFIX_PATH}:/home/asu/ika_ws/install/camera_interface:/opt/ros/humble /usr/bin/cmake --install /home/asu/ika_ws/build/realsense2_camera_msgs
[0.647s] Level 1:colcon.colcon_core.environment:create_environment_scripts_only(sllidar_ros2)
[0.651s] DEBUG:colcon.colcon_core.event_handler.log_command:Invoked command in '/home/asu/ika_ws/build/sllidar_ros2' returned '0': CMAKE_PREFIX_PATH=${CMAKE_PREFIX_PATH}:/home/asu/ika_ws/install/camera_interface:/opt/ros/humble /usr/bin/cmake --install /home/asu/ika_ws/build/sllidar_ros2
[0.658s] Level 1:colcon.colcon_core.environment:checking '/home/asu/ika_ws/install/sllidar_ros2' for CMake module files
[0.658s] Level 1:colcon.colcon_core.environment:checking '/home/asu/ika_ws/install/sllidar_ros2' for CMake config files
[0.659s] Level 1:colcon.colcon_core.shell:create_environment_hook('sllidar_ros2', 'cmake_prefix_path')
[0.659s] INFO:colcon.colcon_core.shell:Creating environment hook '/home/asu/ika_ws/install/sllidar_ros2/share/sllidar_ros2/hook/cmake_prefix_path.ps1'
[0.659s] INFO:colcon.colcon_core.shell:Creating environment descriptor '/home/asu/ika_ws/install/sllidar_ros2/share/sllidar_ros2/hook/cmake_prefix_path.dsv'
[0.660s] INFO:colcon.colcon_core.shell:Creating environment hook '/home/asu/ika_ws/install/sllidar_ros2/share/sllidar_ros2/hook/cmake_prefix_path.sh'
[0.660s] Level 1:colcon.colcon_core.environment:checking '/home/asu/ika_ws/install/sllidar_ros2/lib'
[0.660s] Level 1:colcon.colcon_core.environment:checking '/home/asu/ika_ws/install/sllidar_ros2/bin'
[0.661s] Level 1:colcon.colcon_core.environment:checking '/home/asu/ika_ws/install/sllidar_ros2/lib/pkgconfig/sllidar_ros2.pc'
[0.661s] Level 1:colcon.colcon_core.environment:checking '/home/asu/ika_ws/install/sllidar_ros2/lib/python3.10/site-packages'
[0.661s] Level 1:colcon.colcon_core.environment:checking '/home/asu/ika_ws/install/sllidar_ros2/bin'
[0.661s] INFO:colcon.colcon_core.shell:Creating package script '/home/asu/ika_ws/install/sllidar_ros2/share/sllidar_ros2/package.ps1'
[0.662s] INFO:colcon.colcon_core.shell:Creating package descriptor '/home/asu/ika_ws/install/sllidar_ros2/share/sllidar_ros2/package.dsv'
[0.663s] INFO:colcon.colcon_core.shell:Creating package script '/home/asu/ika_ws/install/sllidar_ros2/share/sllidar_ros2/package.sh'
[0.663s] INFO:colcon.colcon_core.shell:Creating package script '/home/asu/ika_ws/install/sllidar_ros2/share/sllidar_ros2/package.bash'
[0.664s] INFO:colcon.colcon_core.shell:Creating package script '/home/asu/ika_ws/install/sllidar_ros2/share/sllidar_ros2/package.zsh'
[0.665s] Level 1:colcon.colcon_core.environment:create_file_with_runtime_dependencies(/home/asu/ika_ws/install/sllidar_ros2/share/colcon-core/packages/sllidar_ros2)
[0.665s] Level 1:colcon.colcon_core.environment:create_environment_scripts_only(sllidar_ros2)
[0.666s] Level 1:colcon.colcon_core.environment:checking '/home/asu/ika_ws/install/sllidar_ros2' for CMake module files
[0.666s] Level 1:colcon.colcon_core.environment:checking '/home/asu/ika_ws/install/sllidar_ros2' for CMake config files
[0.666s] Level 1:colcon.colcon_core.shell:create_environment_hook('sllidar_ros2', 'cmake_prefix_path')
[0.667s] INFO:colcon.colcon_core.shell:Creating environment hook '/home/asu/ika_ws/install/sllidar_ros2/share/sllidar_ros2/hook/cmake_prefix_path.ps1'
[0.667s] INFO:colcon.colcon_core.shell:Creating environment descriptor '/home/asu/ika_ws/install/sllidar_ros2/share/sllidar_ros2/hook/cmake_prefix_path.dsv'
[0.667s] INFO:colcon.colcon_core.shell:Creating environment hook '/home/asu/ika_ws/install/sllidar_ros2/share/sllidar_ros2/hook/cmake_prefix_path.sh'
[0.668s] Level 1:colcon.colcon_core.environment:checking '/home/asu/ika_ws/install/sllidar_ros2/lib'
[0.668s] Level 1:colcon.colcon_core.environment:checking '/home/asu/ika_ws/install/sllidar_ros2/bin'
[0.668s] Level 1:colcon.colcon_core.environment:checking '/home/asu/ika_ws/install/sllidar_ros2/lib/pkgconfig/sllidar_ros2.pc'
[0.668s] Level 1:colcon.colcon_core.environment:checking '/home/asu/ika_ws/install/sllidar_ros2/lib/python3.10/site-packages'
[0.668s] Level 1:colcon.colcon_core.environment:checking '/home/asu/ika_ws/install/sllidar_ros2/bin'
[0.669s] INFO:colcon.colcon_core.shell:Creating package script '/home/asu/ika_ws/install/sllidar_ros2/share/sllidar_ros2/package.ps1'
[0.669s] INFO:colcon.colcon_core.shell:Creating package descriptor '/home/asu/ika_ws/install/sllidar_ros2/share/sllidar_ros2/package.dsv'
[0.670s] INFO:colcon.colcon_core.shell:Creating package script '/home/asu/ika_ws/install/sllidar_ros2/share/sllidar_ros2/package.sh'
[0.670s] INFO:colcon.colcon_core.shell:Creating package script '/home/asu/ika_ws/install/sllidar_ros2/share/sllidar_ros2/package.bash'
[0.670s] INFO:colcon.colcon_core.shell:Creating package script '/home/asu/ika_ws/install/sllidar_ros2/share/sllidar_ros2/package.zsh'
[0.671s] Level 1:colcon.colcon_core.environment:create_file_with_runtime_dependencies(/home/asu/ika_ws/install/sllidar_ros2/share/colcon-core/packages/sllidar_ros2)
[0.690s] Level 1:colcon.colcon_core.environment:create_environment_scripts_only(realsense2_camera_msgs)
[0.690s] Level 1:colcon.colcon_core.environment:checking '/home/asu/ika_ws/install/realsense2_camera_msgs' for CMake module files
[0.690s] DEBUG:colcon.colcon_core.event_handler.log_command:Invoked command in '/home/asu/ika_ws/build/realsense2_camera_msgs' returned '0': CMAKE_PREFIX_PATH=${CMAKE_PREFIX_PATH}:/home/asu/ika_ws/install/camera_interface:/opt/ros/humble /usr/bin/cmake --install /home/asu/ika_ws/build/realsense2_camera_msgs
[0.691s] Level 1:colcon.colcon_core.environment:checking '/home/asu/ika_ws/install/realsense2_camera_msgs' for CMake config files
[0.691s] Level 1:colcon.colcon_core.shell:create_environment_hook('realsense2_camera_msgs', 'cmake_prefix_path')
[0.691s] INFO:colcon.colcon_core.shell:Creating environment hook '/home/asu/ika_ws/install/realsense2_camera_msgs/share/realsense2_camera_msgs/hook/cmake_prefix_path.ps1'
[0.692s] INFO:colcon.colcon_core.shell:Creating environment descriptor '/home/asu/ika_ws/install/realsense2_camera_msgs/share/realsense2_camera_msgs/hook/cmake_prefix_path.dsv'
[0.692s] INFO:colcon.colcon_core.shell:Creating environment hook '/home/asu/ika_ws/install/realsense2_camera_msgs/share/realsense2_camera_msgs/hook/cmake_prefix_path.sh'
[0.693s] Level 1:colcon.colcon_core.environment:checking '/home/asu/ika_ws/install/realsense2_camera_msgs/lib'
[0.693s] Level 1:colcon.colcon_core.shell:create_environment_hook('realsense2_camera_msgs', 'ld_library_path_lib')
[0.693s] INFO:colcon.colcon_core.shell:Creating environment hook '/home/asu/ika_ws/install/realsense2_camera_msgs/share/realsense2_camera_msgs/hook/ld_library_path_lib.ps1'
[0.693s] INFO:colcon.colcon_core.shell:Creating environment descriptor '/home/asu/ika_ws/install/realsense2_camera_msgs/share/realsense2_camera_msgs/hook/ld_library_path_lib.dsv'
[0.694s] INFO:colcon.colcon_core.shell:Creating environment hook '/home/asu/ika_ws/install/realsense2_camera_msgs/share/realsense2_camera_msgs/hook/ld_library_path_lib.sh'
[0.694s] Level 1:colcon.colcon_core.environment:checking '/home/asu/ika_ws/install/realsense2_camera_msgs/bin'
[0.694s] Level 1:colcon.colcon_core.environment:checking '/home/asu/ika_ws/install/realsense2_camera_msgs/lib/pkgconfig/realsense2_camera_msgs.pc'
[0.694s] Level 1:colcon.colcon_core.environment:checking '/home/asu/ika_ws/install/realsense2_camera_msgs/lib/python3.10/site-packages'
[0.695s] Level 1:colcon.colcon_core.environment:checking '/home/asu/ika_ws/install/realsense2_camera_msgs/bin'
[0.695s] INFO:colcon.colcon_core.shell:Creating package script '/home/asu/ika_ws/install/realsense2_camera_msgs/share/realsense2_camera_msgs/package.ps1'
[0.695s] INFO:colcon.colcon_core.shell:Creating package descriptor '/home/asu/ika_ws/install/realsense2_camera_msgs/share/realsense2_camera_msgs/package.dsv'
[0.696s] INFO:colcon.colcon_core.shell:Creating package script '/home/asu/ika_ws/install/realsense2_camera_msgs/share/realsense2_camera_msgs/package.sh'
[0.696s] INFO:colcon.colcon_core.shell:Creating package script '/home/asu/ika_ws/install/realsense2_camera_msgs/share/realsense2_camera_msgs/package.bash'
[0.696s] INFO:colcon.colcon_core.shell:Creating package script '/home/asu/ika_ws/install/realsense2_camera_msgs/share/realsense2_camera_msgs/package.zsh'
[0.697s] Level 1:colcon.colcon_core.environment:create_file_with_runtime_dependencies(/home/asu/ika_ws/install/realsense2_camera_msgs/share/colcon-core/packages/realsense2_camera_msgs)
[0.697s] Level 1:colcon.colcon_core.environment:create_environment_scripts_only(realsense2_camera_msgs)
[0.697s] Level 1:colcon.colcon_core.environment:checking '/home/asu/ika_ws/install/realsense2_camera_msgs' for CMake module files
[0.698s] Level 1:colcon.colcon_core.environment:checking '/home/asu/ika_ws/install/realsense2_camera_msgs' for CMake config files
[0.698s] Level 1:colcon.colcon_core.shell:create_environment_hook('realsense2_camera_msgs', 'cmake_prefix_path')
[0.699s] INFO:colcon.colcon_core.shell:Creating environment hook '/home/asu/ika_ws/install/realsense2_camera_msgs/share/realsense2_camera_msgs/hook/cmake_prefix_path.ps1'
[0.699s] INFO:colcon.colcon_core.shell:Creating environment descriptor '/home/asu/ika_ws/install/realsense2_camera_msgs/share/realsense2_camera_msgs/hook/cmake_prefix_path.dsv'
[0.699s] INFO:colcon.colcon_core.shell:Creating environment hook '/home/asu/ika_ws/install/realsense2_camera_msgs/share/realsense2_camera_msgs/hook/cmake_prefix_path.sh'
[0.700s] Level 1:colcon.colcon_core.environment:checking '/home/asu/ika_ws/install/realsense2_camera_msgs/lib'
[0.700s] Level 1:colcon.colcon_core.shell:create_environment_hook('realsense2_camera_msgs', 'ld_library_path_lib')
[0.700s] INFO:colcon.colcon_core.shell:Creating environment hook '/home/asu/ika_ws/install/realsense2_camera_msgs/share/realsense2_camera_msgs/hook/ld_library_path_lib.ps1'
[0.700s] INFO:colcon.colcon_core.shell:Creating environment descriptor '/home/asu/ika_ws/install/realsense2_camera_msgs/share/realsense2_camera_msgs/hook/ld_library_path_lib.dsv'
[0.700s] INFO:colcon.colcon_core.shell:Creating environment hook '/home/asu/ika_ws/install/realsense2_camera_msgs/share/realsense2_camera_msgs/hook/ld_library_path_lib.sh'
[0.701s] Level 1:colcon.colcon_core.environment:checking '/home/asu/ika_ws/install/realsense2_camera_msgs/bin'
[0.701s] Level 1:colcon.colcon_core.environment:checking '/home/asu/ika_ws/install/realsense2_camera_msgs/lib/pkgconfig/realsense2_camera_msgs.pc'
[0.701s] Level 1:colcon.colcon_core.environment:checking '/home/asu/ika_ws/install/realsense2_camera_msgs/lib/python3.10/site-packages'
[0.701s] Level 1:colcon.colcon_core.environment:checking '/home/asu/ika_ws/install/realsense2_camera_msgs/bin'
[0.702s] INFO:colcon.colcon_core.shell:Creating package script '/home/asu/ika_ws/install/realsense2_camera_msgs/share/realsense2_camera_msgs/package.ps1'
[0.702s] INFO:colcon.colcon_core.shell:Creating package descriptor '/home/asu/ika_ws/install/realsense2_camera_msgs/share/realsense2_camera_msgs/package.dsv'
[0.703s] INFO:colcon.colcon_core.shell:Creating package script '/home/asu/ika_ws/install/realsense2_camera_msgs/share/realsense2_camera_msgs/package.sh'
[0.703s] INFO:colcon.colcon_core.shell:Creating package script '/home/asu/ika_ws/install/realsense2_camera_msgs/share/realsense2_camera_msgs/package.bash'
[0.703s] INFO:colcon.colcon_core.shell:Creating package script '/home/asu/ika_ws/install/realsense2_camera_msgs/share/realsense2_camera_msgs/package.zsh'
[0.704s] Level 1:colcon.colcon_core.environment:create_file_with_runtime_dependencies(/home/asu/ika_ws/install/realsense2_camera_msgs/share/colcon-core/packages/realsense2_camera_msgs)
[0.704s] INFO:colcon.colcon_ros.task.ament_cmake.build:Building ROS package in '/home/asu/ika_ws/src/realsense-ros/realsense2_camera' with build type 'ament_cmake'
[0.704s] INFO:colcon.colcon_cmake.task.cmake.build:Building CMake package in '/home/asu/ika_ws/src/realsense-ros/realsense2_camera'
[0.704s] INFO:colcon.colcon_core.shell:Skip shell extension 'powershell' for command environment: Not usable outside of PowerShell
[0.704s] DEBUG:colcon.colcon_core.shell:Skip shell extension 'dsv' for command environment
[0.708s] INFO:colcon.colcon_ros.task.ament_cmake.build:Building ROS package in '/home/asu/ika_ws/src/realsense-ros/realsense2_description' with build type 'ament_cmake'
[0.708s] INFO:colcon.colcon_cmake.task.cmake.build:Building CMake package in '/home/asu/ika_ws/src/realsense-ros/realsense2_description'
[0.708s] INFO:colcon.colcon_core.shell:Skip shell extension 'powershell' for command environment: Not usable outside of PowerShell
[0.708s] DEBUG:colcon.colcon_core.shell:Skip shell extension 'dsv' for command environment
[0.714s] DEBUG:colcon.colcon_core.event_handler.log_command:Invoking command in '/home/asu/ika_ws/build/realsense2_camera': CMAKE_PREFIX_PATH=/home/asu/ika_ws/install/realsense2_camera_msgs:/home/asu/ika_ws/install/sllidar_ros2:/home/asu/ika_ws/install/realsense2_description:/home/asu/ika_ws/install/realsense2_camera:/home/asu/ika_ws/install/camera_interface:/opt/ros/humble LD_LIBRARY_PATH=/home/asu/ika_ws/install/realsense2_camera_msgs/lib:/home/asu/ika_ws/install/realsense2_camera/lib:/opt/ros/humble/opt/rviz_ogre_vendor/lib:/opt/ros/humble/lib/x86_64-linux-gnu:/opt/ros/humble/lib /usr/bin/cmake --build /home/asu/ika_ws/build/realsense2_camera -- -j12 -l12
[0.716s] DEBUG:colcon.colcon_core.event_handler.log_command:Invoking command in '/home/asu/ika_ws/build/realsense2_description': CMAKE_PREFIX_PATH=/home/asu/ika_ws/install/realsense2_camera_msgs:/home/asu/ika_ws/install/sllidar_ros2:/home/asu/ika_ws/install/realsense2_description:/home/asu/ika_ws/install/realsense2_camera:/home/asu/ika_ws/install/camera_interface:/opt/ros/humble LD_LIBRARY_PATH=/home/asu/ika_ws/install/realsense2_camera_msgs/lib:/home/asu/ika_ws/install/realsense2_camera/lib:/opt/ros/humble/opt/rviz_ogre_vendor/lib:/opt/ros/humble/lib/x86_64-linux-gnu:/opt/ros/humble/lib /usr/bin/cmake --build /home/asu/ika_ws/build/realsense2_description -- -j12 -l12
[0.745s] DEBUG:colcon.colcon_core.event_handler.log_command:Invoked command in '/home/asu/ika_ws/build/realsense2_description' returned '0': CMAKE_PREFIX_PATH=/home/asu/ika_ws/install/realsense2_camera_msgs:/home/asu/ika_ws/install/sllidar_ros2:/home/asu/ika_ws/install/realsense2_description:/home/asu/ika_ws/install/realsense2_camera:/home/asu/ika_ws/install/camera_interface:/opt/ros/humble LD_LIBRARY_PATH=/home/asu/ika_ws/install/realsense2_camera_msgs/lib:/home/asu/ika_ws/install/realsense2_camera/lib:/opt/ros/humble/opt/rviz_ogre_vendor/lib:/opt/ros/humble/lib/x86_64-linux-gnu:/opt/ros/humble/lib /usr/bin/cmake --build /home/asu/ika_ws/build/realsense2_description -- -j12 -l12
[0.747s] DEBUG:colcon.colcon_core.event_handler.log_command:Invoking command in '/home/asu/ika_ws/build/realsense2_description': CMAKE_PREFIX_PATH=/home/asu/ika_ws/install/realsense2_camera_msgs:/home/asu/ika_ws/install/sllidar_ros2:/home/asu/ika_ws/install/realsense2_description:/home/asu/ika_ws/install/realsense2_camera:/home/asu/ika_ws/install/camera_interface:/opt/ros/humble LD_LIBRARY_PATH=/home/asu/ika_ws/install/realsense2_camera_msgs/lib:/home/asu/ika_ws/install/realsense2_camera/lib:/opt/ros/humble/opt/rviz_ogre_vendor/lib:/opt/ros/humble/lib/x86_64-linux-gnu:/opt/ros/humble/lib /usr/bin/cmake --install /home/asu/ika_ws/build/realsense2_description
[0.757s] Level 1:colcon.colcon_core.environment:create_environment_scripts_only(realsense2_description)
[0.757s] Level 1:colcon.colcon_core.environment:checking '/home/asu/ika_ws/install/realsense2_description' for CMake module files
[0.757s] DEBUG:colcon.colcon_core.event_handler.log_command:Invoked command in '/home/asu/ika_ws/build/realsense2_description' returned '0': CMAKE_PREFIX_PATH=/home/asu/ika_ws/install/realsense2_camera_msgs:/home/asu/ika_ws/install/sllidar_ros2:/home/asu/ika_ws/install/realsense2_description:/home/asu/ika_ws/install/realsense2_camera:/home/asu/ika_ws/install/camera_interface:/opt/ros/humble LD_LIBRARY_PATH=/home/asu/ika_ws/install/realsense2_camera_msgs/lib:/home/asu/ika_ws/install/realsense2_camera/lib:/opt/ros/humble/opt/rviz_ogre_vendor/lib:/opt/ros/humble/lib/x86_64-linux-gnu:/opt/ros/humble/lib /usr/bin/cmake --install /home/asu/ika_ws/build/realsense2_description
[0.758s] Level 1:colcon.colcon_core.environment:checking '/home/asu/ika_ws/install/realsense2_description' for CMake config files
[0.758s] Level 1:colcon.colcon_core.shell:create_environment_hook('realsense2_description', 'cmake_prefix_path')
[0.758s] INFO:colcon.colcon_core.shell:Creating environment hook '/home/asu/ika_ws/install/realsense2_description/share/realsense2_description/hook/cmake_prefix_path.ps1'
[0.759s] INFO:colcon.colcon_core.shell:Creating environment descriptor '/home/asu/ika_ws/install/realsense2_description/share/realsense2_description/hook/cmake_prefix_path.dsv'
[0.759s] INFO:colcon.colcon_core.shell:Creating environment hook '/home/asu/ika_ws/install/realsense2_description/share/realsense2_description/hook/cmake_prefix_path.sh'
[0.759s] Level 1:colcon.colcon_core.environment:checking '/home/asu/ika_ws/install/realsense2_description/bin'
[0.759s] Level 1:colcon.colcon_core.environment:checking '/home/asu/ika_ws/install/realsense2_description/lib/pkgconfig/realsense2_description.pc'
[0.759s] Level 1:colcon.colcon_core.environment:checking '/home/asu/ika_ws/install/realsense2_description/lib/python3.10/site-packages'
[0.760s] Level 1:colcon.colcon_core.environment:checking '/home/asu/ika_ws/install/realsense2_description/bin'
[0.760s] INFO:colcon.colcon_core.shell:Creating package script '/home/asu/ika_ws/install/realsense2_description/share/realsense2_description/package.ps1'
[0.760s] INFO:colcon.colcon_core.shell:Creating package descriptor '/home/asu/ika_ws/install/realsense2_description/share/realsense2_description/package.dsv'
[0.761s] INFO:colcon.colcon_core.shell:Creating package script '/home/asu/ika_ws/install/realsense2_description/share/realsense2_description/package.sh'
[0.761s] INFO:colcon.colcon_core.shell:Creating package script '/home/asu/ika_ws/install/realsense2_description/share/realsense2_description/package.bash'
[0.762s] INFO:colcon.colcon_core.shell:Creating package script '/home/asu/ika_ws/install/realsense2_description/share/realsense2_description/package.zsh'
[0.762s] Level 1:colcon.colcon_core.environment:create_file_with_runtime_dependencies(/home/asu/ika_ws/install/realsense2_description/share/colcon-core/packages/realsense2_description)
[0.762s] Level 1:colcon.colcon_core.environment:create_environment_scripts_only(realsense2_description)
[0.763s] Level 1:colcon.colcon_core.environment:checking '/home/asu/ika_ws/install/realsense2_description' for CMake module files
[0.763s] Level 1:colcon.colcon_core.environment:checking '/home/asu/ika_ws/install/realsense2_description' for CMake config files
[0.763s] Level 1:colcon.colcon_core.shell:create_environment_hook('realsense2_description', 'cmake_prefix_path')
[0.763s] INFO:colcon.colcon_core.shell:Creating environment hook '/home/asu/ika_ws/install/realsense2_description/share/realsense2_description/hook/cmake_prefix_path.ps1'
[0.764s] INFO:colcon.colcon_core.shell:Creating environment descriptor '/home/asu/ika_ws/install/realsense2_description/share/realsense2_description/hook/cmake_prefix_path.dsv'
[0.764s] INFO:colcon.colcon_core.shell:Creating environment hook '/home/asu/ika_ws/install/realsense2_description/share/realsense2_description/hook/cmake_prefix_path.sh'
[0.764s] Level 1:colcon.colcon_core.environment:checking '/home/asu/ika_ws/install/realsense2_description/bin'
[0.764s] Level 1:colcon.colcon_core.environment:checking '/home/asu/ika_ws/install/realsense2_description/lib/pkgconfig/realsense2_description.pc'
[0.765s] Level 1:colcon.colcon_core.environment:checking '/home/asu/ika_ws/install/realsense2_description/lib/python3.10/site-packages'
[0.765s] Level 1:colcon.colcon_core.environment:checking '/home/asu/ika_ws/install/realsense2_description/bin'
[0.765s] INFO:colcon.colcon_core.shell:Creating package script '/home/asu/ika_ws/install/realsense2_description/share/realsense2_description/package.ps1'
[0.766s] INFO:colcon.colcon_core.shell:Creating package descriptor '/home/asu/ika_ws/install/realsense2_description/share/realsense2_description/package.dsv'
[0.766s] INFO:colcon.colcon_core.shell:Creating package script '/home/asu/ika_ws/install/realsense2_description/share/realsense2_description/package.sh'
[0.766s] INFO:colcon.colcon_core.shell:Creating package script '/home/asu/ika_ws/install/realsense2_description/share/realsense2_description/package.bash'
[0.767s] INFO:colcon.colcon_core.shell:Creating package script '/home/asu/ika_ws/install/realsense2_description/share/realsense2_description/package.zsh'
[0.767s] Level 1:colcon.colcon_core.environment:create_file_with_runtime_dependencies(/home/asu/ika_ws/install/realsense2_description/share/colcon-core/packages/realsense2_description)
[0.783s] DEBUG:colcon.colcon_core.event_handler.log_command:Invoked command in '/home/asu/ika_ws/build/realsense2_camera' returned '0': CMAKE_PREFIX_PATH=/home/asu/ika_ws/install/realsense2_camera_msgs:/home/asu/ika_ws/install/sllidar_ros2:/home/asu/ika_ws/install/realsense2_description:/home/asu/ika_ws/install/realsense2_camera:/home/asu/ika_ws/install/camera_interface:/opt/ros/humble LD_LIBRARY_PATH=/home/asu/ika_ws/install/realsense2_camera_msgs/lib:/home/asu/ika_ws/install/realsense2_camera/lib:/opt/ros/humble/opt/rviz_ogre_vendor/lib:/opt/ros/humble/lib/x86_64-linux-gnu:/opt/ros/humble/lib /usr/bin/cmake --build /home/asu/ika_ws/build/realsense2_camera -- -j12 -l12
[0.785s] DEBUG:colcon.colcon_core.event_handler.log_command:Invoking command in '/home/asu/ika_ws/build/realsense2_camera': CMAKE_PREFIX_PATH=/home/asu/ika_ws/install/realsense2_camera_msgs:/home/asu/ika_ws/install/sllidar_ros2:/home/asu/ika_ws/install/realsense2_description:/home/asu/ika_ws/install/realsense2_camera:/home/asu/ika_ws/install/camera_interface:/opt/ros/humble LD_LIBRARY_PATH=/home/asu/ika_ws/install/realsense2_camera_msgs/lib:/home/asu/ika_ws/install/realsense2_camera/lib:/opt/ros/humble/opt/rviz_ogre_vendor/lib:/opt/ros/humble/lib/x86_64-linux-gnu:/opt/ros/humble/lib /usr/bin/cmake --install /home/asu/ika_ws/build/realsense2_camera
[0.794s] Level 1:colcon.colcon_core.environment:create_environment_scripts_only(realsense2_camera)
[0.795s] Level 1:colcon.colcon_core.environment:checking '/home/asu/ika_ws/install/realsense2_camera' for CMake module files
[0.795s] DEBUG:colcon.colcon_core.event_handler.log_command:Invoked command in '/home/asu/ika_ws/build/realsense2_camera' returned '0': CMAKE_PREFIX_PATH=/home/asu/ika_ws/install/realsense2_camera_msgs:/home/asu/ika_ws/install/sllidar_ros2:/home/asu/ika_ws/install/realsense2_description:/home/asu/ika_ws/install/realsense2_camera:/home/asu/ika_ws/install/camera_interface:/opt/ros/humble LD_LIBRARY_PATH=/home/asu/ika_ws/install/realsense2_camera_msgs/lib:/home/asu/ika_ws/install/realsense2_camera/lib:/opt/ros/humble/opt/rviz_ogre_vendor/lib:/opt/ros/humble/lib/x86_64-linux-gnu:/opt/ros/humble/lib /usr/bin/cmake --install /home/asu/ika_ws/build/realsense2_camera
[0.796s] Level 1:colcon.colcon_core.environment:checking '/home/asu/ika_ws/install/realsense2_camera' for CMake config files
[0.796s] Level 1:colcon.colcon_core.shell:create_environment_hook('realsense2_camera', 'cmake_prefix_path')
[0.796s] INFO:colcon.colcon_core.shell:Creating environment hook '/home/asu/ika_ws/install/realsense2_camera/share/realsense2_camera/hook/cmake_prefix_path.ps1'
[0.797s] INFO:colcon.colcon_core.shell:Creating environment descriptor '/home/asu/ika_ws/install/realsense2_camera/share/realsense2_camera/hook/cmake_prefix_path.dsv'
[0.797s] INFO:colcon.colcon_core.shell:Creating environment hook '/home/asu/ika_ws/install/realsense2_camera/share/realsense2_camera/hook/cmake_prefix_path.sh'
[0.797s] Level 1:colcon.colcon_core.environment:checking '/home/asu/ika_ws/install/realsense2_camera/lib'
[0.797s] Level 1:colcon.colcon_core.shell:create_environment_hook('realsense2_camera', 'ld_library_path_lib')
[0.798s] INFO:colcon.colcon_core.shell:Creating environment hook '/home/asu/ika_ws/install/realsense2_camera/share/realsense2_camera/hook/ld_library_path_lib.ps1'
[0.798s] INFO:colcon.colcon_core.shell:Creating environment descriptor '/home/asu/ika_ws/install/realsense2_camera/share/realsense2_camera/hook/ld_library_path_lib.dsv'
[0.798s] INFO:colcon.colcon_core.shell:Creating environment hook '/home/asu/ika_ws/install/realsense2_camera/share/realsense2_camera/hook/ld_library_path_lib.sh'
[0.799s] Level 1:colcon.colcon_core.environment:checking '/home/asu/ika_ws/install/realsense2_camera/bin'
[0.799s] Level 1:colcon.colcon_core.environment:checking '/home/asu/ika_ws/install/realsense2_camera/lib/pkgconfig/realsense2_camera.pc'
[0.799s] Level 1:colcon.colcon_core.environment:checking '/home/asu/ika_ws/install/realsense2_camera/lib/python3.10/site-packages'
[0.799s] Level 1:colcon.colcon_core.environment:checking '/home/asu/ika_ws/install/realsense2_camera/bin'
[0.799s] INFO:colcon.colcon_core.shell:Creating package script '/home/asu/ika_ws/install/realsense2_camera/share/realsense2_camera/package.ps1'
[0.800s] INFO:colcon.colcon_core.shell:Creating package descriptor '/home/asu/ika_ws/install/realsense2_camera/share/realsense2_camera/package.dsv'
[0.800s] INFO:colcon.colcon_core.shell:Creating package script '/home/asu/ika_ws/install/realsense2_camera/share/realsense2_camera/package.sh'
[0.801s] INFO:colcon.colcon_core.shell:Creating package script '/home/asu/ika_ws/install/realsense2_camera/share/realsense2_camera/package.bash'
[0.801s] INFO:colcon.colcon_core.shell:Creating package script '/home/asu/ika_ws/install/realsense2_camera/share/realsense2_camera/package.zsh'
[0.801s] Level 1:colcon.colcon_core.environment:create_file_with_runtime_dependencies(/home/asu/ika_ws/install/realsense2_camera/share/colcon-core/packages/realsense2_camera)
[0.802s] Level 1:colcon.colcon_core.environment:create_environment_scripts_only(realsense2_camera)
[0.802s] Level 1:colcon.colcon_core.environment:checking '/home/asu/ika_ws/install/realsense2_camera' for CMake module files
[0.802s] Level 1:colcon.colcon_core.environment:checking '/home/asu/ika_ws/install/realsense2_camera' for CMake config files
[0.803s] Level 1:colcon.colcon_core.shell:create_environment_hook('realsense2_camera', 'cmake_prefix_path')
[0.803s] INFO:colcon.colcon_core.shell:Creating environment hook '/home/asu/ika_ws/install/realsense2_camera/share/realsense2_camera/hook/cmake_prefix_path.ps1'
[0.803s] INFO:colcon.colcon_core.shell:Creating environment descriptor '/home/asu/ika_ws/install/realsense2_camera/share/realsense2_camera/hook/cmake_prefix_path.dsv'
[0.803s] INFO:colcon.colcon_core.shell:Creating environment hook '/home/asu/ika_ws/install/realsense2_camera/share/realsense2_camera/hook/cmake_prefix_path.sh'
[0.804s] Level 1:colcon.colcon_core.environment:checking '/home/asu/ika_ws/install/realsense2_camera/lib'
[0.804s] Level 1:colcon.colcon_core.shell:create_environment_hook('realsense2_camera', 'ld_library_path_lib')
[0.804s] INFO:colcon.colcon_core.shell:Creating environment hook '/home/asu/ika_ws/install/realsense2_camera/share/realsense2_camera/hook/ld_library_path_lib.ps1'
[0.804s] INFO:colcon.colcon_core.shell:Creating environment descriptor '/home/asu/ika_ws/install/realsense2_camera/share/realsense2_camera/hook/ld_library_path_lib.dsv'
[0.805s] INFO:colcon.colcon_core.shell:Creating environment hook '/home/asu/ika_ws/install/realsense2_camera/share/realsense2_camera/hook/ld_library_path_lib.sh'
[0.805s] Level 1:colcon.colcon_core.environment:checking '/home/asu/ika_ws/install/realsense2_camera/bin'
[0.805s] Level 1:colcon.colcon_core.environment:checking '/home/asu/ika_ws/install/realsense2_camera/lib/pkgconfig/realsense2_camera.pc'
[0.805s] Level 1:colcon.colcon_core.environment:checking '/home/asu/ika_ws/install/realsense2_camera/lib/python3.10/site-packages'
[0.806s] Level 1:colcon.colcon_core.environment:checking '/home/asu/ika_ws/install/realsense2_camera/bin'
[0.806s] INFO:colcon.colcon_core.shell:Creating package script '/home/asu/ika_ws/install/realsense2_camera/share/realsense2_camera/package.ps1'
[0.806s] INFO:colcon.colcon_core.shell:Creating package descriptor '/home/asu/ika_ws/install/realsense2_camera/share/realsense2_camera/package.dsv'
[0.807s] INFO:colcon.colcon_core.shell:Creating package script '/home/asu/ika_ws/install/realsense2_camera/share/realsense2_camera/package.sh'
[0.807s] INFO:colcon.colcon_core.shell:Creating package script '/home/asu/ika_ws/install/realsense2_camera/share/realsense2_camera/package.bash'
[0.807s] INFO:colcon.colcon_core.shell:Creating package script '/home/asu/ika_ws/install/realsense2_camera/share/realsense2_camera/package.zsh'
[0.808s] Level 1:colcon.colcon_core.environment:create_file_with_runtime_dependencies(/home/asu/ika_ws/install/realsense2_camera/share/colcon-core/packages/realsense2_camera)
[0.922s] DEBUG:colcon.colcon_core.event_handler.log_command:Invoking command in '/home/asu/ika_ws/src/camera_interface': PYTHONPATH=/home/asu/ika_ws/build/camera_interface/prefix_override:/usr/lib/python3/dist-packages/colcon_core/task/python/colcon_distutils_commands:/home/asu/ika_ws/install/camera_interface/lib/python3.10/site-packages:${PYTHONPATH} /usr/bin/python3 -W ignore:setup.py install is deprecated -W ignore:easy_install command is deprecated setup.py egg_info --egg-base ../../build/camera_interface build --build-base /home/asu/ika_ws/build/camera_interface/build install --record /home/asu/ika_ws/build/camera_interface/install.log --single-version-externally-managed install_data
[1.173s] Level 1:colcon.colcon_core.environment:checking '/home/asu/ika_ws/install/camera_interface' for CMake module files
[1.173s] DEBUG:colcon.colcon_core.event_handler.log_command:Invoked command in '/home/asu/ika_ws/src/camera_interface' returned '0': PYTHONPATH=/home/asu/ika_ws/build/camera_interface/prefix_override:/usr/lib/python3/dist-packages/colcon_core/task/python/colcon_distutils_commands:/home/asu/ika_ws/install/camera_interface/lib/python3.10/site-packages:${PYTHONPATH} /usr/bin/python3 -W ignore:setup.py install is deprecated -W ignore:easy_install command is deprecated setup.py egg_info --egg-base ../../build/camera_interface build --build-base /home/asu/ika_ws/build/camera_interface/build install --record /home/asu/ika_ws/build/camera_interface/install.log --single-version-externally-managed install_data
[1.174s] Level 1:colcon.colcon_core.environment:checking '/home/asu/ika_ws/install/camera_interface' for CMake config files
[1.174s] Level 1:colcon.colcon_core.environment:checking '/home/asu/ika_ws/install/camera_interface/lib'
[1.174s] Level 1:colcon.colcon_core.environment:checking '/home/asu/ika_ws/install/camera_interface/bin'
[1.174s] Level 1:colcon.colcon_core.environment:checking '/home/asu/ika_ws/install/camera_interface/lib/pkgconfig/camera_interface.pc'
[1.174s] Level 1:colcon.colcon_core.environment:checking '/home/asu/ika_ws/install/camera_interface/lib/python3.10/site-packages'
[1.174s] Level 1:colcon.colcon_core.shell:create_environment_hook('camera_interface', 'pythonpath')
[1.175s] INFO:colcon.colcon_core.shell:Creating environment hook '/home/asu/ika_ws/install/camera_interface/share/camera_interface/hook/pythonpath.ps1'
[1.175s] INFO:colcon.colcon_core.shell:Creating environment descriptor '/home/asu/ika_ws/install/camera_interface/share/camera_interface/hook/pythonpath.dsv'
[1.175s] INFO:colcon.colcon_core.shell:Creating environment hook '/home/asu/ika_ws/install/camera_interface/share/camera_interface/hook/pythonpath.sh'
[1.176s] Level 1:colcon.colcon_core.environment:checking '/home/asu/ika_ws/install/camera_interface/bin'
[1.176s] Level 1:colcon.colcon_core.environment:create_environment_scripts_only(camera_interface)
[1.176s] INFO:colcon.colcon_core.shell:Creating package script '/home/asu/ika_ws/install/camera_interface/share/camera_interface/package.ps1'
[1.176s] INFO:colcon.colcon_core.shell:Creating package descriptor '/home/asu/ika_ws/install/camera_interface/share/camera_interface/package.dsv'
[1.177s] INFO:colcon.colcon_core.shell:Creating package script '/home/asu/ika_ws/install/camera_interface/share/camera_interface/package.sh'
[1.177s] INFO:colcon.colcon_core.shell:Creating package script '/home/asu/ika_ws/install/camera_interface/share/camera_interface/package.bash'
[1.177s] INFO:colcon.colcon_core.shell:Creating package script '/home/asu/ika_ws/install/camera_interface/share/camera_interface/package.zsh'
[1.177s] Level 1:colcon.colcon_core.environment:create_file_with_runtime_dependencies(/home/asu/ika_ws/install/camera_interface/share/colcon-core/packages/camera_interface)
[1.178s] DEBUG:colcon.colcon_parallel_executor.executor.parallel:closing loop
[1.178s] DEBUG:colcon.colcon_parallel_executor.executor.parallel:loop closed
[1.178s] DEBUG:colcon.colcon_parallel_executor.executor.parallel:run_until_complete finished with '0'
[1.178s] DEBUG:colcon.colcon_core.event_reactor:joining thread
[1.182s] INFO:colcon.colcon_core.plugin_system:Skipping extension 'colcon_notification.desktop_notification.terminal_notifier': Not used on non-Darwin systems
[1.182s] INFO:colcon.colcon_core.plugin_system:Skipping extension 'colcon_notification.desktop_notification.win32': Not used on non-Windows systems
[1.182s] INFO:colcon.colcon_notification.desktop_notification:Sending desktop notification using 'notify2'
[1.192s] DEBUG:colcon.colcon_core.event_reactor:joined thread
[1.192s] INFO:colcon.colcon_core.shell:Creating prefix script '/home/asu/ika_ws/install/local_setup.ps1'
[1.193s] INFO:colcon.colcon_core.shell:Creating prefix util module '/home/asu/ika_ws/install/_local_setup_util_ps1.py'
[1.195s] INFO:colcon.colcon_core.shell:Creating prefix chain script '/home/asu/ika_ws/install/setup.ps1'
[1.196s] INFO:colcon.colcon_core.shell:Creating prefix script '/home/asu/ika_ws/install/local_setup.sh'
[1.197s] INFO:colcon.colcon_core.shell:Creating prefix util module '/home/asu/ika_ws/install/_local_setup_util_sh.py'
[1.197s] INFO:colcon.colcon_core.shell:Creating prefix chain script '/home/asu/ika_ws/install/setup.sh'
[1.198s] INFO:colcon.colcon_core.shell:Creating prefix script '/home/asu/ika_ws/install/local_setup.bash'
[1.199s] INFO:colcon.colcon_core.shell:Creating prefix chain script '/home/asu/ika_ws/install/setup.bash'
[1.200s] INFO:colcon.colcon_core.shell:Creating prefix script '/home/asu/ika_ws/install/local_setup.zsh'
[1.200s] INFO:colcon.colcon_core.shell:Creating prefix chain script '/home/asu/ika_ws/install/setup.zsh'
