[0.255s] Invoking command in '/home/asu/ika_ws/build/sllidar_ros2': CMAKE_PREFIX_PATH=${CMAKE_PREFIX_PATH}:/home/asu/ika_ws/install/camera_interface:/opt/ros/humble /usr/bin/cmake --build /home/asu/ika_ws/build/sllidar_ros2 -- -j12 -l12
[0.297s] [ 10%] Built target sllidar_client
[0.302s] [100%] Built target sllidar_node
[0.313s] Invoked command in '/home/asu/ika_ws/build/sllidar_ros2' returned '0': CMAKE_PREFIX_PATH=${CMAKE_PREFIX_PATH}:/home/asu/ika_ws/install/camera_interface:/opt/ros/humble /usr/bin/cmake --build /home/asu/ika_ws/build/sllidar_ros2 -- -j12 -l12
[0.321s] Invoking command in '/home/asu/ika_ws/build/sllidar_ros2': CMAKE_PREFIX_PATH=${CMAKE_PREFIX_PATH}:/home/asu/ika_ws/install/camera_interface:/opt/ros/humble /usr/bin/cmake --install /home/asu/ika_ws/build/sllidar_ros2
[0.327s] -- Install configuration: ""
[0.327s] -- Up-to-date: /home/asu/ika_ws/install/sllidar_ros2/share/sllidar_ros2/launch
[0.327s] -- Up-to-date: /home/asu/ika_ws/install/sllidar_ros2/share/sllidar_ros2/launch/view_sllidar_a2m12_launch.py
[0.327s] -- Up-to-date: /home/asu/ika_ws/install/sllidar_ros2/share/sllidar_ros2/launch/sllidar_s1_launch.py
[0.328s] -- Up-to-date: /home/asu/ika_ws/install/sllidar_ros2/share/sllidar_ros2/launch/sllidar_s3_launch.py
[0.328s] -- Up-to-date: /home/asu/ika_ws/install/sllidar_ros2/share/sllidar_ros2/launch/sllidar_a1_launch.py
[0.328s] -- Up-to-date: /home/asu/ika_ws/install/sllidar_ros2/share/sllidar_ros2/launch/view_sllidar_a1_launch.py
[0.328s] -- Up-to-date: /home/asu/ika_ws/install/sllidar_ros2/share/sllidar_ros2/launch/view_sllidar_a2m7_launch.py
[0.328s] -- Up-to-date: /home/asu/ika_ws/install/sllidar_ros2/share/sllidar_ros2/launch/sllidar_t1_launch.py
[0.328s] -- Up-to-date: /home/asu/ika_ws/install/sllidar_ros2/share/sllidar_ros2/launch/sllidar_s2_launch.py
[0.328s] -- Up-to-date: /home/asu/ika_ws/install/sllidar_ros2/share/sllidar_ros2/launch/sllidar_a2m12_launch .py
[0.328s] -- Up-to-date: /home/asu/ika_ws/install/sllidar_ros2/share/sllidar_ros2/launch/sllidar_s1_tcp_launch.py
[0.328s] -- Up-to-date: /home/asu/ika_ws/install/sllidar_ros2/share/sllidar_ros2/launch/sllidar_a2m8_launch.py
[0.329s] -- Up-to-date: /home/asu/ika_ws/install/sllidar_ros2/share/sllidar_ros2/launch/view_sllidar_s1_tcp_launch.py
[0.329s] -- Up-to-date: /home/asu/ika_ws/install/sllidar_ros2/share/sllidar_ros2/launch/view_sllidar_s1_launch.py
[0.329s] -- Up-to-date: /home/asu/ika_ws/install/sllidar_ros2/share/sllidar_ros2/launch/sllidar_s2e_launch.py
[0.329s] -- Up-to-date: /home/asu/ika_ws/install/sllidar_ros2/share/sllidar_ros2/launch/view_sllidar_s2_launch.py
[0.329s] -- Up-to-date: /home/asu/ika_ws/install/sllidar_ros2/share/sllidar_ros2/launch/view_sllidar_s3_launch.py
[0.329s] -- Up-to-date: /home/asu/ika_ws/install/sllidar_ros2/share/sllidar_ros2/launch/view_sllidar_c1_launch.py
[0.329s] -- Up-to-date: /home/asu/ika_ws/install/sllidar_ros2/share/sllidar_ros2/launch/sllidar_a3_launch.py
[0.330s] -- Up-to-date: /home/asu/ika_ws/install/sllidar_ros2/share/sllidar_ros2/launch/view_sllidar_s2e_launch.py
[0.330s] -- Up-to-date: /home/asu/ika_ws/install/sllidar_ros2/share/sllidar_ros2/launch/view_sllidar_a3_launch.py
[0.331s] -- Up-to-date: /home/asu/ika_ws/install/sllidar_ros2/share/sllidar_ros2/launch/sllidar_a2m7_launch.py
[0.331s] -- Up-to-date: /home/asu/ika_ws/install/sllidar_ros2/share/sllidar_ros2/launch/view_sllidar_a2m8_launch.py
[0.331s] -- Up-to-date: /home/asu/ika_ws/install/sllidar_ros2/share/sllidar_ros2/launch/sllidar_c1_launch.py
[0.331s] -- Up-to-date: /home/asu/ika_ws/install/sllidar_ros2/share/sllidar_ros2/launch/view_sllidar_t1_launch.py
[0.332s] -- Up-to-date: /home/asu/ika_ws/install/sllidar_ros2/share/sllidar_ros2/rviz
[0.332s] -- Up-to-date: /home/asu/ika_ws/install/sllidar_ros2/share/sllidar_ros2/rviz/sllidar_ros2.rviz
[0.332s] -- Up-to-date: /home/asu/ika_ws/install/sllidar_ros2/lib/sllidar_ros2/sllidar_node
[0.332s] -- Up-to-date: /home/asu/ika_ws/install/sllidar_ros2/lib/sllidar_ros2/sllidar_client
[0.332s] -- Up-to-date: /home/asu/ika_ws/install/sllidar_ros2/share/ament_index/resource_index/package_run_dependencies/sllidar_ros2
[0.333s] -- Up-to-date: /home/asu/ika_ws/install/sllidar_ros2/share/ament_index/resource_index/parent_prefix_path/sllidar_ros2
[0.333s] -- Up-to-date: /home/asu/ika_ws/install/sllidar_ros2/share/sllidar_ros2/environment/ament_prefix_path.sh
[0.333s] -- Up-to-date: /home/asu/ika_ws/install/sllidar_ros2/share/sllidar_ros2/environment/ament_prefix_path.dsv
[0.333s] -- Up-to-date: /home/asu/ika_ws/install/sllidar_ros2/share/sllidar_ros2/environment/path.sh
[0.334s] -- Up-to-date: /home/asu/ika_ws/install/sllidar_ros2/share/sllidar_ros2/environment/path.dsv
[0.334s] -- Up-to-date: /home/asu/ika_ws/install/sllidar_ros2/share/sllidar_ros2/local_setup.bash
[0.334s] -- Up-to-date: /home/asu/ika_ws/install/sllidar_ros2/share/sllidar_ros2/local_setup.sh
[0.334s] -- Up-to-date: /home/asu/ika_ws/install/sllidar_ros2/share/sllidar_ros2/local_setup.zsh
[0.335s] -- Up-to-date: /home/asu/ika_ws/install/sllidar_ros2/share/sllidar_ros2/local_setup.dsv
[0.335s] -- Installing: /home/asu/ika_ws/install/sllidar_ros2/share/sllidar_ros2/package.dsv
[0.335s] -- Up-to-date: /home/asu/ika_ws/install/sllidar_ros2/share/ament_index/resource_index/packages/sllidar_ros2
[0.335s] -- Up-to-date: /home/asu/ika_ws/install/sllidar_ros2/share/sllidar_ros2/cmake/ament_cmake_export_dependencies-extras.cmake
[0.335s] -- Up-to-date: /home/asu/ika_ws/install/sllidar_ros2/share/sllidar_ros2/cmake/ament_cmake_export_include_directories-extras.cmake
[0.335s] -- Up-to-date: /home/asu/ika_ws/install/sllidar_ros2/share/sllidar_ros2/cmake/sllidar_ros2Config.cmake
[0.336s] -- Up-to-date: /home/asu/ika_ws/install/sllidar_ros2/share/sllidar_ros2/cmake/sllidar_ros2Config-version.cmake
[0.336s] -- Up-to-date: /home/asu/ika_ws/install/sllidar_ros2/share/sllidar_ros2/package.xml
[0.336s] Invoked command in '/home/asu/ika_ws/build/sllidar_ros2' returned '0': CMAKE_PREFIX_PATH=${CMAKE_PREFIX_PATH}:/home/asu/ika_ws/install/camera_interface:/opt/ros/humble /usr/bin/cmake --install /home/asu/ika_ws/build/sllidar_ros2
