[0.208s] DEBUG:colcon:Command line arguments: ['/usr/bin/colcon', 'build']
[0.208s] DEBUG:colcon:Parsed command line arguments: Namespace(log_base=None, log_level=None, verb_name='build', build_base='build', install_base='install', merge_install=False, symlink_install=False, test_result_base=None, continue_on_error=False, executor='parallel', parallel_workers=12, event_handlers=None, ignore_user_meta=False, metas=['./colcon.meta'], base_paths=['.'], packages_ignore=None, packages_ignore_regex=None, paths=None, packages_up_to=None, packages_up_to_regex=None, packages_above=None, packages_above_and_dependencies=None, packages_above_depth=None, packages_select_by_dep=None, packages_skip_by_dep=None, packages_skip_up_to=None, packages_select_build_failed=False, packages_skip_build_finished=False, packages_select_test_failures=False, packages_skip_test_passed=False, packages_select=None, packages_skip=None, packages_select_regex=None, packages_skip_regex=None, packages_start=None, packages_end=None, allow_overriding=[], cmake_args=None, cmake_target=None, cmake_target_skip_unavailable=False, cmake_clean_cache=False, cmake_clean_first=False, cmake_force_configure=False, ament_cmake_args=None, catkin_cmake_args=None, catkin_skip_building_tests=False, mixin_files=None, mixin=None, verb_parser=<colcon_mixin.mixin.mixin_argument.MixinArgumentDecorator object at 0x7d247886a320>, verb_extension=<colcon_core.verb.build.BuildVerb object at 0x7d2478869d20>, main=<bound method BuildVerb.main of <colcon_core.verb.build.BuildVerb object at 0x7d2478869d20>>, mixin_verb=('build',))
[0.416s] Level 1:colcon.colcon_core.package_discovery:discover_packages(colcon_meta) check parameters
[0.416s] Level 1:colcon.colcon_core.package_discovery:discover_packages(recursive) check parameters
[0.416s] Level 1:colcon.colcon_core.package_discovery:discover_packages(ignore) check parameters
[0.416s] Level 1:colcon.colcon_core.package_discovery:discover_packages(path) check parameters
[0.416s] Level 1:colcon.colcon_core.package_discovery:discover_packages(colcon_meta) discover
[0.416s] Level 1:colcon.colcon_core.package_discovery:discover_packages(recursive) discover
[0.416s] INFO:colcon.colcon_core.package_discovery:Crawling recursively for packages in '/home/asu/ika_ws'
[0.416s] Level 1:colcon.colcon_core.package_identification:_identify(.) by extensions ['ignore', 'ignore_ament_install']
[0.416s] Level 1:colcon.colcon_core.package_identification:_identify(.) by extension 'ignore'
[0.416s] Level 1:colcon.colcon_core.package_identification:_identify(.) by extension 'ignore_ament_install'
[0.416s] Level 1:colcon.colcon_core.package_identification:_identify(.) by extensions ['colcon_pkg']
[0.416s] Level 1:colcon.colcon_core.package_identification:_identify(.) by extension 'colcon_pkg'
[0.416s] Level 1:colcon.colcon_core.package_identification:_identify(.) by extensions ['colcon_meta']
[0.416s] Level 1:colcon.colcon_core.package_identification:_identify(.) by extension 'colcon_meta'
[0.417s] Level 1:colcon.colcon_core.package_identification:_identify(.) by extensions ['ros']
[0.417s] Level 1:colcon.colcon_core.package_identification:_identify(.) by extension 'ros'
[0.428s] Level 1:colcon.colcon_core.package_identification:_identify(.) by extensions ['cmake', 'python']
[0.428s] Level 1:colcon.colcon_core.package_identification:_identify(.) by extension 'cmake'
[0.428s] Level 1:colcon.colcon_core.package_identification:_identify(.) by extension 'python'
[0.428s] Level 1:colcon.colcon_core.package_identification:_identify(.) by extensions ['python_setup_py']
[0.428s] Level 1:colcon.colcon_core.package_identification:_identify(.) by extension 'python_setup_py'
[0.428s] Level 1:colcon.colcon_core.package_identification:_identify(build) by extensions ['ignore', 'ignore_ament_install']
[0.428s] Level 1:colcon.colcon_core.package_identification:_identify(build) by extension 'ignore'
[0.428s] Level 1:colcon.colcon_core.package_identification:_identify(build) ignored
[0.428s] Level 1:colcon.colcon_core.package_identification:_identify(install) by extensions ['ignore', 'ignore_ament_install']
[0.428s] Level 1:colcon.colcon_core.package_identification:_identify(install) by extension 'ignore'
[0.428s] Level 1:colcon.colcon_core.package_identification:_identify(install) ignored
[0.429s] Level 1:colcon.colcon_core.package_identification:_identify(log) by extensions ['ignore', 'ignore_ament_install']
[0.429s] Level 1:colcon.colcon_core.package_identification:_identify(log) by extension 'ignore'
[0.429s] Level 1:colcon.colcon_core.package_identification:_identify(log) ignored
[0.429s] Level 1:colcon.colcon_core.package_identification:_identify(src) by extensions ['ignore', 'ignore_ament_install']
[0.429s] Level 1:colcon.colcon_core.package_identification:_identify(src) by extension 'ignore'
[0.429s] Level 1:colcon.colcon_core.package_identification:_identify(src) by extension 'ignore_ament_install'
[0.429s] Level 1:colcon.colcon_core.package_identification:_identify(src) by extensions ['colcon_pkg']
[0.429s] Level 1:colcon.colcon_core.package_identification:_identify(src) by extension 'colcon_pkg'
[0.429s] Level 1:colcon.colcon_core.package_identification:_identify(src) by extensions ['colcon_meta']
[0.429s] Level 1:colcon.colcon_core.package_identification:_identify(src) by extension 'colcon_meta'
[0.429s] Level 1:colcon.colcon_core.package_identification:_identify(src) by extensions ['ros']
[0.429s] Level 1:colcon.colcon_core.package_identification:_identify(src) by extension 'ros'
[0.429s] Level 1:colcon.colcon_core.package_identification:_identify(src) by extensions ['cmake', 'python']
[0.429s] Level 1:colcon.colcon_core.package_identification:_identify(src) by extension 'cmake'
[0.429s] Level 1:colcon.colcon_core.package_identification:_identify(src) by extension 'python'
[0.429s] Level 1:colcon.colcon_core.package_identification:_identify(src) by extensions ['python_setup_py']
[0.429s] Level 1:colcon.colcon_core.package_identification:_identify(src) by extension 'python_setup_py'
[0.430s] Level 1:colcon.colcon_core.package_identification:_identify(src/camera_interface) by extensions ['ignore', 'ignore_ament_install']
[0.430s] Level 1:colcon.colcon_core.package_identification:_identify(src/camera_interface) by extension 'ignore'
[0.430s] Level 1:colcon.colcon_core.package_identification:_identify(src/camera_interface) by extension 'ignore_ament_install'
[0.430s] Level 1:colcon.colcon_core.package_identification:_identify(src/camera_interface) by extensions ['colcon_pkg']
[0.430s] Level 1:colcon.colcon_core.package_identification:_identify(src/camera_interface) by extension 'colcon_pkg'
[0.430s] Level 1:colcon.colcon_core.package_identification:_identify(src/camera_interface) by extensions ['colcon_meta']
[0.430s] Level 1:colcon.colcon_core.package_identification:_identify(src/camera_interface) by extension 'colcon_meta'
[0.430s] Level 1:colcon.colcon_core.package_identification:_identify(src/camera_interface) by extensions ['ros']
[0.430s] Level 1:colcon.colcon_core.package_identification:_identify(src/camera_interface) by extension 'ros'
[0.433s] DEBUG:colcon.colcon_core.package_identification:Package 'src/camera_interface' with type 'ros.ament_python' and name 'camera_interface'
[0.433s] Level 1:colcon.colcon_core.package_identification:_identify(src/realsense-ros) by extensions ['ignore', 'ignore_ament_install']
[0.433s] Level 1:colcon.colcon_core.package_identification:_identify(src/realsense-ros) by extension 'ignore'
[0.433s] Level 1:colcon.colcon_core.package_identification:_identify(src/realsense-ros) by extension 'ignore_ament_install'
[0.433s] Level 1:colcon.colcon_core.package_identification:_identify(src/realsense-ros) by extensions ['colcon_pkg']
[0.433s] Level 1:colcon.colcon_core.package_identification:_identify(src/realsense-ros) by extension 'colcon_pkg'
[0.433s] Level 1:colcon.colcon_core.package_identification:_identify(src/realsense-ros) by extensions ['colcon_meta']
[0.433s] Level 1:colcon.colcon_core.package_identification:_identify(src/realsense-ros) by extension 'colcon_meta'
[0.434s] Level 1:colcon.colcon_core.package_identification:_identify(src/realsense-ros) by extensions ['ros']
[0.434s] Level 1:colcon.colcon_core.package_identification:_identify(src/realsense-ros) by extension 'ros'
[0.434s] Level 1:colcon.colcon_core.package_identification:_identify(src/realsense-ros) by extensions ['cmake', 'python']
[0.434s] Level 1:colcon.colcon_core.package_identification:_identify(src/realsense-ros) by extension 'cmake'
[0.434s] Level 1:colcon.colcon_core.package_identification:_identify(src/realsense-ros) by extension 'python'
[0.434s] Level 1:colcon.colcon_core.package_identification:_identify(src/realsense-ros) by extensions ['python_setup_py']
[0.434s] Level 1:colcon.colcon_core.package_identification:_identify(src/realsense-ros) by extension 'python_setup_py'
[0.435s] Level 1:colcon.colcon_core.package_identification:_identify(src/realsense-ros/realsense2_camera) by extensions ['ignore', 'ignore_ament_install']
[0.435s] Level 1:colcon.colcon_core.package_identification:_identify(src/realsense-ros/realsense2_camera) by extension 'ignore'
[0.435s] Level 1:colcon.colcon_core.package_identification:_identify(src/realsense-ros/realsense2_camera) by extension 'ignore_ament_install'
[0.435s] Level 1:colcon.colcon_core.package_identification:_identify(src/realsense-ros/realsense2_camera) by extensions ['colcon_pkg']
[0.435s] Level 1:colcon.colcon_core.package_identification:_identify(src/realsense-ros/realsense2_camera) by extension 'colcon_pkg'
[0.435s] Level 1:colcon.colcon_core.package_identification:_identify(src/realsense-ros/realsense2_camera) by extensions ['colcon_meta']
[0.435s] Level 1:colcon.colcon_core.package_identification:_identify(src/realsense-ros/realsense2_camera) by extension 'colcon_meta'
[0.435s] Level 1:colcon.colcon_core.package_identification:_identify(src/realsense-ros/realsense2_camera) by extensions ['ros']
[0.435s] Level 1:colcon.colcon_core.package_identification:_identify(src/realsense-ros/realsense2_camera) by extension 'ros'
[0.436s] DEBUG:colcon.colcon_core.package_identification:Package 'src/realsense-ros/realsense2_camera' with type 'ros.ament_cmake' and name 'realsense2_camera'
[0.437s] Level 1:colcon.colcon_core.package_identification:_identify(src/realsense-ros/realsense2_camera_msgs) by extensions ['ignore', 'ignore_ament_install']
[0.437s] Level 1:colcon.colcon_core.package_identification:_identify(src/realsense-ros/realsense2_camera_msgs) by extension 'ignore'
[0.437s] Level 1:colcon.colcon_core.package_identification:_identify(src/realsense-ros/realsense2_camera_msgs) by extension 'ignore_ament_install'
[0.437s] Level 1:colcon.colcon_core.package_identification:_identify(src/realsense-ros/realsense2_camera_msgs) by extensions ['colcon_pkg']
[0.437s] Level 1:colcon.colcon_core.package_identification:_identify(src/realsense-ros/realsense2_camera_msgs) by extension 'colcon_pkg'
[0.437s] Level 1:colcon.colcon_core.package_identification:_identify(src/realsense-ros/realsense2_camera_msgs) by extensions ['colcon_meta']
[0.437s] Level 1:colcon.colcon_core.package_identification:_identify(src/realsense-ros/realsense2_camera_msgs) by extension 'colcon_meta'
[0.437s] Level 1:colcon.colcon_core.package_identification:_identify(src/realsense-ros/realsense2_camera_msgs) by extensions ['ros']
[0.437s] Level 1:colcon.colcon_core.package_identification:_identify(src/realsense-ros/realsense2_camera_msgs) by extension 'ros'
[0.438s] DEBUG:colcon.colcon_core.package_identification:Package 'src/realsense-ros/realsense2_camera_msgs' with type 'ros.ament_cmake' and name 'realsense2_camera_msgs'
[0.438s] Level 1:colcon.colcon_core.package_identification:_identify(src/realsense-ros/realsense2_description) by extensions ['ignore', 'ignore_ament_install']
[0.438s] Level 1:colcon.colcon_core.package_identification:_identify(src/realsense-ros/realsense2_description) by extension 'ignore'
[0.438s] Level 1:colcon.colcon_core.package_identification:_identify(src/realsense-ros/realsense2_description) by extension 'ignore_ament_install'
[0.438s] Level 1:colcon.colcon_core.package_identification:_identify(src/realsense-ros/realsense2_description) by extensions ['colcon_pkg']
[0.438s] Level 1:colcon.colcon_core.package_identification:_identify(src/realsense-ros/realsense2_description) by extension 'colcon_pkg'
[0.438s] Level 1:colcon.colcon_core.package_identification:_identify(src/realsense-ros/realsense2_description) by extensions ['colcon_meta']
[0.438s] Level 1:colcon.colcon_core.package_identification:_identify(src/realsense-ros/realsense2_description) by extension 'colcon_meta'
[0.439s] Level 1:colcon.colcon_core.package_identification:_identify(src/realsense-ros/realsense2_description) by extensions ['ros']
[0.439s] Level 1:colcon.colcon_core.package_identification:_identify(src/realsense-ros/realsense2_description) by extension 'ros'
[0.440s] DEBUG:colcon.colcon_core.package_identification:Package 'src/realsense-ros/realsense2_description' with type 'ros.ament_cmake' and name 'realsense2_description'
[0.440s] Level 1:colcon.colcon_core.package_identification:_identify(src/realsense-ros/scripts) by extensions ['ignore', 'ignore_ament_install']
[0.441s] Level 1:colcon.colcon_core.package_identification:_identify(src/realsense-ros/scripts) by extension 'ignore'
[0.441s] Level 1:colcon.colcon_core.package_identification:_identify(src/realsense-ros/scripts) by extension 'ignore_ament_install'
[0.441s] Level 1:colcon.colcon_core.package_identification:_identify(src/realsense-ros/scripts) by extensions ['colcon_pkg']
[0.441s] Level 1:colcon.colcon_core.package_identification:_identify(src/realsense-ros/scripts) by extension 'colcon_pkg'
[0.441s] Level 1:colcon.colcon_core.package_identification:_identify(src/realsense-ros/scripts) by extensions ['colcon_meta']
[0.441s] Level 1:colcon.colcon_core.package_identification:_identify(src/realsense-ros/scripts) by extension 'colcon_meta'
[0.441s] Level 1:colcon.colcon_core.package_identification:_identify(src/realsense-ros/scripts) by extensions ['ros']
[0.441s] Level 1:colcon.colcon_core.package_identification:_identify(src/realsense-ros/scripts) by extension 'ros'
[0.441s] Level 1:colcon.colcon_core.package_identification:_identify(src/realsense-ros/scripts) by extensions ['cmake', 'python']
[0.441s] Level 1:colcon.colcon_core.package_identification:_identify(src/realsense-ros/scripts) by extension 'cmake'
[0.441s] Level 1:colcon.colcon_core.package_identification:_identify(src/realsense-ros/scripts) by extension 'python'
[0.441s] Level 1:colcon.colcon_core.package_identification:_identify(src/realsense-ros/scripts) by extensions ['python_setup_py']
[0.441s] Level 1:colcon.colcon_core.package_identification:_identify(src/realsense-ros/scripts) by extension 'python_setup_py'
[0.441s] Level 1:colcon.colcon_core.package_identification:_identify(src/sllidar_ros2) by extensions ['ignore', 'ignore_ament_install']
[0.441s] Level 1:colcon.colcon_core.package_identification:_identify(src/sllidar_ros2) by extension 'ignore'
[0.442s] Level 1:colcon.colcon_core.package_identification:_identify(src/sllidar_ros2) by extension 'ignore_ament_install'
[0.442s] Level 1:colcon.colcon_core.package_identification:_identify(src/sllidar_ros2) by extensions ['colcon_pkg']
[0.442s] Level 1:colcon.colcon_core.package_identification:_identify(src/sllidar_ros2) by extension 'colcon_pkg'
[0.442s] Level 1:colcon.colcon_core.package_identification:_identify(src/sllidar_ros2) by extensions ['colcon_meta']
[0.442s] Level 1:colcon.colcon_core.package_identification:_identify(src/sllidar_ros2) by extension 'colcon_meta'
[0.442s] Level 1:colcon.colcon_core.package_identification:_identify(src/sllidar_ros2) by extensions ['ros']
[0.442s] Level 1:colcon.colcon_core.package_identification:_identify(src/sllidar_ros2) by extension 'ros'
[0.442s] DEBUG:colcon.colcon_core.package_identification:Package 'src/sllidar_ros2' with type 'ros.ament_cmake' and name 'sllidar_ros2'
[0.442s] Level 1:colcon.colcon_core.package_discovery:discover_packages(recursive) using defaults
[0.442s] Level 1:colcon.colcon_core.package_discovery:discover_packages(ignore) discover
[0.442s] Level 1:colcon.colcon_core.package_discovery:discover_packages(ignore) using defaults
[0.442s] Level 1:colcon.colcon_core.package_discovery:discover_packages(path) discover
[0.443s] Level 1:colcon.colcon_core.package_discovery:discover_packages(path) using defaults
[0.472s] Level 1:colcon.colcon_core.package_discovery:discover_packages(prefix_path) check parameters
[0.472s] Level 1:colcon.colcon_core.package_discovery:discover_packages(prefix_path) discover
[0.475s] DEBUG:colcon.colcon_installed_package_information.package_discovery:Found 360 installed packages in /opt/ros/humble
[0.477s] Level 1:colcon.colcon_core.package_discovery:discover_packages(prefix_path) using defaults
[0.512s] Level 5:colcon.colcon_core.verb:set package 'camera_interface' build argument 'cmake_args' from command line to 'None'
[0.512s] Level 5:colcon.colcon_core.verb:set package 'camera_interface' build argument 'cmake_target' from command line to 'None'
[0.512s] Level 5:colcon.colcon_core.verb:set package 'camera_interface' build argument 'cmake_target_skip_unavailable' from command line to 'False'
[0.512s] Level 5:colcon.colcon_core.verb:set package 'camera_interface' build argument 'cmake_clean_cache' from command line to 'False'
[0.512s] Level 5:colcon.colcon_core.verb:set package 'camera_interface' build argument 'cmake_clean_first' from command line to 'False'
[0.512s] Level 5:colcon.colcon_core.verb:set package 'camera_interface' build argument 'cmake_force_configure' from command line to 'False'
[0.512s] Level 5:colcon.colcon_core.verb:set package 'camera_interface' build argument 'ament_cmake_args' from command line to 'None'
[0.512s] Level 5:colcon.colcon_core.verb:set package 'camera_interface' build argument 'catkin_cmake_args' from command line to 'None'
[0.512s] Level 5:colcon.colcon_core.verb:set package 'camera_interface' build argument 'catkin_skip_building_tests' from command line to 'False'
[0.513s] DEBUG:colcon.colcon_core.verb:Building package 'camera_interface' with the following arguments: {'ament_cmake_args': None, 'build_base': '/home/asu/ika_ws/build/camera_interface', 'catkin_cmake_args': None, 'catkin_skip_building_tests': False, 'cmake_args': None, 'cmake_clean_cache': False, 'cmake_clean_first': False, 'cmake_force_configure': False, 'cmake_target': None, 'cmake_target_skip_unavailable': False, 'install_base': '/home/asu/ika_ws/install/camera_interface', 'merge_install': False, 'path': '/home/asu/ika_ws/src/camera_interface', 'symlink_install': False, 'test_result_base': None}
[0.513s] Level 5:colcon.colcon_core.verb:set package 'realsense2_camera_msgs' build argument 'cmake_args' from command line to 'None'
[0.513s] Level 5:colcon.colcon_core.verb:set package 'realsense2_camera_msgs' build argument 'cmake_target' from command line to 'None'
[0.513s] Level 5:colcon.colcon_core.verb:set package 'realsense2_camera_msgs' build argument 'cmake_target_skip_unavailable' from command line to 'False'
[0.513s] Level 5:colcon.colcon_core.verb:set package 'realsense2_camera_msgs' build argument 'cmake_clean_cache' from command line to 'False'
[0.513s] Level 5:colcon.colcon_core.verb:set package 'realsense2_camera_msgs' build argument 'cmake_clean_first' from command line to 'False'
[0.513s] Level 5:colcon.colcon_core.verb:set package 'realsense2_camera_msgs' build argument 'cmake_force_configure' from command line to 'False'
[0.513s] Level 5:colcon.colcon_core.verb:set package 'realsense2_camera_msgs' build argument 'ament_cmake_args' from command line to 'None'
[0.513s] Level 5:colcon.colcon_core.verb:set package 'realsense2_camera_msgs' build argument 'catkin_cmake_args' from command line to 'None'
[0.513s] Level 5:colcon.colcon_core.verb:set package 'realsense2_camera_msgs' build argument 'catkin_skip_building_tests' from command line to 'False'
[0.513s] DEBUG:colcon.colcon_core.verb:Building package 'realsense2_camera_msgs' with the following arguments: {'ament_cmake_args': None, 'build_base': '/home/asu/ika_ws/build/realsense2_camera_msgs', 'catkin_cmake_args': None, 'catkin_skip_building_tests': False, 'cmake_args': None, 'cmake_clean_cache': False, 'cmake_clean_first': False, 'cmake_force_configure': False, 'cmake_target': None, 'cmake_target_skip_unavailable': False, 'install_base': '/home/asu/ika_ws/install/realsense2_camera_msgs', 'merge_install': False, 'path': '/home/asu/ika_ws/src/realsense-ros/realsense2_camera_msgs', 'symlink_install': False, 'test_result_base': None}
[0.513s] Level 5:colcon.colcon_core.verb:set package 'sllidar_ros2' build argument 'cmake_args' from command line to 'None'
[0.513s] Level 5:colcon.colcon_core.verb:set package 'sllidar_ros2' build argument 'cmake_target' from command line to 'None'
[0.513s] Level 5:colcon.colcon_core.verb:set package 'sllidar_ros2' build argument 'cmake_target_skip_unavailable' from command line to 'False'
[0.513s] Level 5:colcon.colcon_core.verb:set package 'sllidar_ros2' build argument 'cmake_clean_cache' from command line to 'False'
[0.513s] Level 5:colcon.colcon_core.verb:set package 'sllidar_ros2' build argument 'cmake_clean_first' from command line to 'False'
[0.513s] Level 5:colcon.colcon_core.verb:set package 'sllidar_ros2' build argument 'cmake_force_configure' from command line to 'False'
[0.513s] Level 5:colcon.colcon_core.verb:set package 'sllidar_ros2' build argument 'ament_cmake_args' from command line to 'None'
[0.513s] Level 5:colcon.colcon_core.verb:set package 'sllidar_ros2' build argument 'catkin_cmake_args' from command line to 'None'
[0.513s] Level 5:colcon.colcon_core.verb:set package 'sllidar_ros2' build argument 'catkin_skip_building_tests' from command line to 'False'
[0.513s] DEBUG:colcon.colcon_core.verb:Building package 'sllidar_ros2' with the following arguments: {'ament_cmake_args': None, 'build_base': '/home/asu/ika_ws/build/sllidar_ros2', 'catkin_cmake_args': None, 'catkin_skip_building_tests': False, 'cmake_args': None, 'cmake_clean_cache': False, 'cmake_clean_first': False, 'cmake_force_configure': False, 'cmake_target': None, 'cmake_target_skip_unavailable': False, 'install_base': '/home/asu/ika_ws/install/sllidar_ros2', 'merge_install': False, 'path': '/home/asu/ika_ws/src/sllidar_ros2', 'symlink_install': False, 'test_result_base': None}
[0.514s] Level 5:colcon.colcon_core.verb:set package 'realsense2_camera' build argument 'cmake_args' from command line to 'None'
[0.514s] Level 5:colcon.colcon_core.verb:set package 'realsense2_camera' build argument 'cmake_target' from command line to 'None'
[0.514s] Level 5:colcon.colcon_core.verb:set package 'realsense2_camera' build argument 'cmake_target_skip_unavailable' from command line to 'False'
[0.514s] Level 5:colcon.colcon_core.verb:set package 'realsense2_camera' build argument 'cmake_clean_cache' from command line to 'False'
[0.514s] Level 5:colcon.colcon_core.verb:set package 'realsense2_camera' build argument 'cmake_clean_first' from command line to 'False'
[0.514s] Level 5:colcon.colcon_core.verb:set package 'realsense2_camera' build argument 'cmake_force_configure' from command line to 'False'
[0.514s] Level 5:colcon.colcon_core.verb:set package 'realsense2_camera' build argument 'ament_cmake_args' from command line to 'None'
[0.514s] Level 5:colcon.colcon_core.verb:set package 'realsense2_camera' build argument 'catkin_cmake_args' from command line to 'None'
[0.514s] Level 5:colcon.colcon_core.verb:set package 'realsense2_camera' build argument 'catkin_skip_building_tests' from command line to 'False'
[0.514s] DEBUG:colcon.colcon_core.verb:Building package 'realsense2_camera' with the following arguments: {'ament_cmake_args': None, 'build_base': '/home/asu/ika_ws/build/realsense2_camera', 'catkin_cmake_args': None, 'catkin_skip_building_tests': False, 'cmake_args': None, 'cmake_clean_cache': False, 'cmake_clean_first': False, 'cmake_force_configure': False, 'cmake_target': None, 'cmake_target_skip_unavailable': False, 'install_base': '/home/asu/ika_ws/install/realsense2_camera', 'merge_install': False, 'path': '/home/asu/ika_ws/src/realsense-ros/realsense2_camera', 'symlink_install': False, 'test_result_base': None}
[0.514s] Level 5:colcon.colcon_core.verb:set package 'realsense2_description' build argument 'cmake_args' from command line to 'None'
[0.514s] Level 5:colcon.colcon_core.verb:set package 'realsense2_description' build argument 'cmake_target' from command line to 'None'
[0.514s] Level 5:colcon.colcon_core.verb:set package 'realsense2_description' build argument 'cmake_target_skip_unavailable' from command line to 'False'
[0.514s] Level 5:colcon.colcon_core.verb:set package 'realsense2_description' build argument 'cmake_clean_cache' from command line to 'False'
[0.514s] Level 5:colcon.colcon_core.verb:set package 'realsense2_description' build argument 'cmake_clean_first' from command line to 'False'
[0.514s] Level 5:colcon.colcon_core.verb:set package 'realsense2_description' build argument 'cmake_force_configure' from command line to 'False'
[0.514s] Level 5:colcon.colcon_core.verb:set package 'realsense2_description' build argument 'ament_cmake_args' from command line to 'None'
[0.514s] Level 5:colcon.colcon_core.verb:set package 'realsense2_description' build argument 'catkin_cmake_args' from command line to 'None'
[0.514s] Level 5:colcon.colcon_core.verb:set package 'realsense2_description' build argument 'catkin_skip_building_tests' from command line to 'False'
[0.514s] DEBUG:colcon.colcon_core.verb:Building package 'realsense2_description' with the following arguments: {'ament_cmake_args': None, 'build_base': '/home/asu/ika_ws/build/realsense2_description', 'catkin_cmake_args': None, 'catkin_skip_building_tests': False, 'cmake_args': None, 'cmake_clean_cache': False, 'cmake_clean_first': False, 'cmake_force_configure': False, 'cmake_target': None, 'cmake_target_skip_unavailable': False, 'install_base': '/home/asu/ika_ws/install/realsense2_description', 'merge_install': False, 'path': '/home/asu/ika_ws/src/realsense-ros/realsense2_description', 'symlink_install': False, 'test_result_base': None}
[0.515s] INFO:colcon.colcon_core.executor:Executing jobs using 'parallel' executor
[0.515s] DEBUG:colcon.colcon_parallel_executor.executor.parallel:run_until_complete
[0.516s] INFO:colcon.colcon_ros.task.ament_cmake.build:Building ROS package in '/home/asu/ika_ws/src/realsense-ros/realsense2_camera_msgs' with build type 'ament_cmake'
[0.516s] INFO:colcon.colcon_cmake.task.cmake.build:Building CMake package in '/home/asu/ika_ws/src/realsense-ros/realsense2_camera_msgs'
[0.519s] INFO:colcon.colcon_core.plugin_system:Skipping extension 'colcon_core.shell.bat': Not used on non-Windows systems
[0.519s] INFO:colcon.colcon_core.shell:Skip shell extension 'powershell' for command environment: Not usable outside of PowerShell
[0.520s] DEBUG:colcon.colcon_core.shell:Skip shell extension 'dsv' for command environment
[0.522s] INFO:colcon.colcon_ros.task.ament_python.build:Building ROS package in '/home/asu/ika_ws/src/camera_interface' with build type 'ament_python'
[0.522s] Level 1:colcon.colcon_core.shell:create_environment_hook('camera_interface', 'ament_prefix_path')
[0.522s] INFO:colcon.colcon_core.shell:Creating environment hook '/home/asu/ika_ws/install/camera_interface/share/camera_interface/hook/ament_prefix_path.ps1'
[0.523s] INFO:colcon.colcon_core.shell:Creating environment descriptor '/home/asu/ika_ws/install/camera_interface/share/camera_interface/hook/ament_prefix_path.dsv'
[0.524s] INFO:colcon.colcon_core.shell:Creating environment hook '/home/asu/ika_ws/install/camera_interface/share/camera_interface/hook/ament_prefix_path.sh'
[0.525s] INFO:colcon.colcon_core.shell:Skip shell extension 'powershell' for command environment: Not usable outside of PowerShell
[0.525s] DEBUG:colcon.colcon_core.shell:Skip shell extension 'dsv' for command environment
[0.527s] INFO:colcon.colcon_ros.task.ament_cmake.build:Building ROS package in '/home/asu/ika_ws/src/sllidar_ros2' with build type 'ament_cmake'
[0.527s] INFO:colcon.colcon_cmake.task.cmake.build:Building CMake package in '/home/asu/ika_ws/src/sllidar_ros2'
[0.527s] INFO:colcon.colcon_core.shell:Skip shell extension 'powershell' for command environment: Not usable outside of PowerShell
[0.527s] DEBUG:colcon.colcon_core.shell:Skip shell extension 'dsv' for command environment
[0.533s] DEBUG:colcon.colcon_core.event_handler.log_command:Invoking command in '/home/asu/ika_ws/build/realsense2_camera_msgs': CMAKE_PREFIX_PATH=/opt/ros/humble /usr/bin/cmake --build /home/asu/ika_ws/build/realsense2_camera_msgs -- -j12 -l12
[0.755s] INFO:colcon.colcon_core.task.python.build:Building Python package in '/home/asu/ika_ws/src/camera_interface'
[0.756s] INFO:colcon.colcon_core.shell:Skip shell extension 'powershell' for command environment: Not usable outside of PowerShell
[0.756s] DEBUG:colcon.colcon_core.shell:Skip shell extension 'dsv' for command environment
[0.764s] DEBUG:colcon.colcon_core.event_handler.log_command:Invoking command in '/home/asu/ika_ws/build/sllidar_ros2': CMAKE_PREFIX_PATH=/opt/ros/humble /usr/bin/cmake --build /home/asu/ika_ws/build/sllidar_ros2 -- -j12 -l12
[0.830s] DEBUG:colcon.colcon_core.event_handler.log_command:Invoked command in '/home/asu/ika_ws/build/sllidar_ros2' returned '0': CMAKE_PREFIX_PATH=/opt/ros/humble /usr/bin/cmake --build /home/asu/ika_ws/build/sllidar_ros2 -- -j12 -l12
[0.837s] DEBUG:colcon.colcon_core.event_handler.log_command:Invoking command in '/home/asu/ika_ws/build/sllidar_ros2': CMAKE_PREFIX_PATH=/opt/ros/humble /usr/bin/cmake --install /home/asu/ika_ws/build/sllidar_ros2
[0.850s] Level 1:colcon.colcon_core.environment:create_environment_scripts_only(sllidar_ros2)
[0.850s] DEBUG:colcon.colcon_core.event_handler.log_command:Invoked command in '/home/asu/ika_ws/build/sllidar_ros2' returned '0': CMAKE_PREFIX_PATH=/opt/ros/humble /usr/bin/cmake --install /home/asu/ika_ws/build/sllidar_ros2
[0.855s] Level 1:colcon.colcon_core.environment:checking '/home/asu/ika_ws/install/sllidar_ros2' for CMake module files
[0.855s] Level 1:colcon.colcon_core.environment:checking '/home/asu/ika_ws/install/sllidar_ros2' for CMake config files
[0.856s] Level 1:colcon.colcon_core.shell:create_environment_hook('sllidar_ros2', 'cmake_prefix_path')
[0.856s] INFO:colcon.colcon_core.shell:Creating environment hook '/home/asu/ika_ws/install/sllidar_ros2/share/sllidar_ros2/hook/cmake_prefix_path.ps1'
[0.857s] INFO:colcon.colcon_core.shell:Creating environment descriptor '/home/asu/ika_ws/install/sllidar_ros2/share/sllidar_ros2/hook/cmake_prefix_path.dsv'
[0.857s] INFO:colcon.colcon_core.shell:Creating environment hook '/home/asu/ika_ws/install/sllidar_ros2/share/sllidar_ros2/hook/cmake_prefix_path.sh'
[0.857s] Level 1:colcon.colcon_core.environment:checking '/home/asu/ika_ws/install/sllidar_ros2/lib'
[0.857s] Level 1:colcon.colcon_core.environment:checking '/home/asu/ika_ws/install/sllidar_ros2/bin'
[0.858s] Level 1:colcon.colcon_core.environment:checking '/home/asu/ika_ws/install/sllidar_ros2/lib/pkgconfig/sllidar_ros2.pc'
[0.858s] Level 1:colcon.colcon_core.environment:checking '/home/asu/ika_ws/install/sllidar_ros2/lib/python3.10/site-packages'
[0.858s] Level 1:colcon.colcon_core.environment:checking '/home/asu/ika_ws/install/sllidar_ros2/bin'
[0.858s] INFO:colcon.colcon_core.shell:Creating package script '/home/asu/ika_ws/install/sllidar_ros2/share/sllidar_ros2/package.ps1'
[0.859s] INFO:colcon.colcon_core.shell:Creating package descriptor '/home/asu/ika_ws/install/sllidar_ros2/share/sllidar_ros2/package.dsv'
[0.859s] INFO:colcon.colcon_core.shell:Creating package script '/home/asu/ika_ws/install/sllidar_ros2/share/sllidar_ros2/package.sh'
[0.860s] INFO:colcon.colcon_core.shell:Creating package script '/home/asu/ika_ws/install/sllidar_ros2/share/sllidar_ros2/package.bash'
[0.861s] INFO:colcon.colcon_core.shell:Creating package script '/home/asu/ika_ws/install/sllidar_ros2/share/sllidar_ros2/package.zsh'
[0.862s] Level 1:colcon.colcon_core.environment:create_file_with_runtime_dependencies(/home/asu/ika_ws/install/sllidar_ros2/share/colcon-core/packages/sllidar_ros2)
[0.862s] Level 1:colcon.colcon_core.environment:create_environment_scripts_only(sllidar_ros2)
[0.862s] Level 1:colcon.colcon_core.environment:checking '/home/asu/ika_ws/install/sllidar_ros2' for CMake module files
[0.863s] Level 1:colcon.colcon_core.environment:checking '/home/asu/ika_ws/install/sllidar_ros2' for CMake config files
[0.863s] Level 1:colcon.colcon_core.shell:create_environment_hook('sllidar_ros2', 'cmake_prefix_path')
[0.863s] INFO:colcon.colcon_core.shell:Creating environment hook '/home/asu/ika_ws/install/sllidar_ros2/share/sllidar_ros2/hook/cmake_prefix_path.ps1'
[0.864s] INFO:colcon.colcon_core.shell:Creating environment descriptor '/home/asu/ika_ws/install/sllidar_ros2/share/sllidar_ros2/hook/cmake_prefix_path.dsv'
[0.864s] INFO:colcon.colcon_core.shell:Creating environment hook '/home/asu/ika_ws/install/sllidar_ros2/share/sllidar_ros2/hook/cmake_prefix_path.sh'
[0.864s] Level 1:colcon.colcon_core.environment:checking '/home/asu/ika_ws/install/sllidar_ros2/lib'
[0.864s] Level 1:colcon.colcon_core.environment:checking '/home/asu/ika_ws/install/sllidar_ros2/bin'
[0.864s] Level 1:colcon.colcon_core.environment:checking '/home/asu/ika_ws/install/sllidar_ros2/lib/pkgconfig/sllidar_ros2.pc'
[0.865s] Level 1:colcon.colcon_core.environment:checking '/home/asu/ika_ws/install/sllidar_ros2/lib/python3.10/site-packages'
[0.865s] Level 1:colcon.colcon_core.environment:checking '/home/asu/ika_ws/install/sllidar_ros2/bin'
[0.865s] INFO:colcon.colcon_core.shell:Creating package script '/home/asu/ika_ws/install/sllidar_ros2/share/sllidar_ros2/package.ps1'
[0.866s] INFO:colcon.colcon_core.shell:Creating package descriptor '/home/asu/ika_ws/install/sllidar_ros2/share/sllidar_ros2/package.dsv'
[0.866s] INFO:colcon.colcon_core.shell:Creating package script '/home/asu/ika_ws/install/sllidar_ros2/share/sllidar_ros2/package.sh'
[0.866s] INFO:colcon.colcon_core.shell:Creating package script '/home/asu/ika_ws/install/sllidar_ros2/share/sllidar_ros2/package.bash'
[0.867s] INFO:colcon.colcon_core.shell:Creating package script '/home/asu/ika_ws/install/sllidar_ros2/share/sllidar_ros2/package.zsh'
[0.867s] Level 1:colcon.colcon_core.environment:create_file_with_runtime_dependencies(/home/asu/ika_ws/install/sllidar_ros2/share/colcon-core/packages/sllidar_ros2)
[0.872s] DEBUG:colcon.colcon_core.event_handler.log_command:Invoked command in '/home/asu/ika_ws/build/realsense2_camera_msgs' returned '0': CMAKE_PREFIX_PATH=/opt/ros/humble /usr/bin/cmake --build /home/asu/ika_ws/build/realsense2_camera_msgs -- -j12 -l12
[0.874s] DEBUG:colcon.colcon_core.event_handler.log_command:Invoking command in '/home/asu/ika_ws/build/realsense2_camera_msgs': CMAKE_PREFIX_PATH=/opt/ros/humble /usr/bin/cmake --install /home/asu/ika_ws/build/realsense2_camera_msgs
[0.924s] Level 1:colcon.colcon_core.environment:create_environment_scripts_only(realsense2_camera_msgs)
[0.924s] Level 1:colcon.colcon_core.environment:checking '/home/asu/ika_ws/install/realsense2_camera_msgs' for CMake module files
[0.925s] DEBUG:colcon.colcon_core.event_handler.log_command:Invoked command in '/home/asu/ika_ws/build/realsense2_camera_msgs' returned '0': CMAKE_PREFIX_PATH=/opt/ros/humble /usr/bin/cmake --install /home/asu/ika_ws/build/realsense2_camera_msgs
[0.925s] Level 1:colcon.colcon_core.environment:checking '/home/asu/ika_ws/install/realsense2_camera_msgs' for CMake config files
[0.926s] Level 1:colcon.colcon_core.shell:create_environment_hook('realsense2_camera_msgs', 'cmake_prefix_path')
[0.926s] INFO:colcon.colcon_core.shell:Creating environment hook '/home/asu/ika_ws/install/realsense2_camera_msgs/share/realsense2_camera_msgs/hook/cmake_prefix_path.ps1'
[0.927s] INFO:colcon.colcon_core.shell:Creating environment descriptor '/home/asu/ika_ws/install/realsense2_camera_msgs/share/realsense2_camera_msgs/hook/cmake_prefix_path.dsv'
[0.927s] INFO:colcon.colcon_core.shell:Creating environment hook '/home/asu/ika_ws/install/realsense2_camera_msgs/share/realsense2_camera_msgs/hook/cmake_prefix_path.sh'
[0.928s] Level 1:colcon.colcon_core.environment:checking '/home/asu/ika_ws/install/realsense2_camera_msgs/lib'
[0.928s] Level 1:colcon.colcon_core.shell:create_environment_hook('realsense2_camera_msgs', 'ld_library_path_lib')
[0.928s] INFO:colcon.colcon_core.shell:Creating environment hook '/home/asu/ika_ws/install/realsense2_camera_msgs/share/realsense2_camera_msgs/hook/ld_library_path_lib.ps1'
[0.928s] INFO:colcon.colcon_core.shell:Creating environment descriptor '/home/asu/ika_ws/install/realsense2_camera_msgs/share/realsense2_camera_msgs/hook/ld_library_path_lib.dsv'
[0.929s] INFO:colcon.colcon_core.shell:Creating environment hook '/home/asu/ika_ws/install/realsense2_camera_msgs/share/realsense2_camera_msgs/hook/ld_library_path_lib.sh'
[0.929s] Level 1:colcon.colcon_core.environment:checking '/home/asu/ika_ws/install/realsense2_camera_msgs/bin'
[0.929s] Level 1:colcon.colcon_core.environment:checking '/home/asu/ika_ws/install/realsense2_camera_msgs/lib/pkgconfig/realsense2_camera_msgs.pc'
[0.929s] Level 1:colcon.colcon_core.environment:checking '/home/asu/ika_ws/install/realsense2_camera_msgs/lib/python3.10/site-packages'
[0.929s] Level 1:colcon.colcon_core.environment:checking '/home/asu/ika_ws/install/realsense2_camera_msgs/bin'
[0.930s] INFO:colcon.colcon_core.shell:Creating package script '/home/asu/ika_ws/install/realsense2_camera_msgs/share/realsense2_camera_msgs/package.ps1'
[0.930s] INFO:colcon.colcon_core.shell:Creating package descriptor '/home/asu/ika_ws/install/realsense2_camera_msgs/share/realsense2_camera_msgs/package.dsv'
[0.930s] INFO:colcon.colcon_core.shell:Creating package script '/home/asu/ika_ws/install/realsense2_camera_msgs/share/realsense2_camera_msgs/package.sh'
[0.931s] INFO:colcon.colcon_core.shell:Creating package script '/home/asu/ika_ws/install/realsense2_camera_msgs/share/realsense2_camera_msgs/package.bash'
[0.931s] INFO:colcon.colcon_core.shell:Creating package script '/home/asu/ika_ws/install/realsense2_camera_msgs/share/realsense2_camera_msgs/package.zsh'
[0.931s] Level 1:colcon.colcon_core.environment:create_file_with_runtime_dependencies(/home/asu/ika_ws/install/realsense2_camera_msgs/share/colcon-core/packages/realsense2_camera_msgs)
[0.932s] Level 1:colcon.colcon_core.environment:create_environment_scripts_only(realsense2_camera_msgs)
[0.932s] Level 1:colcon.colcon_core.environment:checking '/home/asu/ika_ws/install/realsense2_camera_msgs' for CMake module files
[0.933s] Level 1:colcon.colcon_core.environment:checking '/home/asu/ika_ws/install/realsense2_camera_msgs' for CMake config files
[0.933s] Level 1:colcon.colcon_core.shell:create_environment_hook('realsense2_camera_msgs', 'cmake_prefix_path')
[0.933s] INFO:colcon.colcon_core.shell:Creating environment hook '/home/asu/ika_ws/install/realsense2_camera_msgs/share/realsense2_camera_msgs/hook/cmake_prefix_path.ps1'
[0.934s] INFO:colcon.colcon_core.shell:Creating environment descriptor '/home/asu/ika_ws/install/realsense2_camera_msgs/share/realsense2_camera_msgs/hook/cmake_prefix_path.dsv'
[0.934s] INFO:colcon.colcon_core.shell:Creating environment hook '/home/asu/ika_ws/install/realsense2_camera_msgs/share/realsense2_camera_msgs/hook/cmake_prefix_path.sh'
[0.934s] Level 1:colcon.colcon_core.environment:checking '/home/asu/ika_ws/install/realsense2_camera_msgs/lib'
[0.934s] Level 1:colcon.colcon_core.shell:create_environment_hook('realsense2_camera_msgs', 'ld_library_path_lib')
[0.935s] INFO:colcon.colcon_core.shell:Creating environment hook '/home/asu/ika_ws/install/realsense2_camera_msgs/share/realsense2_camera_msgs/hook/ld_library_path_lib.ps1'
[0.935s] INFO:colcon.colcon_core.shell:Creating environment descriptor '/home/asu/ika_ws/install/realsense2_camera_msgs/share/realsense2_camera_msgs/hook/ld_library_path_lib.dsv'
[0.935s] INFO:colcon.colcon_core.shell:Creating environment hook '/home/asu/ika_ws/install/realsense2_camera_msgs/share/realsense2_camera_msgs/hook/ld_library_path_lib.sh'
[0.935s] Level 1:colcon.colcon_core.environment:checking '/home/asu/ika_ws/install/realsense2_camera_msgs/bin'
[0.935s] Level 1:colcon.colcon_core.environment:checking '/home/asu/ika_ws/install/realsense2_camera_msgs/lib/pkgconfig/realsense2_camera_msgs.pc'
[0.936s] Level 1:colcon.colcon_core.environment:checking '/home/asu/ika_ws/install/realsense2_camera_msgs/lib/python3.10/site-packages'
[0.936s] Level 1:colcon.colcon_core.environment:checking '/home/asu/ika_ws/install/realsense2_camera_msgs/bin'
[0.936s] INFO:colcon.colcon_core.shell:Creating package script '/home/asu/ika_ws/install/realsense2_camera_msgs/share/realsense2_camera_msgs/package.ps1'
[0.936s] INFO:colcon.colcon_core.shell:Creating package descriptor '/home/asu/ika_ws/install/realsense2_camera_msgs/share/realsense2_camera_msgs/package.dsv'
[0.937s] INFO:colcon.colcon_core.shell:Creating package script '/home/asu/ika_ws/install/realsense2_camera_msgs/share/realsense2_camera_msgs/package.sh'
[0.937s] INFO:colcon.colcon_core.shell:Creating package script '/home/asu/ika_ws/install/realsense2_camera_msgs/share/realsense2_camera_msgs/package.bash'
[0.937s] INFO:colcon.colcon_core.shell:Creating package script '/home/asu/ika_ws/install/realsense2_camera_msgs/share/realsense2_camera_msgs/package.zsh'
[0.938s] Level 1:colcon.colcon_core.environment:create_file_with_runtime_dependencies(/home/asu/ika_ws/install/realsense2_camera_msgs/share/colcon-core/packages/realsense2_camera_msgs)
[0.938s] INFO:colcon.colcon_ros.task.ament_cmake.build:Building ROS package in '/home/asu/ika_ws/src/realsense-ros/realsense2_camera' with build type 'ament_cmake'
[0.938s] INFO:colcon.colcon_cmake.task.cmake.build:Building CMake package in '/home/asu/ika_ws/src/realsense-ros/realsense2_camera'
[0.938s] INFO:colcon.colcon_core.shell:Skip shell extension 'powershell' for command environment: Not usable outside of PowerShell
[0.938s] DEBUG:colcon.colcon_core.shell:Skip shell extension 'dsv' for command environment
[0.941s] INFO:colcon.colcon_ros.task.ament_cmake.build:Building ROS package in '/home/asu/ika_ws/src/realsense-ros/realsense2_description' with build type 'ament_cmake'
[0.941s] INFO:colcon.colcon_cmake.task.cmake.build:Building CMake package in '/home/asu/ika_ws/src/realsense-ros/realsense2_description'
[0.941s] INFO:colcon.colcon_core.shell:Skip shell extension 'powershell' for command environment: Not usable outside of PowerShell
[0.941s] DEBUG:colcon.colcon_core.shell:Skip shell extension 'dsv' for command environment
[0.947s] DEBUG:colcon.colcon_core.event_handler.log_command:Invoking command in '/home/asu/ika_ws/build/realsense2_camera': AMENT_PREFIX_PATH=/home/asu/ika_ws/install/realsense2_camera_msgs:${AMENT_PREFIX_PATH} CMAKE_PREFIX_PATH=/home/asu/ika_ws/install/realsense2_camera_msgs:/opt/ros/humble LD_LIBRARY_PATH=/home/asu/ika_ws/install/realsense2_camera_msgs/lib:${LD_LIBRARY_PATH} PYTHONPATH=/home/asu/ika_ws/install/realsense2_camera_msgs/local/lib/python3.10/dist-packages:${PYTHONPATH} /usr/bin/cmake --build /home/asu/ika_ws/build/realsense2_camera -- -j12 -l12
[0.950s] DEBUG:colcon.colcon_core.event_handler.log_command:Invoking command in '/home/asu/ika_ws/build/realsense2_description': AMENT_PREFIX_PATH=/home/asu/ika_ws/install/realsense2_camera_msgs:${AMENT_PREFIX_PATH} CMAKE_PREFIX_PATH=/home/asu/ika_ws/install/realsense2_camera_msgs:/opt/ros/humble LD_LIBRARY_PATH=/home/asu/ika_ws/install/realsense2_camera_msgs/lib:${LD_LIBRARY_PATH} PYTHONPATH=/home/asu/ika_ws/install/realsense2_camera_msgs/local/lib/python3.10/dist-packages:${PYTHONPATH} /usr/bin/cmake --build /home/asu/ika_ws/build/realsense2_description -- -j12 -l12
[0.978s] DEBUG:colcon.colcon_core.event_handler.log_command:Invoked command in '/home/asu/ika_ws/build/realsense2_description' returned '0': AMENT_PREFIX_PATH=/home/asu/ika_ws/install/realsense2_camera_msgs:${AMENT_PREFIX_PATH} CMAKE_PREFIX_PATH=/home/asu/ika_ws/install/realsense2_camera_msgs:/opt/ros/humble LD_LIBRARY_PATH=/home/asu/ika_ws/install/realsense2_camera_msgs/lib:${LD_LIBRARY_PATH} PYTHONPATH=/home/asu/ika_ws/install/realsense2_camera_msgs/local/lib/python3.10/dist-packages:${PYTHONPATH} /usr/bin/cmake --build /home/asu/ika_ws/build/realsense2_description -- -j12 -l12
[0.979s] DEBUG:colcon.colcon_core.event_handler.log_command:Invoking command in '/home/asu/ika_ws/build/realsense2_description': AMENT_PREFIX_PATH=/home/asu/ika_ws/install/realsense2_camera_msgs:${AMENT_PREFIX_PATH} CMAKE_PREFIX_PATH=/home/asu/ika_ws/install/realsense2_camera_msgs:/opt/ros/humble LD_LIBRARY_PATH=/home/asu/ika_ws/install/realsense2_camera_msgs/lib:${LD_LIBRARY_PATH} PYTHONPATH=/home/asu/ika_ws/install/realsense2_camera_msgs/local/lib/python3.10/dist-packages:${PYTHONPATH} /usr/bin/cmake --install /home/asu/ika_ws/build/realsense2_description
[0.989s] Level 1:colcon.colcon_core.environment:create_environment_scripts_only(realsense2_description)
[0.989s] Level 1:colcon.colcon_core.environment:checking '/home/asu/ika_ws/install/realsense2_description' for CMake module files
[0.990s] DEBUG:colcon.colcon_core.event_handler.log_command:Invoked command in '/home/asu/ika_ws/build/realsense2_description' returned '0': AMENT_PREFIX_PATH=/home/asu/ika_ws/install/realsense2_camera_msgs:${AMENT_PREFIX_PATH} CMAKE_PREFIX_PATH=/home/asu/ika_ws/install/realsense2_camera_msgs:/opt/ros/humble LD_LIBRARY_PATH=/home/asu/ika_ws/install/realsense2_camera_msgs/lib:${LD_LIBRARY_PATH} PYTHONPATH=/home/asu/ika_ws/install/realsense2_camera_msgs/local/lib/python3.10/dist-packages:${PYTHONPATH} /usr/bin/cmake --install /home/asu/ika_ws/build/realsense2_description
[0.990s] Level 1:colcon.colcon_core.environment:checking '/home/asu/ika_ws/install/realsense2_description' for CMake config files
[0.990s] Level 1:colcon.colcon_core.shell:create_environment_hook('realsense2_description', 'cmake_prefix_path')
[0.990s] INFO:colcon.colcon_core.shell:Creating environment hook '/home/asu/ika_ws/install/realsense2_description/share/realsense2_description/hook/cmake_prefix_path.ps1'
[0.991s] INFO:colcon.colcon_core.shell:Creating environment descriptor '/home/asu/ika_ws/install/realsense2_description/share/realsense2_description/hook/cmake_prefix_path.dsv'
[0.991s] INFO:colcon.colcon_core.shell:Creating environment hook '/home/asu/ika_ws/install/realsense2_description/share/realsense2_description/hook/cmake_prefix_path.sh'
[0.992s] Level 1:colcon.colcon_core.environment:checking '/home/asu/ika_ws/install/realsense2_description/bin'
[0.992s] Level 1:colcon.colcon_core.environment:checking '/home/asu/ika_ws/install/realsense2_description/lib/pkgconfig/realsense2_description.pc'
[0.992s] Level 1:colcon.colcon_core.environment:checking '/home/asu/ika_ws/install/realsense2_description/lib/python3.10/site-packages'
[0.992s] Level 1:colcon.colcon_core.environment:checking '/home/asu/ika_ws/install/realsense2_description/bin'
[0.992s] INFO:colcon.colcon_core.shell:Creating package script '/home/asu/ika_ws/install/realsense2_description/share/realsense2_description/package.ps1'
[0.993s] INFO:colcon.colcon_core.shell:Creating package descriptor '/home/asu/ika_ws/install/realsense2_description/share/realsense2_description/package.dsv'
[0.993s] INFO:colcon.colcon_core.shell:Creating package script '/home/asu/ika_ws/install/realsense2_description/share/realsense2_description/package.sh'
[0.993s] INFO:colcon.colcon_core.shell:Creating package script '/home/asu/ika_ws/install/realsense2_description/share/realsense2_description/package.bash'
[0.993s] INFO:colcon.colcon_core.shell:Creating package script '/home/asu/ika_ws/install/realsense2_description/share/realsense2_description/package.zsh'
[0.994s] Level 1:colcon.colcon_core.environment:create_file_with_runtime_dependencies(/home/asu/ika_ws/install/realsense2_description/share/colcon-core/packages/realsense2_description)
[0.995s] Level 1:colcon.colcon_core.environment:create_environment_scripts_only(realsense2_description)
[0.995s] Level 1:colcon.colcon_core.environment:checking '/home/asu/ika_ws/install/realsense2_description' for CMake module files
[0.996s] Level 1:colcon.colcon_core.environment:checking '/home/asu/ika_ws/install/realsense2_description' for CMake config files
[0.996s] Level 1:colcon.colcon_core.shell:create_environment_hook('realsense2_description', 'cmake_prefix_path')
[0.996s] INFO:colcon.colcon_core.shell:Creating environment hook '/home/asu/ika_ws/install/realsense2_description/share/realsense2_description/hook/cmake_prefix_path.ps1'
[0.996s] INFO:colcon.colcon_core.shell:Creating environment descriptor '/home/asu/ika_ws/install/realsense2_description/share/realsense2_description/hook/cmake_prefix_path.dsv'
[0.997s] INFO:colcon.colcon_core.shell:Creating environment hook '/home/asu/ika_ws/install/realsense2_description/share/realsense2_description/hook/cmake_prefix_path.sh'
[0.997s] Level 1:colcon.colcon_core.environment:checking '/home/asu/ika_ws/install/realsense2_description/bin'
[0.997s] Level 1:colcon.colcon_core.environment:checking '/home/asu/ika_ws/install/realsense2_description/lib/pkgconfig/realsense2_description.pc'
[0.997s] Level 1:colcon.colcon_core.environment:checking '/home/asu/ika_ws/install/realsense2_description/lib/python3.10/site-packages'
[0.997s] Level 1:colcon.colcon_core.environment:checking '/home/asu/ika_ws/install/realsense2_description/bin'
[0.998s] INFO:colcon.colcon_core.shell:Creating package script '/home/asu/ika_ws/install/realsense2_description/share/realsense2_description/package.ps1'
[0.998s] INFO:colcon.colcon_core.shell:Creating package descriptor '/home/asu/ika_ws/install/realsense2_description/share/realsense2_description/package.dsv'
[0.998s] INFO:colcon.colcon_core.shell:Creating package script '/home/asu/ika_ws/install/realsense2_description/share/realsense2_description/package.sh'
[0.999s] INFO:colcon.colcon_core.shell:Creating package script '/home/asu/ika_ws/install/realsense2_description/share/realsense2_description/package.bash'
[0.999s] INFO:colcon.colcon_core.shell:Creating package script '/home/asu/ika_ws/install/realsense2_description/share/realsense2_description/package.zsh'
[0.999s] Level 1:colcon.colcon_core.environment:create_file_with_runtime_dependencies(/home/asu/ika_ws/install/realsense2_description/share/colcon-core/packages/realsense2_description)
[1.032s] DEBUG:colcon.colcon_core.event_handler.log_command:Invoked command in '/home/asu/ika_ws/build/realsense2_camera' returned '0': AMENT_PREFIX_PATH=/home/asu/ika_ws/install/realsense2_camera_msgs:${AMENT_PREFIX_PATH} CMAKE_PREFIX_PATH=/home/asu/ika_ws/install/realsense2_camera_msgs:/opt/ros/humble LD_LIBRARY_PATH=/home/asu/ika_ws/install/realsense2_camera_msgs/lib:${LD_LIBRARY_PATH} PYTHONPATH=/home/asu/ika_ws/install/realsense2_camera_msgs/local/lib/python3.10/dist-packages:${PYTHONPATH} /usr/bin/cmake --build /home/asu/ika_ws/build/realsense2_camera -- -j12 -l12
[1.034s] DEBUG:colcon.colcon_core.event_handler.log_command:Invoking command in '/home/asu/ika_ws/build/realsense2_camera': AMENT_PREFIX_PATH=/home/asu/ika_ws/install/realsense2_camera_msgs:${AMENT_PREFIX_PATH} CMAKE_PREFIX_PATH=/home/asu/ika_ws/install/realsense2_camera_msgs:/opt/ros/humble LD_LIBRARY_PATH=/home/asu/ika_ws/install/realsense2_camera_msgs/lib:${LD_LIBRARY_PATH} PYTHONPATH=/home/asu/ika_ws/install/realsense2_camera_msgs/local/lib/python3.10/dist-packages:${PYTHONPATH} /usr/bin/cmake --install /home/asu/ika_ws/build/realsense2_camera
[1.044s] Level 1:colcon.colcon_core.environment:create_environment_scripts_only(realsense2_camera)
[1.045s] Level 1:colcon.colcon_core.environment:checking '/home/asu/ika_ws/install/realsense2_camera' for CMake module files
[1.045s] DEBUG:colcon.colcon_core.event_handler.log_command:Invoked command in '/home/asu/ika_ws/build/realsense2_camera' returned '0': AMENT_PREFIX_PATH=/home/asu/ika_ws/install/realsense2_camera_msgs:${AMENT_PREFIX_PATH} CMAKE_PREFIX_PATH=/home/asu/ika_ws/install/realsense2_camera_msgs:/opt/ros/humble LD_LIBRARY_PATH=/home/asu/ika_ws/install/realsense2_camera_msgs/lib:${LD_LIBRARY_PATH} PYTHONPATH=/home/asu/ika_ws/install/realsense2_camera_msgs/local/lib/python3.10/dist-packages:${PYTHONPATH} /usr/bin/cmake --install /home/asu/ika_ws/build/realsense2_camera
[1.045s] Level 1:colcon.colcon_core.environment:checking '/home/asu/ika_ws/install/realsense2_camera' for CMake config files
[1.046s] Level 1:colcon.colcon_core.shell:create_environment_hook('realsense2_camera', 'cmake_prefix_path')
[1.046s] INFO:colcon.colcon_core.shell:Creating environment hook '/home/asu/ika_ws/install/realsense2_camera/share/realsense2_camera/hook/cmake_prefix_path.ps1'
[1.046s] INFO:colcon.colcon_core.shell:Creating environment descriptor '/home/asu/ika_ws/install/realsense2_camera/share/realsense2_camera/hook/cmake_prefix_path.dsv'
[1.047s] INFO:colcon.colcon_core.shell:Creating environment hook '/home/asu/ika_ws/install/realsense2_camera/share/realsense2_camera/hook/cmake_prefix_path.sh'
[1.047s] Level 1:colcon.colcon_core.environment:checking '/home/asu/ika_ws/install/realsense2_camera/lib'
[1.047s] Level 1:colcon.colcon_core.shell:create_environment_hook('realsense2_camera', 'ld_library_path_lib')
[1.047s] INFO:colcon.colcon_core.shell:Creating environment hook '/home/asu/ika_ws/install/realsense2_camera/share/realsense2_camera/hook/ld_library_path_lib.ps1'
[1.048s] INFO:colcon.colcon_core.shell:Creating environment descriptor '/home/asu/ika_ws/install/realsense2_camera/share/realsense2_camera/hook/ld_library_path_lib.dsv'
[1.048s] INFO:colcon.colcon_core.shell:Creating environment hook '/home/asu/ika_ws/install/realsense2_camera/share/realsense2_camera/hook/ld_library_path_lib.sh'
[1.048s] Level 1:colcon.colcon_core.environment:checking '/home/asu/ika_ws/install/realsense2_camera/bin'
[1.048s] Level 1:colcon.colcon_core.environment:checking '/home/asu/ika_ws/install/realsense2_camera/lib/pkgconfig/realsense2_camera.pc'
[1.048s] Level 1:colcon.colcon_core.environment:checking '/home/asu/ika_ws/install/realsense2_camera/lib/python3.10/site-packages'
[1.049s] Level 1:colcon.colcon_core.environment:checking '/home/asu/ika_ws/install/realsense2_camera/bin'
[1.049s] INFO:colcon.colcon_core.shell:Creating package script '/home/asu/ika_ws/install/realsense2_camera/share/realsense2_camera/package.ps1'
[1.049s] INFO:colcon.colcon_core.shell:Creating package descriptor '/home/asu/ika_ws/install/realsense2_camera/share/realsense2_camera/package.dsv'
[1.050s] INFO:colcon.colcon_core.shell:Creating package script '/home/asu/ika_ws/install/realsense2_camera/share/realsense2_camera/package.sh'
[1.050s] INFO:colcon.colcon_core.shell:Creating package script '/home/asu/ika_ws/install/realsense2_camera/share/realsense2_camera/package.bash'
[1.050s] INFO:colcon.colcon_core.shell:Creating package script '/home/asu/ika_ws/install/realsense2_camera/share/realsense2_camera/package.zsh'
[1.050s] Level 1:colcon.colcon_core.environment:create_file_with_runtime_dependencies(/home/asu/ika_ws/install/realsense2_camera/share/colcon-core/packages/realsense2_camera)
[1.051s] Level 1:colcon.colcon_core.environment:create_environment_scripts_only(realsense2_camera)
[1.051s] Level 1:colcon.colcon_core.environment:checking '/home/asu/ika_ws/install/realsense2_camera' for CMake module files
[1.051s] Level 1:colcon.colcon_core.environment:checking '/home/asu/ika_ws/install/realsense2_camera' for CMake config files
[1.052s] Level 1:colcon.colcon_core.shell:create_environment_hook('realsense2_camera', 'cmake_prefix_path')
[1.052s] INFO:colcon.colcon_core.shell:Creating environment hook '/home/asu/ika_ws/install/realsense2_camera/share/realsense2_camera/hook/cmake_prefix_path.ps1'
[1.052s] INFO:colcon.colcon_core.shell:Creating environment descriptor '/home/asu/ika_ws/install/realsense2_camera/share/realsense2_camera/hook/cmake_prefix_path.dsv'
[1.052s] INFO:colcon.colcon_core.shell:Creating environment hook '/home/asu/ika_ws/install/realsense2_camera/share/realsense2_camera/hook/cmake_prefix_path.sh'
[1.053s] Level 1:colcon.colcon_core.environment:checking '/home/asu/ika_ws/install/realsense2_camera/lib'
[1.053s] Level 1:colcon.colcon_core.shell:create_environment_hook('realsense2_camera', 'ld_library_path_lib')
[1.053s] INFO:colcon.colcon_core.shell:Creating environment hook '/home/asu/ika_ws/install/realsense2_camera/share/realsense2_camera/hook/ld_library_path_lib.ps1'
[1.053s] INFO:colcon.colcon_core.shell:Creating environment descriptor '/home/asu/ika_ws/install/realsense2_camera/share/realsense2_camera/hook/ld_library_path_lib.dsv'
[1.053s] INFO:colcon.colcon_core.shell:Creating environment hook '/home/asu/ika_ws/install/realsense2_camera/share/realsense2_camera/hook/ld_library_path_lib.sh'
[1.054s] Level 1:colcon.colcon_core.environment:checking '/home/asu/ika_ws/install/realsense2_camera/bin'
[1.054s] Level 1:colcon.colcon_core.environment:checking '/home/asu/ika_ws/install/realsense2_camera/lib/pkgconfig/realsense2_camera.pc'
[1.054s] Level 1:colcon.colcon_core.environment:checking '/home/asu/ika_ws/install/realsense2_camera/lib/python3.10/site-packages'
[1.054s] Level 1:colcon.colcon_core.environment:checking '/home/asu/ika_ws/install/realsense2_camera/bin'
[1.054s] INFO:colcon.colcon_core.shell:Creating package script '/home/asu/ika_ws/install/realsense2_camera/share/realsense2_camera/package.ps1'
[1.055s] INFO:colcon.colcon_core.shell:Creating package descriptor '/home/asu/ika_ws/install/realsense2_camera/share/realsense2_camera/package.dsv'
[1.055s] INFO:colcon.colcon_core.shell:Creating package script '/home/asu/ika_ws/install/realsense2_camera/share/realsense2_camera/package.sh'
[1.056s] INFO:colcon.colcon_core.shell:Creating package script '/home/asu/ika_ws/install/realsense2_camera/share/realsense2_camera/package.bash'
[1.056s] INFO:colcon.colcon_core.shell:Creating package script '/home/asu/ika_ws/install/realsense2_camera/share/realsense2_camera/package.zsh'
[1.056s] Level 1:colcon.colcon_core.environment:create_file_with_runtime_dependencies(/home/asu/ika_ws/install/realsense2_camera/share/colcon-core/packages/realsense2_camera)
[1.148s] DEBUG:colcon.colcon_core.event_handler.log_command:Invoking command in '/home/asu/ika_ws/src/camera_interface': PYTHONPATH=/home/asu/ika_ws/build/camera_interface/prefix_override:/usr/lib/python3/dist-packages/colcon_core/task/python/colcon_distutils_commands:/home/asu/ika_ws/install/camera_interface/lib/python3.10/site-packages:${PYTHONPATH} /usr/bin/python3 -W ignore:setup.py install is deprecated -W ignore:easy_install command is deprecated setup.py egg_info --egg-base ../../build/camera_interface build --build-base /home/asu/ika_ws/build/camera_interface/build install --record /home/asu/ika_ws/build/camera_interface/install.log --single-version-externally-managed install_data
[1.385s] Level 1:colcon.colcon_core.environment:checking '/home/asu/ika_ws/install/camera_interface' for CMake module files
[1.386s] DEBUG:colcon.colcon_core.event_handler.log_command:Invoked command in '/home/asu/ika_ws/src/camera_interface' returned '0': PYTHONPATH=/home/asu/ika_ws/build/camera_interface/prefix_override:/usr/lib/python3/dist-packages/colcon_core/task/python/colcon_distutils_commands:/home/asu/ika_ws/install/camera_interface/lib/python3.10/site-packages:${PYTHONPATH} /usr/bin/python3 -W ignore:setup.py install is deprecated -W ignore:easy_install command is deprecated setup.py egg_info --egg-base ../../build/camera_interface build --build-base /home/asu/ika_ws/build/camera_interface/build install --record /home/asu/ika_ws/build/camera_interface/install.log --single-version-externally-managed install_data
[1.386s] Level 1:colcon.colcon_core.environment:checking '/home/asu/ika_ws/install/camera_interface' for CMake config files
[1.387s] Level 1:colcon.colcon_core.environment:checking '/home/asu/ika_ws/install/camera_interface/lib'
[1.387s] Level 1:colcon.colcon_core.environment:checking '/home/asu/ika_ws/install/camera_interface/bin'
[1.387s] Level 1:colcon.colcon_core.environment:checking '/home/asu/ika_ws/install/camera_interface/lib/pkgconfig/camera_interface.pc'
[1.387s] Level 1:colcon.colcon_core.environment:checking '/home/asu/ika_ws/install/camera_interface/lib/python3.10/site-packages'
[1.387s] Level 1:colcon.colcon_core.shell:create_environment_hook('camera_interface', 'pythonpath')
[1.387s] INFO:colcon.colcon_core.shell:Creating environment hook '/home/asu/ika_ws/install/camera_interface/share/camera_interface/hook/pythonpath.ps1'
[1.388s] INFO:colcon.colcon_core.shell:Creating environment descriptor '/home/asu/ika_ws/install/camera_interface/share/camera_interface/hook/pythonpath.dsv'
[1.388s] INFO:colcon.colcon_core.shell:Creating environment hook '/home/asu/ika_ws/install/camera_interface/share/camera_interface/hook/pythonpath.sh'
[1.388s] Level 1:colcon.colcon_core.environment:checking '/home/asu/ika_ws/install/camera_interface/bin'
[1.388s] Level 1:colcon.colcon_core.environment:create_environment_scripts_only(camera_interface)
[1.389s] INFO:colcon.colcon_core.shell:Creating package script '/home/asu/ika_ws/install/camera_interface/share/camera_interface/package.ps1'
[1.389s] INFO:colcon.colcon_core.shell:Creating package descriptor '/home/asu/ika_ws/install/camera_interface/share/camera_interface/package.dsv'
[1.389s] INFO:colcon.colcon_core.shell:Creating package script '/home/asu/ika_ws/install/camera_interface/share/camera_interface/package.sh'
[1.390s] INFO:colcon.colcon_core.shell:Creating package script '/home/asu/ika_ws/install/camera_interface/share/camera_interface/package.bash'
[1.390s] INFO:colcon.colcon_core.shell:Creating package script '/home/asu/ika_ws/install/camera_interface/share/camera_interface/package.zsh'
[1.390s] Level 1:colcon.colcon_core.environment:create_file_with_runtime_dependencies(/home/asu/ika_ws/install/camera_interface/share/colcon-core/packages/camera_interface)
[1.390s] DEBUG:colcon.colcon_parallel_executor.executor.parallel:closing loop
[1.391s] DEBUG:colcon.colcon_parallel_executor.executor.parallel:loop closed
[1.391s] DEBUG:colcon.colcon_parallel_executor.executor.parallel:run_until_complete finished with '0'
[1.391s] DEBUG:colcon.colcon_core.event_reactor:joining thread
[1.396s] INFO:colcon.colcon_core.plugin_system:Skipping extension 'colcon_notification.desktop_notification.terminal_notifier': Not used on non-Darwin systems
[1.396s] INFO:colcon.colcon_core.plugin_system:Skipping extension 'colcon_notification.desktop_notification.win32': Not used on non-Windows systems
[1.396s] INFO:colcon.colcon_notification.desktop_notification:Sending desktop notification using 'notify2'
[1.411s] DEBUG:colcon.colcon_core.event_reactor:joined thread
[1.411s] INFO:colcon.colcon_core.shell:Creating prefix script '/home/asu/ika_ws/install/local_setup.ps1'
[1.412s] INFO:colcon.colcon_core.shell:Creating prefix util module '/home/asu/ika_ws/install/_local_setup_util_ps1.py'
[1.414s] INFO:colcon.colcon_core.shell:Creating prefix chain script '/home/asu/ika_ws/install/setup.ps1'
[1.415s] INFO:colcon.colcon_core.shell:Creating prefix script '/home/asu/ika_ws/install/local_setup.sh'
[1.415s] INFO:colcon.colcon_core.shell:Creating prefix util module '/home/asu/ika_ws/install/_local_setup_util_sh.py'
[1.416s] INFO:colcon.colcon_core.shell:Creating prefix chain script '/home/asu/ika_ws/install/setup.sh'
[1.417s] INFO:colcon.colcon_core.shell:Creating prefix script '/home/asu/ika_ws/install/local_setup.bash'
[1.418s] INFO:colcon.colcon_core.shell:Creating prefix chain script '/home/asu/ika_ws/install/setup.bash'
[1.418s] INFO:colcon.colcon_core.shell:Creating prefix script '/home/asu/ika_ws/install/local_setup.zsh'
[1.419s] INFO:colcon.colcon_core.shell:Creating prefix chain script '/home/asu/ika_ws/install/setup.zsh'
