[0.007s] Invoking command in '/home/asu/ika_ws/build/realsense2_description': AMENT_PREFIX_PATH=/home/asu/ika_ws/install/realsense2_camera_msgs:${AMENT_PREFIX_PATH} CMAKE_PREFIX_PATH=/home/asu/ika_ws/install/realsense2_camera_msgs:/opt/ros/humble LD_LIBRARY_PATH=/home/asu/ika_ws/install/realsense2_camera_msgs/lib:${LD_LIBRARY_PATH} PYTHONPATH=/home/asu/ika_ws/install/realsense2_camera_msgs/local/lib/python3.10/dist-packages:${PYTHONPATH} /usr/bin/cmake /home/asu/ika_ws/src/realsense-ros/realsense2_description -DCMAKE_INSTALL_PREFIX=/home/asu/ika_ws/install/realsense2_description
[0.047s] -- The C compiler identification is GNU 11.4.0
[0.091s] -- The CXX compiler identification is GNU 11.4.0
[0.097s] -- Detecting C compiler ABI info
[0.147s] -- Detecting C compiler ABI info - done
[0.157s] -- Check for working C compiler: /usr/bin/cc - skipped
[0.157s] -- Detecting C compile features
[0.157s] -- Detecting C compile features - done
[0.159s] -- Detecting CXX compiler ABI info
[0.220s] -- Detecting CXX compiler ABI info - done
[0.232s] -- Check for working CXX compiler: /usr/bin/c++ - skipped
[0.232s] -- Detecting CXX compile features
[0.232s] -- Detecting CXX compile features - done
[0.235s] -- Found ament_cmake: 1.3.11 (/opt/ros/humble/share/ament_cmake/cmake)
[0.359s] -- Found Python3: /usr/bin/python3 (found version "3.10.12") found components: Interpreter 
[0.485s] -- Configuring done
[0.487s] -- Generating done
[0.488s] -- Build files have been written to: /home/asu/ika_ws/build/realsense2_description
[0.493s] Invoked command in '/home/asu/ika_ws/build/realsense2_description' returned '0': AMENT_PREFIX_PATH=/home/asu/ika_ws/install/realsense2_camera_msgs:${AMENT_PREFIX_PATH} CMAKE_PREFIX_PATH=/home/asu/ika_ws/install/realsense2_camera_msgs:/opt/ros/humble LD_LIBRARY_PATH=/home/asu/ika_ws/install/realsense2_camera_msgs/lib:${LD_LIBRARY_PATH} PYTHONPATH=/home/asu/ika_ws/install/realsense2_camera_msgs/local/lib/python3.10/dist-packages:${PYTHONPATH} /usr/bin/cmake /home/asu/ika_ws/src/realsense-ros/realsense2_description -DCMAKE_INSTALL_PREFIX=/home/asu/ika_ws/install/realsense2_description
[0.494s] Invoking command in '/home/asu/ika_ws/build/realsense2_description': AMENT_PREFIX_PATH=/home/asu/ika_ws/install/realsense2_camera_msgs:${AMENT_PREFIX_PATH} CMAKE_PREFIX_PATH=/home/asu/ika_ws/install/realsense2_camera_msgs:/opt/ros/humble LD_LIBRARY_PATH=/home/asu/ika_ws/install/realsense2_camera_msgs/lib:${LD_LIBRARY_PATH} PYTHONPATH=/home/asu/ika_ws/install/realsense2_camera_msgs/local/lib/python3.10/dist-packages:${PYTHONPATH} /usr/bin/cmake --build /home/asu/ika_ws/build/realsense2_description -- -j12 -l12
[0.520s] Invoked command in '/home/asu/ika_ws/build/realsense2_description' returned '0': AMENT_PREFIX_PATH=/home/asu/ika_ws/install/realsense2_camera_msgs:${AMENT_PREFIX_PATH} CMAKE_PREFIX_PATH=/home/asu/ika_ws/install/realsense2_camera_msgs:/opt/ros/humble LD_LIBRARY_PATH=/home/asu/ika_ws/install/realsense2_camera_msgs/lib:${LD_LIBRARY_PATH} PYTHONPATH=/home/asu/ika_ws/install/realsense2_camera_msgs/local/lib/python3.10/dist-packages:${PYTHONPATH} /usr/bin/cmake --build /home/asu/ika_ws/build/realsense2_description -- -j12 -l12
[0.521s] Invoking command in '/home/asu/ika_ws/build/realsense2_description': AMENT_PREFIX_PATH=/home/asu/ika_ws/install/realsense2_camera_msgs:${AMENT_PREFIX_PATH} CMAKE_PREFIX_PATH=/home/asu/ika_ws/install/realsense2_camera_msgs:/opt/ros/humble LD_LIBRARY_PATH=/home/asu/ika_ws/install/realsense2_camera_msgs/lib:${LD_LIBRARY_PATH} PYTHONPATH=/home/asu/ika_ws/install/realsense2_camera_msgs/local/lib/python3.10/dist-packages:${PYTHONPATH} /usr/bin/cmake --install /home/asu/ika_ws/build/realsense2_description
[0.527s] -- Install configuration: ""
[0.527s] -- Installing: /home/asu/ika_ws/install/realsense2_description/share/realsense2_description/launch
[0.527s] -- Installing: /home/asu/ika_ws/install/realsense2_description/share/realsense2_description/launch/launch_utils.py
[0.528s] -- Installing: /home/asu/ika_ws/install/realsense2_description/share/realsense2_description/launch/view_model.launch.py
[0.528s] -- Installing: /home/asu/ika_ws/install/realsense2_description/share/realsense2_description/meshes
[0.528s] -- Installing: /home/asu/ika_ws/install/realsense2_description/share/realsense2_description/meshes/plug.stl
[0.529s] -- Installing: /home/asu/ika_ws/install/realsense2_description/share/realsense2_description/meshes/plug_collision.stl
[0.529s] -- Installing: /home/asu/ika_ws/install/realsense2_description/share/realsense2_description/meshes/l515.dae
[0.566s] -- Installing: /home/asu/ika_ws/install/realsense2_description/share/realsense2_description/meshes/d415.stl
[0.591s] -- Installing: /home/asu/ika_ws/install/realsense2_description/share/realsense2_description/meshes/d455.stl
[0.595s] -- Installing: /home/asu/ika_ws/install/realsense2_description/share/realsense2_description/meshes/d435.dae
[0.613s] -- Installing: /home/asu/ika_ws/install/realsense2_description/share/realsense2_description/rviz
[0.613s] -- Installing: /home/asu/ika_ws/install/realsense2_description/share/realsense2_description/rviz/urdf.rviz
[0.614s] -- Installing: /home/asu/ika_ws/install/realsense2_description/share/realsense2_description/urdf
[0.614s] -- Installing: /home/asu/ika_ws/install/realsense2_description/share/realsense2_description/urdf/_r410.urdf.xacro
[0.614s] -- Installing: /home/asu/ika_ws/install/realsense2_description/share/realsense2_description/urdf/test_d435_camera.urdf.xacro
[0.614s] -- Installing: /home/asu/ika_ws/install/realsense2_description/share/realsense2_description/urdf/_d435i.urdf.xacro
[0.614s] -- Installing: /home/asu/ika_ws/install/realsense2_description/share/realsense2_description/urdf/_d415.urdf.xacro
[0.614s] -- Installing: /home/asu/ika_ws/install/realsense2_description/share/realsense2_description/urdf/test_d455_camera.urdf.xacro
[0.615s] -- Installing: /home/asu/ika_ws/install/realsense2_description/share/realsense2_description/urdf/_usb_plug.urdf.xacro
[0.615s] -- Installing: /home/asu/ika_ws/install/realsense2_description/share/realsense2_description/urdf/_d435.urdf.xacro
[0.615s] -- Installing: /home/asu/ika_ws/install/realsense2_description/share/realsense2_description/urdf/test_l515_camera.urdf.xacro
[0.615s] -- Installing: /home/asu/ika_ws/install/realsense2_description/share/realsense2_description/urdf/test_d435_multiple_cameras.urdf.xacro
[0.615s] -- Installing: /home/asu/ika_ws/install/realsense2_description/share/realsense2_description/urdf/_d435i_imu_modules.urdf.xacro
[0.615s] -- Installing: /home/asu/ika_ws/install/realsense2_description/share/realsense2_description/urdf/test_r430_camera.urdf.xacro
[0.616s] -- Installing: /home/asu/ika_ws/install/realsense2_description/share/realsense2_description/urdf/test_r410_camera.urdf.xacro
[0.616s] -- Installing: /home/asu/ika_ws/install/realsense2_description/share/realsense2_description/urdf/_materials.urdf.xacro
[0.616s] -- Installing: /home/asu/ika_ws/install/realsense2_description/share/realsense2_description/urdf/_r430.urdf.xacro
[0.616s] -- Installing: /home/asu/ika_ws/install/realsense2_description/share/realsense2_description/urdf/test_d435i_camera.urdf.xacro
[0.616s] -- Installing: /home/asu/ika_ws/install/realsense2_description/share/realsense2_description/urdf/_l515.urdf.xacro
[0.617s] -- Installing: /home/asu/ika_ws/install/realsense2_description/share/realsense2_description/urdf/_d455.urdf.xacro
[0.617s] -- Installing: /home/asu/ika_ws/install/realsense2_description/share/realsense2_description/urdf/test_d415_camera.urdf.xacro
[0.617s] -- Installing: /home/asu/ika_ws/install/realsense2_description/share/ament_index/resource_index/package_run_dependencies/realsense2_description
[0.617s] -- Installing: /home/asu/ika_ws/install/realsense2_description/share/ament_index/resource_index/parent_prefix_path/realsense2_description
[0.617s] -- Installing: /home/asu/ika_ws/install/realsense2_description/share/realsense2_description/environment/ament_prefix_path.sh
[0.617s] -- Installing: /home/asu/ika_ws/install/realsense2_description/share/realsense2_description/environment/ament_prefix_path.dsv
[0.618s] -- Installing: /home/asu/ika_ws/install/realsense2_description/share/realsense2_description/environment/path.sh
[0.618s] -- Installing: /home/asu/ika_ws/install/realsense2_description/share/realsense2_description/environment/path.dsv
[0.618s] -- Installing: /home/asu/ika_ws/install/realsense2_description/share/realsense2_description/local_setup.bash
[0.618s] -- Installing: /home/asu/ika_ws/install/realsense2_description/share/realsense2_description/local_setup.sh
[0.618s] -- Installing: /home/asu/ika_ws/install/realsense2_description/share/realsense2_description/local_setup.zsh
[0.618s] -- Installing: /home/asu/ika_ws/install/realsense2_description/share/realsense2_description/local_setup.dsv
[0.618s] -- Installing: /home/asu/ika_ws/install/realsense2_description/share/realsense2_description/package.dsv
[0.618s] -- Installing: /home/asu/ika_ws/install/realsense2_description/share/ament_index/resource_index/packages/realsense2_description
[0.618s] -- Installing: /home/asu/ika_ws/install/realsense2_description/share/realsense2_description/cmake/realsense2_descriptionConfig.cmake
[0.618s] -- Installing: /home/asu/ika_ws/install/realsense2_description/share/realsense2_description/cmake/realsense2_descriptionConfig-version.cmake
[0.618s] -- Installing: /home/asu/ika_ws/install/realsense2_description/share/realsense2_description/package.xml
[0.620s] Invoked command in '/home/asu/ika_ws/build/realsense2_description' returned '0': AMENT_PREFIX_PATH=/home/asu/ika_ws/install/realsense2_camera_msgs:${AMENT_PREFIX_PATH} CMAKE_PREFIX_PATH=/home/asu/ika_ws/install/realsense2_camera_msgs:/opt/ros/humble LD_LIBRARY_PATH=/home/asu/ika_ws/install/realsense2_camera_msgs/lib:${LD_LIBRARY_PATH} PYTHONPATH=/home/asu/ika_ws/install/realsense2_camera_msgs/local/lib/python3.10/dist-packages:${PYTHONPATH} /usr/bin/cmake --install /home/asu/ika_ws/build/realsense2_description
