[0.613s] Invoking command in '/home/asu/ika_ws/src/camera_interface': PYTHONPATH=/home/asu/ika_ws/build/camera_interface/prefix_override:/usr/lib/python3/dist-packages/colcon_core/task/python/colcon_distutils_commands:/home/asu/ika_ws/install/camera_interface/lib/python3.10/site-packages:${PYTHONPATH} /usr/bin/python3 -W ignore:setup.py install is deprecated -W ignore:easy_install command is deprecated setup.py egg_info --egg-base ../../build/camera_interface build --build-base /home/asu/ika_ws/build/camera_interface/build install --record /home/asu/ika_ws/build/camera_interface/install.log --single-version-externally-managed install_data
[0.812s] running egg_info
[0.812s] creating ../../build/camera_interface/camera_interface.egg-info
[0.812s] writing ../../build/camera_interface/camera_interface.egg-info/PKG-INFO
[0.812s] writing dependency_links to ../../build/camera_interface/camera_interface.egg-info/dependency_links.txt
[0.813s] writing entry points to ../../build/camera_interface/camera_interface.egg-info/entry_points.txt
[0.813s] writing requirements to ../../build/camera_interface/camera_interface.egg-info/requires.txt
[0.813s] writing top-level names to ../../build/camera_interface/camera_interface.egg-info/top_level.txt
[0.813s] writing manifest file '../../build/camera_interface/camera_interface.egg-info/SOURCES.txt'
[0.814s] reading manifest file '../../build/camera_interface/camera_interface.egg-info/SOURCES.txt'
[0.815s] writing manifest file '../../build/camera_interface/camera_interface.egg-info/SOURCES.txt'
[0.816s] running build
[0.816s] running build_py
[0.816s] creating /home/asu/ika_ws/build/camera_interface/build
[0.816s] creating /home/asu/ika_ws/build/camera_interface/build/lib
[0.816s] creating /home/asu/ika_ws/build/camera_interface/build/lib/camera_interface
[0.816s] copying camera_interface/__init__.py -> /home/asu/ika_ws/build/camera_interface/build/lib/camera_interface
[0.816s] copying camera_interface/usb_cameras_node.py -> /home/asu/ika_ws/build/camera_interface/build/lib/camera_interface
[0.816s] copying camera_interface/camera_node.py -> /home/asu/ika_ws/build/camera_interface/build/lib/camera_interface
[0.816s] running install
[0.817s] running install_lib
[0.817s] creating /home/asu/ika_ws/install/camera_interface/lib/python3.10/site-packages/camera_interface
[0.817s] copying /home/asu/ika_ws/build/camera_interface/build/lib/camera_interface/__init__.py -> /home/asu/ika_ws/install/camera_interface/lib/python3.10/site-packages/camera_interface
[0.817s] copying /home/asu/ika_ws/build/camera_interface/build/lib/camera_interface/usb_cameras_node.py -> /home/asu/ika_ws/install/camera_interface/lib/python3.10/site-packages/camera_interface
[0.817s] copying /home/asu/ika_ws/build/camera_interface/build/lib/camera_interface/camera_node.py -> /home/asu/ika_ws/install/camera_interface/lib/python3.10/site-packages/camera_interface
[0.818s] byte-compiling /home/asu/ika_ws/install/camera_interface/lib/python3.10/site-packages/camera_interface/__init__.py to __init__.cpython-310.pyc
[0.818s] byte-compiling /home/asu/ika_ws/install/camera_interface/lib/python3.10/site-packages/camera_interface/usb_cameras_node.py to usb_cameras_node.cpython-310.pyc
[0.818s] byte-compiling /home/asu/ika_ws/install/camera_interface/lib/python3.10/site-packages/camera_interface/camera_node.py to camera_node.cpython-310.pyc
[0.819s] running install_data
[0.819s] creating /home/asu/ika_ws/install/camera_interface/share/ament_index
[0.819s] creating /home/asu/ika_ws/install/camera_interface/share/ament_index/resource_index
[0.819s] creating /home/asu/ika_ws/install/camera_interface/share/ament_index/resource_index/packages
[0.819s] copying resource/camera_interface -> /home/asu/ika_ws/install/camera_interface/share/ament_index/resource_index/packages
[0.820s] copying package.xml -> /home/asu/ika_ws/install/camera_interface/share/camera_interface
[0.820s] running install_egg_info
[0.821s] Copying ../../build/camera_interface/camera_interface.egg-info to /home/asu/ika_ws/install/camera_interface/lib/python3.10/site-packages/camera_interface-0.0.0-py3.10.egg-info
[0.821s] running install_scripts
[0.838s] Installing usb_cams script to /home/asu/ika_ws/install/camera_interface/lib/camera_interface
[0.839s] Installing view script to /home/asu/ika_ws/install/camera_interface/lib/camera_interface
[0.839s] writing list of installed files to '/home/asu/ika_ws/build/camera_interface/install.log'
[0.862s] Invoked command in '/home/asu/ika_ws/src/camera_interface' returned '0': PYTHONPATH=/home/asu/ika_ws/build/camera_interface/prefix_override:/usr/lib/python3/dist-packages/colcon_core/task/python/colcon_distutils_commands:/home/asu/ika_ws/install/camera_interface/lib/python3.10/site-packages:${PYTHONPATH} /usr/bin/python3 -W ignore:setup.py install is deprecated -W ignore:easy_install command is deprecated setup.py egg_info --egg-base ../../build/camera_interface build --build-base /home/asu/ika_ws/build/camera_interface/build install --record /home/asu/ika_ws/build/camera_interface/install.log --single-version-externally-managed install_data
